[ 2017-03-09T19:12:20+08:00 ] 127.0.0.1 /Index.php/Home/User/ajax_chk_login.html
INFO: [ app_init ] --START--
INFO: Run Behavior\BuildLiteBehavior [ RunTime:0.000000s ]
INFO: [ app_init ] --END-- [ RunTime:0.001001s ]
INFO: [ app_begin ] --START--
INFO: Run Behavior\ReadHtmlCacheBehavior [ RunTime:0.000000s ]
INFO: [ app_begin ] --END-- [ RunTime:0.000000s ]
INFO: [ app_end ] --START--
INFO: Run Behavior\ShowPageTraceBehavior [ RunTime:0.001000s ]
INFO: [ app_end ] --END-- [ RunTime:0.001000s ]

[ 2017-03-09T19:12:35+08:00 ] 127.0.0.1 /Index.php/Home/Search/cat_search/cat_id/16/brand_id/6-%E5%AE%8F%E7%A2%81%EF%BC%88acer%EF%BC%89
INFO: [ app_init ] --START--
INFO: Run Behavior\BuildLiteBehavior [ RunTime:0.000000s ]
INFO: [ app_init ] --END-- [ RunTime:0.000000s ]
INFO: [ app_begin ] --START--
INFO: Run Behavior\ReadHtmlCacheBehavior [ RunTime:0.000000s ]
INFO: [ app_begin ] --END-- [ RunTime:0.000000s ]
NOTIC: [2048] Declaration of Admin\Model\CategoryModel::_after_insert() should be compatible with Think\Model::_after_insert($data, $options) D:\phpStudy\WWW\0220\shop\Application\Admin\Model\CategoryModel.class.php 第 4 行.
NOTIC: [2048] Declaration of Admin\Model\CategoryModel::_after_delete() should be compatible with Think\Model::_after_delete($data, $options) D:\phpStudy\WWW\0220\shop\Application\Admin\Model\CategoryModel.class.php 第 4 行.
SQL: SHOW COLUMNS FROM `mgs_category` [ RunTime:0.005001s ]
NOTIC: [2048] Declaration of Admin\Model\GoodsModel::_after_insert() should be compatible with Think\Model::_after_insert($data, $options) D:\phpStudy\WWW\0220\shop\Application\Admin\Model\GoodsModel.class.php 第 511 行.
SQL: SHOW COLUMNS FROM `mgs_goods` [ RunTime:0.005000s ]
SQL: SELECT * FROM `mgs_category`  [ RunTime:0.001000s ]
SQL: SELECT `id` FROM `mgs_goods` WHERE `cat_id` IN ('16')  [ RunTime:0.000000s ]
SQL: SHOW COLUMNS FROM `mgs_goodscat` [ RunTime:0.007001s ]
SQL: SELECT DISTINCT goods_id id FROM `mgs_goodscat` WHERE `cat_id` IN ('16')  [ RunTime:0.001000s ]
SQL: SELECT DISTINCT b.brand_name,b.id,b.logo FROM mgs_goods a left join mgs_brand b on a.brand_id=b.id   WHERE a.id IN ('54','62','71') AND a.brand_id <> 0 AND a.is_on_sale = '是' ORDER BY a.sort_num asc  [ RunTime:0.001000s ]
SQL: SELECT max(shop_price) max_price,min(shop_price) min_price FROM `mgs_goods` WHERE `id` IN ('54','62','71')  [ RunTime:0.001000s ]
NOTIC: D方法实例化没找到模型类Admin\Model\GoodsattrModel
SQL: SHOW COLUMNS FROM `mgs_goodsattr` [ RunTime:0.005000s ]
SQL: SELECT distinct(a.attr_value),a.attr_id,b.attr_name FROM mgs_goodsattr a left join mgs_attribute b on a.attr_id=b.id  WHERE `goods_id` IN ('54','62','71') GROUP BY a.attr_value  [ RunTime:0.001000s ]
INFO: [ view_parse ] --START--
INFO: [ template_filter ] --START--
INFO: Run Behavior\ContentReplaceBehavior [ RunTime:0.000000s ]
INFO: [ template_filter ] --END-- [ RunTime:0.000000s ]
NOTIC: [8] Undefined index: children D:\phpStudy\WWW\0220\shop\Application\Runtime\Cache\Home\80afe00afd4a0f9452d05a2b0db4cef5.php 第 154 行.
NOTIC: [2] Invalid argument supplied for foreach() D:\phpStudy\WWW\0220\shop\Application\Runtime\Cache\Home\80afe00afd4a0f9452d05a2b0db4cef5.php 第 154 行.
NOTIC: [8] Undefined index: children D:\phpStudy\WWW\0220\shop\Application\Runtime\Cache\Home\80afe00afd4a0f9452d05a2b0db4cef5.php 第 154 行.
NOTIC: [2] Invalid argument supplied for foreach() D:\phpStudy\WWW\0220\shop\Application\Runtime\Cache\Home\80afe00afd4a0f9452d05a2b0db4cef5.php 第 154 行.
NOTIC: [8] Undefined index: children D:\phpStudy\WWW\0220\shop\Application\Runtime\Cache\Home\80afe00afd4a0f9452d05a2b0db4cef5.php 第 154 行.
NOTIC: [2] Invalid argument supplied for foreach() D:\phpStudy\WWW\0220\shop\Application\Runtime\Cache\Home\80afe00afd4a0f9452d05a2b0db4cef5.php 第 154 行.
NOTIC: [8] Undefined index: children D:\phpStudy\WWW\0220\shop\Application\Runtime\Cache\Home\80afe00afd4a0f9452d05a2b0db4cef5.php 第 154 行.
NOTIC: [2] Invalid argument supplied for foreach() D:\phpStudy\WWW\0220\shop\Application\Runtime\Cache\Home\80afe00afd4a0f9452d05a2b0db4cef5.php 第 154 行.
NOTIC: [8] Undefined index: children D:\phpStudy\WWW\0220\shop\Application\Runtime\Cache\Home\80afe00afd4a0f9452d05a2b0db4cef5.php 第 154 行.
NOTIC: [2] Invalid argument supplied for foreach() D:\phpStudy\WWW\0220\shop\Application\Runtime\Cache\Home\80afe00afd4a0f9452d05a2b0db4cef5.php 第 154 行.
NOTIC: [8] Undefined index: children D:\phpStudy\WWW\0220\shop\Application\Runtime\Cache\Home\80afe00afd4a0f9452d05a2b0db4cef5.php 第 154 行.
NOTIC: [2] Invalid argument supplied for foreach() D:\phpStudy\WWW\0220\shop\Application\Runtime\Cache\Home\80afe00afd4a0f9452d05a2b0db4cef5.php 第 154 行.
NOTIC: [8] Undefined index: children D:\phpStudy\WWW\0220\shop\Application\Runtime\Cache\Home\80afe00afd4a0f9452d05a2b0db4cef5.php 第 154 行.
NOTIC: [2] Invalid argument supplied for foreach() D:\phpStudy\WWW\0220\shop\Application\Runtime\Cache\Home\80afe00afd4a0f9452d05a2b0db4cef5.php 第 154 行.
NOTIC: [8] Undefined index: children D:\phpStudy\WWW\0220\shop\Application\Runtime\Cache\Home\80afe00afd4a0f9452d05a2b0db4cef5.php 第 154 行.
NOTIC: [2] Invalid argument supplied for foreach() D:\phpStudy\WWW\0220\shop\Application\Runtime\Cache\Home\80afe00afd4a0f9452d05a2b0db4cef5.php 第 154 行.
NOTIC: [8] Undefined index: children D:\phpStudy\WWW\0220\shop\Application\Runtime\Cache\Home\80afe00afd4a0f9452d05a2b0db4cef5.php 第 154 行.
NOTIC: [2] Invalid argument supplied for foreach() D:\phpStudy\WWW\0220\shop\Application\Runtime\Cache\Home\80afe00afd4a0f9452d05a2b0db4cef5.php 第 154 行.
NOTIC: [8] Undefined index: children D:\phpStudy\WWW\0220\shop\Application\Runtime\Cache\Home\80afe00afd4a0f9452d05a2b0db4cef5.php 第 154 行.
NOTIC: [2] Invalid argument supplied for foreach() D:\phpStudy\WWW\0220\shop\Application\Runtime\Cache\Home\80afe00afd4a0f9452d05a2b0db4cef5.php 第 154 行.
NOTIC: [8] Undefined index: children D:\phpStudy\WWW\0220\shop\Application\Runtime\Cache\Home\80afe00afd4a0f9452d05a2b0db4cef5.php 第 154 行.
NOTIC: [2] Invalid argument supplied for foreach() D:\phpStudy\WWW\0220\shop\Application\Runtime\Cache\Home\80afe00afd4a0f9452d05a2b0db4cef5.php 第 154 行.
NOTIC: [8] Undefined index: children D:\phpStudy\WWW\0220\shop\Application\Runtime\Cache\Home\80afe00afd4a0f9452d05a2b0db4cef5.php 第 154 行.
NOTIC: [2] Invalid argument supplied for foreach() D:\phpStudy\WWW\0220\shop\Application\Runtime\Cache\Home\80afe00afd4a0f9452d05a2b0db4cef5.php 第 154 行.
NOTIC: [8] Undefined index: children D:\phpStudy\WWW\0220\shop\Application\Runtime\Cache\Home\80afe00afd4a0f9452d05a2b0db4cef5.php 第 154 行.
NOTIC: [2] Invalid argument supplied for foreach() D:\phpStudy\WWW\0220\shop\Application\Runtime\Cache\Home\80afe00afd4a0f9452d05a2b0db4cef5.php 第 154 行.
NOTIC: [8] Undefined index: children D:\phpStudy\WWW\0220\shop\Application\Runtime\Cache\Home\80afe00afd4a0f9452d05a2b0db4cef5.php 第 150 行.
NOTIC: [2] Invalid argument supplied for foreach() D:\phpStudy\WWW\0220\shop\Application\Runtime\Cache\Home\80afe00afd4a0f9452d05a2b0db4cef5.php 第 150 行.
NOTIC: [8] Undefined index: children D:\phpStudy\WWW\0220\shop\Application\Runtime\Cache\Home\80afe00afd4a0f9452d05a2b0db4cef5.php 第 150 行.
NOTIC: [2] Invalid argument supplied for foreach() D:\phpStudy\WWW\0220\shop\Application\Runtime\Cache\Home\80afe00afd4a0f9452d05a2b0db4cef5.php 第 150 行.
NOTIC: [8] Undefined index: children D:\phpStudy\WWW\0220\shop\Application\Runtime\Cache\Home\80afe00afd4a0f9452d05a2b0db4cef5.php 第 150 行.
NOTIC: [2] Invalid argument supplied for foreach() D:\phpStudy\WWW\0220\shop\Application\Runtime\Cache\Home\80afe00afd4a0f9452d05a2b0db4cef5.php 第 150 行.
NOTIC: [8] Undefined index: children D:\phpStudy\WWW\0220\shop\Application\Runtime\Cache\Home\80afe00afd4a0f9452d05a2b0db4cef5.php 第 150 行.
NOTIC: [2] Invalid argument supplied for foreach() D:\phpStudy\WWW\0220\shop\Application\Runtime\Cache\Home\80afe00afd4a0f9452d05a2b0db4cef5.php 第 150 行.
NOTIC: [8] Undefined index: children D:\phpStudy\WWW\0220\shop\Application\Runtime\Cache\Home\80afe00afd4a0f9452d05a2b0db4cef5.php 第 150 行.
NOTIC: [2] Invalid argument supplied for foreach() D:\phpStudy\WWW\0220\shop\Application\Runtime\Cache\Home\80afe00afd4a0f9452d05a2b0db4cef5.php 第 150 行.
NOTIC: [8] Undefined index: children D:\phpStudy\WWW\0220\shop\Application\Runtime\Cache\Home\80afe00afd4a0f9452d05a2b0db4cef5.php 第 150 行.
NOTIC: [2] Invalid argument supplied for foreach() D:\phpStudy\WWW\0220\shop\Application\Runtime\Cache\Home\80afe00afd4a0f9452d05a2b0db4cef5.php 第 150 行.
NOTIC: [8] Undefined index: children D:\phpStudy\WWW\0220\shop\Application\Runtime\Cache\Home\80afe00afd4a0f9452d05a2b0db4cef5.php 第 150 行.
NOTIC: [2] Invalid argument supplied for foreach() D:\phpStudy\WWW\0220\shop\Application\Runtime\Cache\Home\80afe00afd4a0f9452d05a2b0db4cef5.php 第 150 行.
NOTIC: [8] Undefined index: children D:\phpStudy\WWW\0220\shop\Application\Runtime\Cache\Home\80afe00afd4a0f9452d05a2b0db4cef5.php 第 150 行.
NOTIC: [2] Invalid argument supplied for foreach() D:\phpStudy\WWW\0220\shop\Application\Runtime\Cache\Home\80afe00afd4a0f9452d05a2b0db4cef5.php 第 150 行.
INFO: Run Behavior\ParseTemplateBehavior [ RunTime:0.018001s ]
INFO: [ view_parse ] --END-- [ RunTime:0.018001s ]
INFO: [ view_filter ] --START--
INFO: Run Behavior\WriteHtmlCacheBehavior [ RunTime:0.000000s ]
INFO: [ view_filter ] --END-- [ RunTime:0.000000s ]
INFO: [ app_end ] --START--
INFO: Run Behavior\ShowPageTraceBehavior [ RunTime:0.000000s ]
INFO: [ app_end ] --END-- [ RunTime:0.000000s ]

[ 2017-03-09T19:12:35+08:00 ] 127.0.0.1 /Index.php/Home/User/ajax_chk_login.html
INFO: [ app_init ] --START--
INFO: Run Behavior\BuildLiteBehavior [ RunTime:0.000000s ]
INFO: [ app_init ] --END-- [ RunTime:0.000000s ]
INFO: [ app_begin ] --START--
INFO: Run Behavior\ReadHtmlCacheBehavior [ RunTime:0.001000s ]
INFO: [ app_begin ] --END-- [ RunTime:0.001000s ]
INFO: [ app_end ] --START--
INFO: Run Behavior\ShowPageTraceBehavior [ RunTime:0.000000s ]
INFO: [ app_end ] --END-- [ RunTime:0.000000s ]

[ 2017-03-09T19:12:43+08:00 ] 127.0.0.1 /Index.php/Home/Search/cat_search/cat_id/16/brand_id/6-%E5%AE%8F%E7%A2%81%EF%BC%88acer%EF%BC%89
INFO: [ app_init ] --START--
INFO: Run Behavior\BuildLiteBehavior [ RunTime:0.000000s ]
INFO: [ app_init ] --END-- [ RunTime:0.000000s ]
INFO: [ app_begin ] --START--
INFO: Run Behavior\ReadHtmlCacheBehavior [ RunTime:0.001000s ]
INFO: [ app_begin ] --END-- [ RunTime:0.001000s ]
NOTIC: [2048] Declaration of Admin\Model\CategoryModel::_after_insert() should be compatible with Think\Model::_after_insert($data, $options) D:\phpStudy\WWW\0220\shop\Application\Admin\Model\CategoryModel.class.php 第 4 行.
NOTIC: [2048] Declaration of Admin\Model\CategoryModel::_after_delete() should be compatible with Think\Model::_after_delete($data, $options) D:\phpStudy\WWW\0220\shop\Application\Admin\Model\CategoryModel.class.php 第 4 行.
SQL: SHOW COLUMNS FROM `mgs_category` [ RunTime:0.004000s ]
NOTIC: [2048] Declaration of Admin\Model\GoodsModel::_after_insert() should be compatible with Think\Model::_after_insert($data, $options) D:\phpStudy\WWW\0220\shop\Application\Admin\Model\GoodsModel.class.php 第 511 行.
SQL: SHOW COLUMNS FROM `mgs_goods` [ RunTime:0.006001s ]
SQL: SELECT * FROM `mgs_category`  [ RunTime:0.000000s ]
SQL: SELECT `id` FROM `mgs_goods` WHERE `cat_id` IN ('16')  [ RunTime:0.000000s ]
SQL: SHOW COLUMNS FROM `mgs_goodscat` [ RunTime:0.004000s ]
SQL: SELECT DISTINCT goods_id id FROM `mgs_goodscat` WHERE `cat_id` IN ('16')  [ RunTime:0.000000s ]
SQL: SELECT DISTINCT b.brand_name,b.id,b.logo FROM mgs_goods a left join mgs_brand b on a.brand_id=b.id   WHERE a.id IN ('54','62','71') AND a.brand_id <> 0 AND a.is_on_sale = '是' ORDER BY a.sort_num asc  [ RunTime:0.000000s ]
SQL: SELECT max(shop_price) max_price,min(shop_price) min_price FROM `mgs_goods` WHERE `id` IN ('54','62','71')  [ RunTime:0.001000s ]
NOTIC: D方法实例化没找到模型类Admin\Model\GoodsattrModel
SQL: SHOW COLUMNS FROM `mgs_goodsattr` [ RunTime:0.005000s ]
SQL: SELECT distinct(a.attr_value),a.attr_id,b.attr_name FROM mgs_goodsattr a left join mgs_attribute b on a.attr_id=b.id  WHERE `goods_id` IN ('54','62','71') GROUP BY a.attr_value  [ RunTime:0.001001s ]
INFO: [ view_parse ] --START--
INFO: [ template_filter ] --START--
INFO: Run Behavior\ContentReplaceBehavior [ RunTime:0.000000s ]
INFO: [ template_filter ] --END-- [ RunTime:0.000000s ]
NOTIC: [8] Undefined index: children D:\phpStudy\WWW\0220\shop\Application\Runtime\Cache\Home\80afe00afd4a0f9452d05a2b0db4cef5.php 第 154 行.
NOTIC: [2] Invalid argument supplied for foreach() D:\phpStudy\WWW\0220\shop\Application\Runtime\Cache\Home\80afe00afd4a0f9452d05a2b0db4cef5.php 第 154 行.
NOTIC: [8] Undefined index: children D:\phpStudy\WWW\0220\shop\Application\Runtime\Cache\Home\80afe00afd4a0f9452d05a2b0db4cef5.php 第 154 行.
NOTIC: [2] Invalid argument supplied for foreach() D:\phpStudy\WWW\0220\shop\Application\Runtime\Cache\Home\80afe00afd4a0f9452d05a2b0db4cef5.php 第 154 行.
NOTIC: [8] Undefined index: children D:\phpStudy\WWW\0220\shop\Application\Runtime\Cache\Home\80afe00afd4a0f9452d05a2b0db4cef5.php 第 154 行.
NOTIC: [2] Invalid argument supplied for foreach() D:\phpStudy\WWW\0220\shop\Application\Runtime\Cache\Home\80afe00afd4a0f9452d05a2b0db4cef5.php 第 154 行.
NOTIC: [8] Undefined index: children D:\phpStudy\WWW\0220\shop\Application\Runtime\Cache\Home\80afe00afd4a0f9452d05a2b0db4cef5.php 第 154 行.
NOTIC: [2] Invalid argument supplied for foreach() D:\phpStudy\WWW\0220\shop\Application\Runtime\Cache\Home\80afe00afd4a0f9452d05a2b0db4cef5.php 第 154 行.
NOTIC: [8] Undefined index: children D:\phpStudy\WWW\0220\shop\Application\Runtime\Cache\Home\80afe00afd4a0f9452d05a2b0db4cef5.php 第 154 行.
NOTIC: [2] Invalid argument supplied for foreach() D:\phpStudy\WWW\0220\shop\Application\Runtime\Cache\Home\80afe00afd4a0f9452d05a2b0db4cef5.php 第 154 行.
NOTIC: [8] Undefined index: children D:\phpStudy\WWW\0220\shop\Application\Runtime\Cache\Home\80afe00afd4a0f9452d05a2b0db4cef5.php 第 154 行.
NOTIC: [2] Invalid argument supplied for foreach() D:\phpStudy\WWW\0220\shop\Application\Runtime\Cache\Home\80afe00afd4a0f9452d05a2b0db4cef5.php 第 154 行.
NOTIC: [8] Undefined index: children D:\phpStudy\WWW\0220\shop\Application\Runtime\Cache\Home\80afe00afd4a0f9452d05a2b0db4cef5.php 第 154 行.
NOTIC: [2] Invalid argument supplied for foreach() D:\phpStudy\WWW\0220\shop\Application\Runtime\Cache\Home\80afe00afd4a0f9452d05a2b0db4cef5.php 第 154 行.
NOTIC: [8] Undefined index: children D:\phpStudy\WWW\0220\shop\Application\Runtime\Cache\Home\80afe00afd4a0f9452d05a2b0db4cef5.php 第 154 行.
NOTIC: [2] Invalid argument supplied for foreach() D:\phpStudy\WWW\0220\shop\Application\Runtime\Cache\Home\80afe00afd4a0f9452d05a2b0db4cef5.php 第 154 行.
NOTIC: [8] Undefined index: children D:\phpStudy\WWW\0220\shop\Application\Runtime\Cache\Home\80afe00afd4a0f9452d05a2b0db4cef5.php 第 154 行.
NOTIC: [2] Invalid argument supplied for foreach() D:\phpStudy\WWW\0220\shop\Application\Runtime\Cache\Home\80afe00afd4a0f9452d05a2b0db4cef5.php 第 154 行.
NOTIC: [8] Undefined index: children D:\phpStudy\WWW\0220\shop\Application\Runtime\Cache\Home\80afe00afd4a0f9452d05a2b0db4cef5.php 第 154 行.
NOTIC: [2] Invalid argument supplied for foreach() D:\phpStudy\WWW\0220\shop\Application\Runtime\Cache\Home\80afe00afd4a0f9452d05a2b0db4cef5.php 第 154 行.
NOTIC: [8] Undefined index: children D:\phpStudy\WWW\0220\shop\Application\Runtime\Cache\Home\80afe00afd4a0f9452d05a2b0db4cef5.php 第 154 行.
NOTIC: [2] Invalid argument supplied for foreach() D:\phpStudy\WWW\0220\shop\Application\Runtime\Cache\Home\80afe00afd4a0f9452d05a2b0db4cef5.php 第 154 行.
NOTIC: [8] Undefined index: children D:\phpStudy\WWW\0220\shop\Application\Runtime\Cache\Home\80afe00afd4a0f9452d05a2b0db4cef5.php 第 154 行.
NOTIC: [2] Invalid argument supplied for foreach() D:\phpStudy\WWW\0220\shop\Application\Runtime\Cache\Home\80afe00afd4a0f9452d05a2b0db4cef5.php 第 154 行.
NOTIC: [8] Undefined index: children D:\phpStudy\WWW\0220\shop\Application\Runtime\Cache\Home\80afe00afd4a0f9452d05a2b0db4cef5.php 第 154 行.
NOTIC: [2] Invalid argument supplied for foreach() D:\phpStudy\WWW\0220\shop\Application\Runtime\Cache\Home\80afe00afd4a0f9452d05a2b0db4cef5.php 第 154 行.
NOTIC: [8] Undefined index: children D:\phpStudy\WWW\0220\shop\Application\Runtime\Cache\Home\80afe00afd4a0f9452d05a2b0db4cef5.php 第 150 行.
NOTIC: [2] Invalid argument supplied for foreach() D:\phpStudy\WWW\0220\shop\Application\Runtime\Cache\Home\80afe00afd4a0f9452d05a2b0db4cef5.php 第 150 行.
NOTIC: [8] Undefined index: children D:\phpStudy\WWW\0220\shop\Application\Runtime\Cache\Home\80afe00afd4a0f9452d05a2b0db4cef5.php 第 150 行.
NOTIC: [2] Invalid argument supplied for foreach() D:\phpStudy\WWW\0220\shop\Application\Runtime\Cache\Home\80afe00afd4a0f9452d05a2b0db4cef5.php 第 150 行.
NOTIC: [8] Undefined index: children D:\phpStudy\WWW\0220\shop\Application\Runtime\Cache\Home\80afe00afd4a0f9452d05a2b0db4cef5.php 第 150 行.
NOTIC: [2] Invalid argument supplied for foreach() D:\phpStudy\WWW\0220\shop\Application\Runtime\Cache\Home\80afe00afd4a0f9452d05a2b0db4cef5.php 第 150 行.
NOTIC: [8] Undefined index: children D:\phpStudy\WWW\0220\shop\Application\Runtime\Cache\Home\80afe00afd4a0f9452d05a2b0db4cef5.php 第 150 行.
NOTIC: [2] Invalid argument supplied for foreach() D:\phpStudy\WWW\0220\shop\Application\Runtime\Cache\Home\80afe00afd4a0f9452d05a2b0db4cef5.php 第 150 行.
NOTIC: [8] Undefined index: children D:\phpStudy\WWW\0220\shop\Application\Runtime\Cache\Home\80afe00afd4a0f9452d05a2b0db4cef5.php 第 150 行.
NOTIC: [2] Invalid argument supplied for foreach() D:\phpStudy\WWW\0220\shop\Application\Runtime\Cache\Home\80afe00afd4a0f9452d05a2b0db4cef5.php 第 150 行.
NOTIC: [8] Undefined index: children D:\phpStudy\WWW\0220\shop\Application\Runtime\Cache\Home\80afe00afd4a0f9452d05a2b0db4cef5.php 第 150 行.
NOTIC: [2] Invalid argument supplied for foreach() D:\phpStudy\WWW\0220\shop\Application\Runtime\Cache\Home\80afe00afd4a0f9452d05a2b0db4cef5.php 第 150 行.
NOTIC: [8] Undefined index: children D:\phpStudy\WWW\0220\shop\Application\Runtime\Cache\Home\80afe00afd4a0f9452d05a2b0db4cef5.php 第 150 行.
NOTIC: [2] Invalid argument supplied for foreach() D:\phpStudy\WWW\0220\shop\Application\Runtime\Cache\Home\80afe00afd4a0f9452d05a2b0db4cef5.php 第 150 行.
NOTIC: [8] Undefined index: children D:\phpStudy\WWW\0220\shop\Application\Runtime\Cache\Home\80afe00afd4a0f9452d05a2b0db4cef5.php 第 150 行.
NOTIC: [2] Invalid argument supplied for foreach() D:\phpStudy\WWW\0220\shop\Application\Runtime\Cache\Home\80afe00afd4a0f9452d05a2b0db4cef5.php 第 150 行.
INFO: Run Behavior\ParseTemplateBehavior [ RunTime:0.016000s ]
INFO: [ view_parse ] --END-- [ RunTime:0.016000s ]
INFO: [ view_filter ] --START--
INFO: Run Behavior\WriteHtmlCacheBehavior [ RunTime:0.000000s ]
INFO: [ view_filter ] --END-- [ RunTime:0.000000s ]
INFO: [ app_end ] --START--
INFO: Run Behavior\ShowPageTraceBehavior [ RunTime:0.000000s ]
INFO: [ app_end ] --END-- [ RunTime:0.000000s ]

[ 2017-03-09T19:12:43+08:00 ] 127.0.0.1 /Index.php/Home/User/ajax_chk_login.html
INFO: [ app_init ] --START--
INFO: Run Behavior\BuildLiteBehavior [ RunTime:0.000000s ]
INFO: [ app_init ] --END-- [ RunTime:0.001000s ]
INFO: [ app_begin ] --START--
INFO: Run Behavior\ReadHtmlCacheBehavior [ RunTime:0.000000s ]
INFO: [ app_begin ] --END-- [ RunTime:0.000000s ]
INFO: [ app_end ] --START--
INFO: Run Behavior\ShowPageTraceBehavior [ RunTime:0.001000s ]
INFO: [ app_end ] --END-- [ RunTime:0.001000s ]

[ 2017-03-09T19:12:54+08:00 ] 127.0.0.1 /Index.php/Home/Search/cat_search/cat_id/16/brand_id/6-%E5%AE%8F%E7%A2%81%EF%BC%88acer%EF%BC%89
INFO: [ app_init ] --START--
INFO: Run Behavior\BuildLiteBehavior [ RunTime:0.000000s ]
INFO: [ app_init ] --END-- [ RunTime:0.000000s ]
INFO: [ app_begin ] --START--
INFO: Run Behavior\ReadHtmlCacheBehavior [ RunTime:0.000000s ]
INFO: [ app_begin ] --END-- [ RunTime:0.000000s ]
NOTIC: [2048] Declaration of Admin\Model\CategoryModel::_after_insert() should be compatible with Think\Model::_after_insert($data, $options) D:\phpStudy\WWW\0220\shop\Application\Admin\Model\CategoryModel.class.php 第 4 行.
NOTIC: [2048] Declaration of Admin\Model\CategoryModel::_after_delete() should be compatible with Think\Model::_after_delete($data, $options) D:\phpStudy\WWW\0220\shop\Application\Admin\Model\CategoryModel.class.php 第 4 行.
SQL: SHOW COLUMNS FROM `mgs_category` [ RunTime:0.005001s ]
NOTIC: [2048] Declaration of Admin\Model\GoodsModel::_after_insert() should be compatible with Think\Model::_after_insert($data, $options) D:\phpStudy\WWW\0220\shop\Application\Admin\Model\GoodsModel.class.php 第 511 行.
SQL: SHOW COLUMNS FROM `mgs_goods` [ RunTime:0.005000s ]
SQL: SELECT * FROM `mgs_category`  [ RunTime:0.001000s ]
SQL: SELECT `id` FROM `mgs_goods` WHERE `cat_id` IN ('16')  [ RunTime:0.001000s ]
SQL: SHOW COLUMNS FROM `mgs_goodscat` [ RunTime:0.007001s ]
SQL: SELECT DISTINCT goods_id id FROM `mgs_goodscat` WHERE `cat_id` IN ('16')  [ RunTime:0.000000s ]
SQL: SELECT DISTINCT b.brand_name,b.id,b.logo FROM mgs_goods a left join mgs_brand b on a.brand_id=b.id   WHERE a.id IN ('54','62','71') AND a.brand_id <> 0 AND a.is_on_sale = '是' ORDER BY a.sort_num asc  [ RunTime:0.001000s ]
SQL: SELECT max(shop_price) max_price,min(shop_price) min_price FROM `mgs_goods` WHERE `id` IN ('54','62','71')  [ RunTime:0.000000s ]
NOTIC: D方法实例化没找到模型类Admin\Model\GoodsattrModel
SQL: SHOW COLUMNS FROM `mgs_goodsattr` [ RunTime:0.006000s ]
SQL: SELECT distinct(a.attr_value),a.attr_id,b.attr_name FROM mgs_goodsattr a left join mgs_attribute b on a.attr_id=b.id  WHERE `goods_id` IN ('54','62','71') GROUP BY a.attr_value  [ RunTime:0.001000s ]
INFO: [ view_parse ] --START--
INFO: [ template_filter ] --START--
INFO: Run Behavior\ContentReplaceBehavior [ RunTime:0.001000s ]
INFO: [ template_filter ] --END-- [ RunTime:0.001000s ]
NOTIC: [8] Undefined index: children D:\phpStudy\WWW\0220\shop\Application\Runtime\Cache\Home\80afe00afd4a0f9452d05a2b0db4cef5.php 第 154 行.
NOTIC: [2] Invalid argument supplied for foreach() D:\phpStudy\WWW\0220\shop\Application\Runtime\Cache\Home\80afe00afd4a0f9452d05a2b0db4cef5.php 第 154 行.
NOTIC: [8] Undefined index: children D:\phpStudy\WWW\0220\shop\Application\Runtime\Cache\Home\80afe00afd4a0f9452d05a2b0db4cef5.php 第 154 行.
NOTIC: [2] Invalid argument supplied for foreach() D:\phpStudy\WWW\0220\shop\Application\Runtime\Cache\Home\80afe00afd4a0f9452d05a2b0db4cef5.php 第 154 行.
NOTIC: [8] Undefined index: children D:\phpStudy\WWW\0220\shop\Application\Runtime\Cache\Home\80afe00afd4a0f9452d05a2b0db4cef5.php 第 154 行.
NOTIC: [2] Invalid argument supplied for foreach() D:\phpStudy\WWW\0220\shop\Application\Runtime\Cache\Home\80afe00afd4a0f9452d05a2b0db4cef5.php 第 154 行.
NOTIC: [8] Undefined index: children D:\phpStudy\WWW\0220\shop\Application\Runtime\Cache\Home\80afe00afd4a0f9452d05a2b0db4cef5.php 第 154 行.
NOTIC: [2] Invalid argument supplied for foreach() D:\phpStudy\WWW\0220\shop\Application\Runtime\Cache\Home\80afe00afd4a0f9452d05a2b0db4cef5.php 第 154 行.
NOTIC: [8] Undefined index: children D:\phpStudy\WWW\0220\shop\Application\Runtime\Cache\Home\80afe00afd4a0f9452d05a2b0db4cef5.php 第 154 行.
NOTIC: [2] Invalid argument supplied for foreach() D:\phpStudy\WWW\0220\shop\Application\Runtime\Cache\Home\80afe00afd4a0f9452d05a2b0db4cef5.php 第 154 行.
NOTIC: [8] Undefined index: children D:\phpStudy\WWW\0220\shop\Application\Runtime\Cache\Home\80afe00afd4a0f9452d05a2b0db4cef5.php 第 154 行.
NOTIC: [2] Invalid argument supplied for foreach() D:\phpStudy\WWW\0220\shop\Application\Runtime\Cache\Home\80afe00afd4a0f9452d05a2b0db4cef5.php 第 154 行.
NOTIC: [8] Undefined index: children D:\phpStudy\WWW\0220\shop\Application\Runtime\Cache\Home\80afe00afd4a0f9452d05a2b0db4cef5.php 第 154 行.
NOTIC: [2] Invalid argument supplied for foreach() D:\phpStudy\WWW\0220\shop\Application\Runtime\Cache\Home\80afe00afd4a0f9452d05a2b0db4cef5.php 第 154 行.
NOTIC: [8] Undefined index: children D:\phpStudy\WWW\0220\shop\Application\Runtime\Cache\Home\80afe00afd4a0f9452d05a2b0db4cef5.php 第 154 行.
NOTIC: [2] Invalid argument supplied for foreach() D:\phpStudy\WWW\0220\shop\Application\Runtime\Cache\Home\80afe00afd4a0f9452d05a2b0db4cef5.php 第 154 行.
NOTIC: [8] Undefined index: children D:\phpStudy\WWW\0220\shop\Application\Runtime\Cache\Home\80afe00afd4a0f9452d05a2b0db4cef5.php 第 154 行.
NOTIC: [2] Invalid argument supplied for foreach() D:\phpStudy\WWW\0220\shop\Application\Runtime\Cache\Home\80afe00afd4a0f9452d05a2b0db4cef5.php 第 154 行.
NOTIC: [8] Undefined index: children D:\phpStudy\WWW\0220\shop\Application\Runtime\Cache\Home\80afe00afd4a0f9452d05a2b0db4cef5.php 第 154 行.
NOTIC: [2] Invalid argument supplied for foreach() D:\phpStudy\WWW\0220\shop\Application\Runtime\Cache\Home\80afe00afd4a0f9452d05a2b0db4cef5.php 第 154 行.
NOTIC: [8] Undefined index: children D:\phpStudy\WWW\0220\shop\Application\Runtime\Cache\Home\80afe00afd4a0f9452d05a2b0db4cef5.php 第 154 行.
NOTIC: [2] Invalid argument supplied for foreach() D:\phpStudy\WWW\0220\shop\Application\Runtime\Cache\Home\80afe00afd4a0f9452d05a2b0db4cef5.php 第 154 行.
NOTIC: [8] Undefined index: children D:\phpStudy\WWW\0220\shop\Application\Runtime\Cache\Home\80afe00afd4a0f9452d05a2b0db4cef5.php 第 154 行.
NOTIC: [2] Invalid argument supplied for foreach() D:\phpStudy\WWW\0220\shop\Application\Runtime\Cache\Home\80afe00afd4a0f9452d05a2b0db4cef5.php 第 154 行.
NOTIC: [8] Undefined index: children D:\phpStudy\WWW\0220\shop\Application\Runtime\Cache\Home\80afe00afd4a0f9452d05a2b0db4cef5.php 第 154 行.
NOTIC: [2] Invalid argument supplied for foreach() D:\phpStudy\WWW\0220\shop\Application\Runtime\Cache\Home\80afe00afd4a0f9452d05a2b0db4cef5.php 第 154 行.
NOTIC: [8] Undefined index: children D:\phpStudy\WWW\0220\shop\Application\Runtime\Cache\Home\80afe00afd4a0f9452d05a2b0db4cef5.php 第 150 行.
NOTIC: [2] Invalid argument supplied for foreach() D:\phpStudy\WWW\0220\shop\Application\Runtime\Cache\Home\80afe00afd4a0f9452d05a2b0db4cef5.php 第 150 行.
NOTIC: [8] Undefined index: children D:\phpStudy\WWW\0220\shop\Application\Runtime\Cache\Home\80afe00afd4a0f9452d05a2b0db4cef5.php 第 150 行.
NOTIC: [2] Invalid argument supplied for foreach() D:\phpStudy\WWW\0220\shop\Application\Runtime\Cache\Home\80afe00afd4a0f9452d05a2b0db4cef5.php 第 150 行.
NOTIC: [8] Undefined index: children D:\phpStudy\WWW\0220\shop\Application\Runtime\Cache\Home\80afe00afd4a0f9452d05a2b0db4cef5.php 第 150 行.
NOTIC: [2] Invalid argument supplied for foreach() D:\phpStudy\WWW\0220\shop\Application\Runtime\Cache\Home\80afe00afd4a0f9452d05a2b0db4cef5.php 第 150 行.
NOTIC: [8] Undefined index: children D:\phpStudy\WWW\0220\shop\Application\Runtime\Cache\Home\80afe00afd4a0f9452d05a2b0db4cef5.php 第 150 行.
NOTIC: [2] Invalid argument supplied for foreach() D:\phpStudy\WWW\0220\shop\Application\Runtime\Cache\Home\80afe00afd4a0f9452d05a2b0db4cef5.php 第 150 行.
NOTIC: [8] Undefined index: children D:\phpStudy\WWW\0220\shop\Application\Runtime\Cache\Home\80afe00afd4a0f9452d05a2b0db4cef5.php 第 150 行.
NOTIC: [2] Invalid argument supplied for foreach() D:\phpStudy\WWW\0220\shop\Application\Runtime\Cache\Home\80afe00afd4a0f9452d05a2b0db4cef5.php 第 150 行.
NOTIC: [8] Undefined index: children D:\phpStudy\WWW\0220\shop\Application\Runtime\Cache\Home\80afe00afd4a0f9452d05a2b0db4cef5.php 第 150 行.
NOTIC: [2] Invalid argument supplied for foreach() D:\phpStudy\WWW\0220\shop\Application\Runtime\Cache\Home\80afe00afd4a0f9452d05a2b0db4cef5.php 第 150 行.
NOTIC: [8] Undefined index: children D:\phpStudy\WWW\0220\shop\Application\Runtime\Cache\Home\80afe00afd4a0f9452d05a2b0db4cef5.php 第 150 行.
NOTIC: [2] Invalid argument supplied for foreach() D:\phpStudy\WWW\0220\shop\Application\Runtime\Cache\Home\80afe00afd4a0f9452d05a2b0db4cef5.php 第 150 行.
NOTIC: [8] Undefined index: children D:\phpStudy\WWW\0220\shop\Application\Runtime\Cache\Home\80afe00afd4a0f9452d05a2b0db4cef5.php 第 150 行.
NOTIC: [2] Invalid argument supplied for foreach() D:\phpStudy\WWW\0220\shop\Application\Runtime\Cache\Home\80afe00afd4a0f9452d05a2b0db4cef5.php 第 150 行.
INFO: Run Behavior\ParseTemplateBehavior [ RunTime:0.015001s ]
INFO: [ view_parse ] --END-- [ RunTime:0.015001s ]
INFO: [ view_filter ] --START--
INFO: Run Behavior\WriteHtmlCacheBehavior [ RunTime:0.000000s ]
INFO: [ view_filter ] --END-- [ RunTime:0.000000s ]
INFO: [ app_end ] --START--
INFO: Run Behavior\ShowPageTraceBehavior [ RunTime:0.000000s ]
INFO: [ app_end ] --END-- [ RunTime:0.001000s ]

[ 2017-03-09T19:12:54+08:00 ] 127.0.0.1 /Index.php/Home/User/ajax_chk_login.html
INFO: [ app_init ] --START--
INFO: Run Behavior\BuildLiteBehavior [ RunTime:0.000000s ]
INFO: [ app_init ] --END-- [ RunTime:0.001000s ]
INFO: [ app_begin ] --START--
INFO: Run Behavior\ReadHtmlCacheBehavior [ RunTime:0.001001s ]
INFO: [ app_begin ] --END-- [ RunTime:0.001001s ]
INFO: [ app_end ] --START--
INFO: Run Behavior\ShowPageTraceBehavior [ RunTime:0.001000s ]
INFO: [ app_end ] --END-- [ RunTime:0.001000s ]

[ 2017-03-09T19:13:51+08:00 ] 127.0.0.1 /Index.php/Home/Search/cat_search/cat_id/16/brand_id/6-%E5%AE%8F%E7%A2%81%EF%BC%88acer%EF%BC%89
INFO: [ app_init ] --START--
INFO: Run Behavior\BuildLiteBehavior [ RunTime:0.000000s ]
INFO: [ app_init ] --END-- [ RunTime:0.000000s ]
INFO: [ app_begin ] --START--
INFO: Run Behavior\ReadHtmlCacheBehavior [ RunTime:0.000000s ]
INFO: [ app_begin ] --END-- [ RunTime:0.000000s ]
NOTIC: [2048] Declaration of Admin\Model\CategoryModel::_after_insert() should be compatible with Think\Model::_after_insert($data, $options) D:\phpStudy\WWW\0220\shop\Application\Admin\Model\CategoryModel.class.php 第 4 行.
NOTIC: [2048] Declaration of Admin\Model\CategoryModel::_after_delete() should be compatible with Think\Model::_after_delete($data, $options) D:\phpStudy\WWW\0220\shop\Application\Admin\Model\CategoryModel.class.php 第 4 行.
SQL: SHOW COLUMNS FROM `mgs_category` [ RunTime:0.005001s ]
NOTIC: [2048] Declaration of Admin\Model\GoodsModel::_after_insert() should be compatible with Think\Model::_after_insert($data, $options) D:\phpStudy\WWW\0220\shop\Application\Admin\Model\GoodsModel.class.php 第 511 行.
SQL: SHOW COLUMNS FROM `mgs_goods` [ RunTime:0.005000s ]
SQL: SELECT * FROM `mgs_category`  [ RunTime:0.000000s ]
SQL: SELECT `id` FROM `mgs_goods` WHERE `cat_id` IN ('16')  [ RunTime:0.001000s ]
SQL: SHOW COLUMNS FROM `mgs_goodscat` [ RunTime:0.005001s ]
SQL: SELECT DISTINCT goods_id id FROM `mgs_goodscat` WHERE `cat_id` IN ('16')  [ RunTime:0.001000s ]
SQL: SELECT DISTINCT b.brand_name,b.id,b.logo FROM mgs_goods a left join mgs_brand b on a.brand_id=b.id   WHERE a.id IN ('54','62','71') AND a.brand_id <> 0 AND a.is_on_sale = '是' ORDER BY a.sort_num asc  [ RunTime:0.001000s ]
SQL: SELECT max(shop_price) max_price,min(shop_price) min_price FROM `mgs_goods` WHERE `id` IN ('54','62','71')  [ RunTime:0.000000s ]
NOTIC: D方法实例化没找到模型类Admin\Model\GoodsattrModel
SQL: SHOW COLUMNS FROM `mgs_goodsattr` [ RunTime:0.005000s ]
SQL: SELECT distinct(a.attr_value),a.attr_id,b.attr_name FROM mgs_goodsattr a left join mgs_attribute b on a.attr_id=b.id  WHERE `goods_id` IN ('54','62','71') GROUP BY a.attr_value  [ RunTime:0.000000s ]
INFO: [ view_parse ] --START--
INFO: [ template_filter ] --START--
INFO: Run Behavior\ContentReplaceBehavior [ RunTime:0.001000s ]
INFO: [ template_filter ] --END-- [ RunTime:0.001000s ]
NOTIC: [8] Undefined index: children D:\phpStudy\WWW\0220\shop\Application\Runtime\Cache\Home\80afe00afd4a0f9452d05a2b0db4cef5.php 第 154 行.
NOTIC: [2] Invalid argument supplied for foreach() D:\phpStudy\WWW\0220\shop\Application\Runtime\Cache\Home\80afe00afd4a0f9452d05a2b0db4cef5.php 第 154 行.
NOTIC: [8] Undefined index: children D:\phpStudy\WWW\0220\shop\Application\Runtime\Cache\Home\80afe00afd4a0f9452d05a2b0db4cef5.php 第 154 行.
NOTIC: [2] Invalid argument supplied for foreach() D:\phpStudy\WWW\0220\shop\Application\Runtime\Cache\Home\80afe00afd4a0f9452d05a2b0db4cef5.php 第 154 行.
NOTIC: [8] Undefined index: children D:\phpStudy\WWW\0220\shop\Application\Runtime\Cache\Home\80afe00afd4a0f9452d05a2b0db4cef5.php 第 154 行.
NOTIC: [2] Invalid argument supplied for foreach() D:\phpStudy\WWW\0220\shop\Application\Runtime\Cache\Home\80afe00afd4a0f9452d05a2b0db4cef5.php 第 154 行.
NOTIC: [8] Undefined index: children D:\phpStudy\WWW\0220\shop\Application\Runtime\Cache\Home\80afe00afd4a0f9452d05a2b0db4cef5.php 第 154 行.
NOTIC: [2] Invalid argument supplied for foreach() D:\phpStudy\WWW\0220\shop\Application\Runtime\Cache\Home\80afe00afd4a0f9452d05a2b0db4cef5.php 第 154 行.
NOTIC: [8] Undefined index: children D:\phpStudy\WWW\0220\shop\Application\Runtime\Cache\Home\80afe00afd4a0f9452d05a2b0db4cef5.php 第 154 行.
NOTIC: [2] Invalid argument supplied for foreach() D:\phpStudy\WWW\0220\shop\Application\Runtime\Cache\Home\80afe00afd4a0f9452d05a2b0db4cef5.php 第 154 行.
NOTIC: [8] Undefined index: children D:\phpStudy\WWW\0220\shop\Application\Runtime\Cache\Home\80afe00afd4a0f9452d05a2b0db4cef5.php 第 154 行.
NOTIC: [2] Invalid argument supplied for foreach() D:\phpStudy\WWW\0220\shop\Application\Runtime\Cache\Home\80afe00afd4a0f9452d05a2b0db4cef5.php 第 154 行.
NOTIC: [8] Undefined index: children D:\phpStudy\WWW\0220\shop\Application\Runtime\Cache\Home\80afe00afd4a0f9452d05a2b0db4cef5.php 第 154 行.
NOTIC: [2] Invalid argument supplied for foreach() D:\phpStudy\WWW\0220\shop\Application\Runtime\Cache\Home\80afe00afd4a0f9452d05a2b0db4cef5.php 第 154 行.
NOTIC: [8] Undefined index: children D:\phpStudy\WWW\0220\shop\Application\Runtime\Cache\Home\80afe00afd4a0f9452d05a2b0db4cef5.php 第 154 行.
NOTIC: [2] Invalid argument supplied for foreach() D:\phpStudy\WWW\0220\shop\Application\Runtime\Cache\Home\80afe00afd4a0f9452d05a2b0db4cef5.php 第 154 行.
NOTIC: [8] Undefined index: children D:\phpStudy\WWW\0220\shop\Application\Runtime\Cache\Home\80afe00afd4a0f9452d05a2b0db4cef5.php 第 154 行.
NOTIC: [2] Invalid argument supplied for foreach() D:\phpStudy\WWW\0220\shop\Application\Runtime\Cache\Home\80afe00afd4a0f9452d05a2b0db4cef5.php 第 154 行.
NOTIC: [8] Undefined index: children D:\phpStudy\WWW\0220\shop\Application\Runtime\Cache\Home\80afe00afd4a0f9452d05a2b0db4cef5.php 第 154 行.
NOTIC: [2] Invalid argument supplied for foreach() D:\phpStudy\WWW\0220\shop\Application\Runtime\Cache\Home\80afe00afd4a0f9452d05a2b0db4cef5.php 第 154 行.
NOTIC: [8] Undefined index: children D:\phpStudy\WWW\0220\shop\Application\Runtime\Cache\Home\80afe00afd4a0f9452d05a2b0db4cef5.php 第 154 行.
NOTIC: [2] Invalid argument supplied for foreach() D:\phpStudy\WWW\0220\shop\Application\Runtime\Cache\Home\80afe00afd4a0f9452d05a2b0db4cef5.php 第 154 行.
NOTIC: [8] Undefined index: children D:\phpStudy\WWW\0220\shop\Application\Runtime\Cache\Home\80afe00afd4a0f9452d05a2b0db4cef5.php 第 154 行.
NOTIC: [2] Invalid argument supplied for foreach() D:\phpStudy\WWW\0220\shop\Application\Runtime\Cache\Home\80afe00afd4a0f9452d05a2b0db4cef5.php 第 154 行.
NOTIC: [8] Undefined index: children D:\phpStudy\WWW\0220\shop\Application\Runtime\Cache\Home\80afe00afd4a0f9452d05a2b0db4cef5.php 第 154 行.
NOTIC: [2] Invalid argument supplied for foreach() D:\phpStudy\WWW\0220\shop\Application\Runtime\Cache\Home\80afe00afd4a0f9452d05a2b0db4cef5.php 第 154 行.
NOTIC: [8] Undefined index: children D:\phpStudy\WWW\0220\shop\Application\Runtime\Cache\Home\80afe00afd4a0f9452d05a2b0db4cef5.php 第 150 行.
NOTIC: [2] Invalid argument supplied for foreach() D:\phpStudy\WWW\0220\shop\Application\Runtime\Cache\Home\80afe00afd4a0f9452d05a2b0db4cef5.php 第 150 行.
NOTIC: [8] Undefined index: children D:\phpStudy\WWW\0220\shop\Application\Runtime\Cache\Home\80afe00afd4a0f9452d05a2b0db4cef5.php 第 150 行.
NOTIC: [2] Invalid argument supplied for foreach() D:\phpStudy\WWW\0220\shop\Application\Runtime\Cache\Home\80afe00afd4a0f9452d05a2b0db4cef5.php 第 150 行.
NOTIC: [8] Undefined index: children D:\phpStudy\WWW\0220\shop\Application\Runtime\Cache\Home\80afe00afd4a0f9452d05a2b0db4cef5.php 第 150 行.
NOTIC: [2] Invalid argument supplied for foreach() D:\phpStudy\WWW\0220\shop\Application\Runtime\Cache\Home\80afe00afd4a0f9452d05a2b0db4cef5.php 第 150 行.
NOTIC: [8] Undefined index: children D:\phpStudy\WWW\0220\shop\Application\Runtime\Cache\Home\80afe00afd4a0f9452d05a2b0db4cef5.php 第 150 行.
NOTIC: [2] Invalid argument supplied for foreach() D:\phpStudy\WWW\0220\shop\Application\Runtime\Cache\Home\80afe00afd4a0f9452d05a2b0db4cef5.php 第 150 行.
NOTIC: [8] Undefined index: children D:\phpStudy\WWW\0220\shop\Application\Runtime\Cache\Home\80afe00afd4a0f9452d05a2b0db4cef5.php 第 150 行.
NOTIC: [2] Invalid argument supplied for foreach() D:\phpStudy\WWW\0220\shop\Application\Runtime\Cache\Home\80afe00afd4a0f9452d05a2b0db4cef5.php 第 150 行.
NOTIC: [8] Undefined index: children D:\phpStudy\WWW\0220\shop\Application\Runtime\Cache\Home\80afe00afd4a0f9452d05a2b0db4cef5.php 第 150 行.
NOTIC: [2] Invalid argument supplied for foreach() D:\phpStudy\WWW\0220\shop\Application\Runtime\Cache\Home\80afe00afd4a0f9452d05a2b0db4cef5.php 第 150 行.
NOTIC: [8] Undefined index: children D:\phpStudy\WWW\0220\shop\Application\Runtime\Cache\Home\80afe00afd4a0f9452d05a2b0db4cef5.php 第 150 行.
NOTIC: [2] Invalid argument supplied for foreach() D:\phpStudy\WWW\0220\shop\Application\Runtime\Cache\Home\80afe00afd4a0f9452d05a2b0db4cef5.php 第 150 行.
NOTIC: [8] Undefined index: children D:\phpStudy\WWW\0220\shop\Application\Runtime\Cache\Home\80afe00afd4a0f9452d05a2b0db4cef5.php 第 150 行.
NOTIC: [2] Invalid argument supplied for foreach() D:\phpStudy\WWW\0220\shop\Application\Runtime\Cache\Home\80afe00afd4a0f9452d05a2b0db4cef5.php 第 150 行.
INFO: Run Behavior\ParseTemplateBehavior [ RunTime:0.016001s ]
INFO: [ view_parse ] --END-- [ RunTime:0.016001s ]
INFO: [ view_filter ] --START--
INFO: Run Behavior\WriteHtmlCacheBehavior [ RunTime:0.001000s ]
INFO: [ view_filter ] --END-- [ RunTime:0.001000s ]
INFO: [ app_end ] --START--
INFO: Run Behavior\ShowPageTraceBehavior [ RunTime:0.001000s ]
INFO: [ app_end ] --END-- [ RunTime:0.001000s ]

[ 2017-03-09T19:13:51+08:00 ] 127.0.0.1 /Index.php/Home/User/ajax_chk_login.html
INFO: [ app_init ] --START--
INFO: Run Behavior\BuildLiteBehavior [ RunTime:0.000000s ]
INFO: [ app_init ] --END-- [ RunTime:0.000000s ]
INFO: [ app_begin ] --START--
INFO: Run Behavior\ReadHtmlCacheBehavior [ RunTime:0.001000s ]
INFO: [ app_begin ] --END-- [ RunTime:0.001000s ]
INFO: [ app_end ] --START--
INFO: Run Behavior\ShowPageTraceBehavior [ RunTime:0.000000s ]
INFO: [ app_end ] --END-- [ RunTime:0.000000s ]

[ 2017-03-09T19:14:02+08:00 ] 127.0.0.1 /Index.php/Home/Search/cat_search/cat_id/16/brand_id/6-%E5%AE%8F%E7%A2%81%EF%BC%88acer%EF%BC%89/price/0--799%E5%85%83
INFO: [ app_init ] --START--
INFO: Run Behavior\BuildLiteBehavior [ RunTime:0.000000s ]
INFO: [ app_init ] --END-- [ RunTime:0.000000s ]
INFO: [ app_begin ] --START--
INFO: Run Behavior\ReadHtmlCacheBehavior [ RunTime:0.000000s ]
INFO: [ app_begin ] --END-- [ RunTime:0.000000s ]
NOTIC: [2048] Declaration of Admin\Model\CategoryModel::_after_insert() should be compatible with Think\Model::_after_insert($data, $options) D:\phpStudy\WWW\0220\shop\Application\Admin\Model\CategoryModel.class.php 第 4 行.
NOTIC: [2048] Declaration of Admin\Model\CategoryModel::_after_delete() should be compatible with Think\Model::_after_delete($data, $options) D:\phpStudy\WWW\0220\shop\Application\Admin\Model\CategoryModel.class.php 第 4 行.
SQL: SHOW COLUMNS FROM `mgs_category` [ RunTime:0.005000s ]
NOTIC: [2048] Declaration of Admin\Model\GoodsModel::_after_insert() should be compatible with Think\Model::_after_insert($data, $options) D:\phpStudy\WWW\0220\shop\Application\Admin\Model\GoodsModel.class.php 第 511 行.
SQL: SHOW COLUMNS FROM `mgs_goods` [ RunTime:0.005001s ]
SQL: SELECT * FROM `mgs_category`  [ RunTime:0.001000s ]
SQL: SELECT `id` FROM `mgs_goods` WHERE `cat_id` IN ('16')  [ RunTime:0.000000s ]
SQL: SHOW COLUMNS FROM `mgs_goodscat` [ RunTime:0.006000s ]
SQL: SELECT DISTINCT goods_id id FROM `mgs_goodscat` WHERE `cat_id` IN ('16')  [ RunTime:0.001000s ]
SQL: SELECT DISTINCT b.brand_name,b.id,b.logo FROM mgs_goods a left join mgs_brand b on a.brand_id=b.id   WHERE a.id IN ('54','62','71') AND a.brand_id <> 0 AND a.is_on_sale = '是' ORDER BY a.sort_num asc  [ RunTime:0.001000s ]
SQL: SELECT max(shop_price) max_price,min(shop_price) min_price FROM `mgs_goods` WHERE `id` IN ('54','62','71')  [ RunTime:0.001000s ]
NOTIC: D方法实例化没找到模型类Admin\Model\GoodsattrModel
SQL: SHOW COLUMNS FROM `mgs_goodsattr` [ RunTime:0.004000s ]
SQL: SELECT distinct(a.attr_value),a.attr_id,b.attr_name FROM mgs_goodsattr a left join mgs_attribute b on a.attr_id=b.id  WHERE `goods_id` IN ('54','62','71') GROUP BY a.attr_value  [ RunTime:0.001001s ]
INFO: [ view_parse ] --START--
INFO: [ template_filter ] --START--
INFO: Run Behavior\ContentReplaceBehavior [ RunTime:0.000000s ]
INFO: [ template_filter ] --END-- [ RunTime:0.000000s ]
NOTIC: [8] Undefined index: children D:\phpStudy\WWW\0220\shop\Application\Runtime\Cache\Home\80afe00afd4a0f9452d05a2b0db4cef5.php 第 154 行.
NOTIC: [2] Invalid argument supplied for foreach() D:\phpStudy\WWW\0220\shop\Application\Runtime\Cache\Home\80afe00afd4a0f9452d05a2b0db4cef5.php 第 154 行.
NOTIC: [8] Undefined index: children D:\phpStudy\WWW\0220\shop\Application\Runtime\Cache\Home\80afe00afd4a0f9452d05a2b0db4cef5.php 第 154 行.
NOTIC: [2] Invalid argument supplied for foreach() D:\phpStudy\WWW\0220\shop\Application\Runtime\Cache\Home\80afe00afd4a0f9452d05a2b0db4cef5.php 第 154 行.
NOTIC: [8] Undefined index: children D:\phpStudy\WWW\0220\shop\Application\Runtime\Cache\Home\80afe00afd4a0f9452d05a2b0db4cef5.php 第 154 行.
NOTIC: [2] Invalid argument supplied for foreach() D:\phpStudy\WWW\0220\shop\Application\Runtime\Cache\Home\80afe00afd4a0f9452d05a2b0db4cef5.php 第 154 行.
NOTIC: [8] Undefined index: children D:\phpStudy\WWW\0220\shop\Application\Runtime\Cache\Home\80afe00afd4a0f9452d05a2b0db4cef5.php 第 154 行.
NOTIC: [2] Invalid argument supplied for foreach() D:\phpStudy\WWW\0220\shop\Application\Runtime\Cache\Home\80afe00afd4a0f9452d05a2b0db4cef5.php 第 154 行.
NOTIC: [8] Undefined index: children D:\phpStudy\WWW\0220\shop\Application\Runtime\Cache\Home\80afe00afd4a0f9452d05a2b0db4cef5.php 第 154 行.
NOTIC: [2] Invalid argument supplied for foreach() D:\phpStudy\WWW\0220\shop\Application\Runtime\Cache\Home\80afe00afd4a0f9452d05a2b0db4cef5.php 第 154 行.
NOTIC: [8] Undefined index: children D:\phpStudy\WWW\0220\shop\Application\Runtime\Cache\Home\80afe00afd4a0f9452d05a2b0db4cef5.php 第 154 行.
NOTIC: [2] Invalid argument supplied for foreach() D:\phpStudy\WWW\0220\shop\Application\Runtime\Cache\Home\80afe00afd4a0f9452d05a2b0db4cef5.php 第 154 行.
NOTIC: [8] Undefined index: children D:\phpStudy\WWW\0220\shop\Application\Runtime\Cache\Home\80afe00afd4a0f9452d05a2b0db4cef5.php 第 154 行.
NOTIC: [2] Invalid argument supplied for foreach() D:\phpStudy\WWW\0220\shop\Application\Runtime\Cache\Home\80afe00afd4a0f9452d05a2b0db4cef5.php 第 154 行.
NOTIC: [8] Undefined index: children D:\phpStudy\WWW\0220\shop\Application\Runtime\Cache\Home\80afe00afd4a0f9452d05a2b0db4cef5.php 第 154 行.
NOTIC: [2] Invalid argument supplied for foreach() D:\phpStudy\WWW\0220\shop\Application\Runtime\Cache\Home\80afe00afd4a0f9452d05a2b0db4cef5.php 第 154 行.
NOTIC: [8] Undefined index: children D:\phpStudy\WWW\0220\shop\Application\Runtime\Cache\Home\80afe00afd4a0f9452d05a2b0db4cef5.php 第 154 行.
NOTIC: [2] Invalid argument supplied for foreach() D:\phpStudy\WWW\0220\shop\Application\Runtime\Cache\Home\80afe00afd4a0f9452d05a2b0db4cef5.php 第 154 行.
NOTIC: [8] Undefined index: children D:\phpStudy\WWW\0220\shop\Application\Runtime\Cache\Home\80afe00afd4a0f9452d05a2b0db4cef5.php 第 154 行.
NOTIC: [2] Invalid argument supplied for foreach() D:\phpStudy\WWW\0220\shop\Application\Runtime\Cache\Home\80afe00afd4a0f9452d05a2b0db4cef5.php 第 154 行.
NOTIC: [8] Undefined index: children D:\phpStudy\WWW\0220\shop\Application\Runtime\Cache\Home\80afe00afd4a0f9452d05a2b0db4cef5.php 第 154 行.
NOTIC: [2] Invalid argument supplied for foreach() D:\phpStudy\WWW\0220\shop\Application\Runtime\Cache\Home\80afe00afd4a0f9452d05a2b0db4cef5.php 第 154 行.
NOTIC: [8] Undefined index: children D:\phpStudy\WWW\0220\shop\Application\Runtime\Cache\Home\80afe00afd4a0f9452d05a2b0db4cef5.php 第 154 行.
NOTIC: [2] Invalid argument supplied for foreach() D:\phpStudy\WWW\0220\shop\Application\Runtime\Cache\Home\80afe00afd4a0f9452d05a2b0db4cef5.php 第 154 行.
NOTIC: [8] Undefined index: children D:\phpStudy\WWW\0220\shop\Application\Runtime\Cache\Home\80afe00afd4a0f9452d05a2b0db4cef5.php 第 154 行.
NOTIC: [2] Invalid argument supplied for foreach() D:\phpStudy\WWW\0220\shop\Application\Runtime\Cache\Home\80afe00afd4a0f9452d05a2b0db4cef5.php 第 154 行.
NOTIC: [8] Undefined index: children D:\phpStudy\WWW\0220\shop\Application\Runtime\Cache\Home\80afe00afd4a0f9452d05a2b0db4cef5.php 第 150 行.
NOTIC: [2] Invalid argument supplied for foreach() D:\phpStudy\WWW\0220\shop\Application\Runtime\Cache\Home\80afe00afd4a0f9452d05a2b0db4cef5.php 第 150 行.
NOTIC: [8] Undefined index: children D:\phpStudy\WWW\0220\shop\Application\Runtime\Cache\Home\80afe00afd4a0f9452d05a2b0db4cef5.php 第 150 行.
NOTIC: [2] Invalid argument supplied for foreach() D:\phpStudy\WWW\0220\shop\Application\Runtime\Cache\Home\80afe00afd4a0f9452d05a2b0db4cef5.php 第 150 行.
NOTIC: [8] Undefined index: children D:\phpStudy\WWW\0220\shop\Application\Runtime\Cache\Home\80afe00afd4a0f9452d05a2b0db4cef5.php 第 150 行.
NOTIC: [2] Invalid argument supplied for foreach() D:\phpStudy\WWW\0220\shop\Application\Runtime\Cache\Home\80afe00afd4a0f9452d05a2b0db4cef5.php 第 150 行.
NOTIC: [8] Undefined index: children D:\phpStudy\WWW\0220\shop\Application\Runtime\Cache\Home\80afe00afd4a0f9452d05a2b0db4cef5.php 第 150 行.
NOTIC: [2] Invalid argument supplied for foreach() D:\phpStudy\WWW\0220\shop\Application\Runtime\Cache\Home\80afe00afd4a0f9452d05a2b0db4cef5.php 第 150 行.
NOTIC: [8] Undefined index: children D:\phpStudy\WWW\0220\shop\Application\Runtime\Cache\Home\80afe00afd4a0f9452d05a2b0db4cef5.php 第 150 行.
NOTIC: [2] Invalid argument supplied for foreach() D:\phpStudy\WWW\0220\shop\Application\Runtime\Cache\Home\80afe00afd4a0f9452d05a2b0db4cef5.php 第 150 行.
NOTIC: [8] Undefined index: children D:\phpStudy\WWW\0220\shop\Application\Runtime\Cache\Home\80afe00afd4a0f9452d05a2b0db4cef5.php 第 150 行.
NOTIC: [2] Invalid argument supplied for foreach() D:\phpStudy\WWW\0220\shop\Application\Runtime\Cache\Home\80afe00afd4a0f9452d05a2b0db4cef5.php 第 150 行.
NOTIC: [8] Undefined index: children D:\phpStudy\WWW\0220\shop\Application\Runtime\Cache\Home\80afe00afd4a0f9452d05a2b0db4cef5.php 第 150 行.
NOTIC: [2] Invalid argument supplied for foreach() D:\phpStudy\WWW\0220\shop\Application\Runtime\Cache\Home\80afe00afd4a0f9452d05a2b0db4cef5.php 第 150 行.
NOTIC: [8] Undefined index: children D:\phpStudy\WWW\0220\shop\Application\Runtime\Cache\Home\80afe00afd4a0f9452d05a2b0db4cef5.php 第 150 行.
NOTIC: [2] Invalid argument supplied for foreach() D:\phpStudy\WWW\0220\shop\Application\Runtime\Cache\Home\80afe00afd4a0f9452d05a2b0db4cef5.php 第 150 行.
INFO: Run Behavior\ParseTemplateBehavior [ RunTime:0.017001s ]
INFO: [ view_parse ] --END-- [ RunTime:0.017001s ]
INFO: [ view_filter ] --START--
INFO: Run Behavior\WriteHtmlCacheBehavior [ RunTime:0.000000s ]
INFO: [ view_filter ] --END-- [ RunTime:0.000000s ]
INFO: [ app_end ] --START--
INFO: Run Behavior\ShowPageTraceBehavior [ RunTime:0.001000s ]
INFO: [ app_end ] --END-- [ RunTime:0.001000s ]

[ 2017-03-09T19:14:02+08:00 ] 127.0.0.1 /Index.php/Home/User/ajax_chk_login.html
INFO: [ app_init ] --START--
INFO: Run Behavior\BuildLiteBehavior [ RunTime:0.000000s ]
INFO: [ app_init ] --END-- [ RunTime:0.001001s ]
INFO: [ app_begin ] --START--
INFO: Run Behavior\ReadHtmlCacheBehavior [ RunTime:0.001000s ]
INFO: [ app_begin ] --END-- [ RunTime:0.001000s ]
INFO: [ app_end ] --START--
INFO: Run Behavior\ShowPageTraceBehavior [ RunTime:0.000000s ]
INFO: [ app_end ] --END-- [ RunTime:0.000000s ]

[ 2017-03-09T19:14:16+08:00 ] 127.0.0.1 /Index.php/Home/Search/cat_search/cat_id/16/brand_id/6-%E5%AE%8F%E7%A2%81%EF%BC%88acer%EF%BC%89/price/0--799%E5%85%83
INFO: [ app_init ] --START--
INFO: Run Behavior\BuildLiteBehavior [ RunTime:0.000000s ]
INFO: [ app_init ] --END-- [ RunTime:0.000000s ]
INFO: [ app_begin ] --START--
INFO: Run Behavior\ReadHtmlCacheBehavior [ RunTime:0.001000s ]
INFO: [ app_begin ] --END-- [ RunTime:0.001000s ]
NOTIC: [2048] Declaration of Admin\Model\CategoryModel::_after_insert() should be compatible with Think\Model::_after_insert($data, $options) D:\phpStudy\WWW\0220\shop\Application\Admin\Model\CategoryModel.class.php 第 4 行.
NOTIC: [2048] Declaration of Admin\Model\CategoryModel::_after_delete() should be compatible with Think\Model::_after_delete($data, $options) D:\phpStudy\WWW\0220\shop\Application\Admin\Model\CategoryModel.class.php 第 4 行.
SQL: SHOW COLUMNS FROM `mgs_category` [ RunTime:0.004000s ]
NOTIC: [2048] Declaration of Admin\Model\GoodsModel::_after_insert() should be compatible with Think\Model::_after_insert($data, $options) D:\phpStudy\WWW\0220\shop\Application\Admin\Model\GoodsModel.class.php 第 511 行.
SQL: SHOW COLUMNS FROM `mgs_goods` [ RunTime:0.005001s ]
SQL: SELECT * FROM `mgs_category`  [ RunTime:0.001000s ]
SQL: SELECT `id` FROM `mgs_goods` WHERE `cat_id` IN ('16')  [ RunTime:0.001000s ]
SQL: SHOW COLUMNS FROM `mgs_goodscat` [ RunTime:0.006000s ]
SQL: SELECT DISTINCT goods_id id FROM `mgs_goodscat` WHERE `cat_id` IN ('16')  [ RunTime:0.001000s ]
SQL: SELECT DISTINCT b.brand_name,b.id,b.logo FROM mgs_goods a left join mgs_brand b on a.brand_id=b.id   WHERE a.id IN ('54','62','71') AND a.brand_id <> 0 AND a.is_on_sale = '是' ORDER BY a.sort_num asc  [ RunTime:0.001000s ]
SQL: SELECT max(shop_price) max_price,min(shop_price) min_price FROM `mgs_goods` WHERE `id` IN ('54','62','71')  [ RunTime:0.001000s ]
NOTIC: D方法实例化没找到模型类Admin\Model\GoodsattrModel
SQL: SHOW COLUMNS FROM `mgs_goodsattr` [ RunTime:0.007001s ]
SQL: SELECT distinct(a.attr_value),a.attr_id,b.attr_name FROM mgs_goodsattr a left join mgs_attribute b on a.attr_id=b.id  WHERE `goods_id` IN ('54','62','71') GROUP BY a.attr_value  [ RunTime:0.002000s ]
INFO: [ view_parse ] --START--
INFO: [ template_filter ] --START--
INFO: Run Behavior\ContentReplaceBehavior [ RunTime:0.000000s ]
INFO: [ template_filter ] --END-- [ RunTime:0.000000s ]
NOTIC: [8] Undefined index: children D:\phpStudy\WWW\0220\shop\Application\Runtime\Cache\Home\80afe00afd4a0f9452d05a2b0db4cef5.php 第 154 行.
NOTIC: [2] Invalid argument supplied for foreach() D:\phpStudy\WWW\0220\shop\Application\Runtime\Cache\Home\80afe00afd4a0f9452d05a2b0db4cef5.php 第 154 行.
NOTIC: [8] Undefined index: children D:\phpStudy\WWW\0220\shop\Application\Runtime\Cache\Home\80afe00afd4a0f9452d05a2b0db4cef5.php 第 154 行.
NOTIC: [2] Invalid argument supplied for foreach() D:\phpStudy\WWW\0220\shop\Application\Runtime\Cache\Home\80afe00afd4a0f9452d05a2b0db4cef5.php 第 154 行.
NOTIC: [8] Undefined index: children D:\phpStudy\WWW\0220\shop\Application\Runtime\Cache\Home\80afe00afd4a0f9452d05a2b0db4cef5.php 第 154 行.
NOTIC: [2] Invalid argument supplied for foreach() D:\phpStudy\WWW\0220\shop\Application\Runtime\Cache\Home\80afe00afd4a0f9452d05a2b0db4cef5.php 第 154 行.
NOTIC: [8] Undefined index: children D:\phpStudy\WWW\0220\shop\Application\Runtime\Cache\Home\80afe00afd4a0f9452d05a2b0db4cef5.php 第 154 行.
NOTIC: [2] Invalid argument supplied for foreach() D:\phpStudy\WWW\0220\shop\Application\Runtime\Cache\Home\80afe00afd4a0f9452d05a2b0db4cef5.php 第 154 行.
NOTIC: [8] Undefined index: children D:\phpStudy\WWW\0220\shop\Application\Runtime\Cache\Home\80afe00afd4a0f9452d05a2b0db4cef5.php 第 154 行.
NOTIC: [2] Invalid argument supplied for foreach() D:\phpStudy\WWW\0220\shop\Application\Runtime\Cache\Home\80afe00afd4a0f9452d05a2b0db4cef5.php 第 154 行.
NOTIC: [8] Undefined index: children D:\phpStudy\WWW\0220\shop\Application\Runtime\Cache\Home\80afe00afd4a0f9452d05a2b0db4cef5.php 第 154 行.
NOTIC: [2] Invalid argument supplied for foreach() D:\phpStudy\WWW\0220\shop\Application\Runtime\Cache\Home\80afe00afd4a0f9452d05a2b0db4cef5.php 第 154 行.
NOTIC: [8] Undefined index: children D:\phpStudy\WWW\0220\shop\Application\Runtime\Cache\Home\80afe00afd4a0f9452d05a2b0db4cef5.php 第 154 行.
NOTIC: [2] Invalid argument supplied for foreach() D:\phpStudy\WWW\0220\shop\Application\Runtime\Cache\Home\80afe00afd4a0f9452d05a2b0db4cef5.php 第 154 行.
NOTIC: [8] Undefined index: children D:\phpStudy\WWW\0220\shop\Application\Runtime\Cache\Home\80afe00afd4a0f9452d05a2b0db4cef5.php 第 154 行.
NOTIC: [2] Invalid argument supplied for foreach() D:\phpStudy\WWW\0220\shop\Application\Runtime\Cache\Home\80afe00afd4a0f9452d05a2b0db4cef5.php 第 154 行.
NOTIC: [8] Undefined index: children D:\phpStudy\WWW\0220\shop\Application\Runtime\Cache\Home\80afe00afd4a0f9452d05a2b0db4cef5.php 第 154 行.
NOTIC: [2] Invalid argument supplied for foreach() D:\phpStudy\WWW\0220\shop\Application\Runtime\Cache\Home\80afe00afd4a0f9452d05a2b0db4cef5.php 第 154 行.
NOTIC: [8] Undefined index: children D:\phpStudy\WWW\0220\shop\Application\Runtime\Cache\Home\80afe00afd4a0f9452d05a2b0db4cef5.php 第 154 行.
NOTIC: [2] Invalid argument supplied for foreach() D:\phpStudy\WWW\0220\shop\Application\Runtime\Cache\Home\80afe00afd4a0f9452d05a2b0db4cef5.php 第 154 行.
NOTIC: [8] Undefined index: children D:\phpStudy\WWW\0220\shop\Application\Runtime\Cache\Home\80afe00afd4a0f9452d05a2b0db4cef5.php 第 154 行.
NOTIC: [2] Invalid argument supplied for foreach() D:\phpStudy\WWW\0220\shop\Application\Runtime\Cache\Home\80afe00afd4a0f9452d05a2b0db4cef5.php 第 154 行.
NOTIC: [8] Undefined index: children D:\phpStudy\WWW\0220\shop\Application\Runtime\Cache\Home\80afe00afd4a0f9452d05a2b0db4cef5.php 第 154 行.
NOTIC: [2] Invalid argument supplied for foreach() D:\phpStudy\WWW\0220\shop\Application\Runtime\Cache\Home\80afe00afd4a0f9452d05a2b0db4cef5.php 第 154 行.
NOTIC: [8] Undefined index: children D:\phpStudy\WWW\0220\shop\Application\Runtime\Cache\Home\80afe00afd4a0f9452d05a2b0db4cef5.php 第 154 行.
NOTIC: [2] Invalid argument supplied for foreach() D:\phpStudy\WWW\0220\shop\Application\Runtime\Cache\Home\80afe00afd4a0f9452d05a2b0db4cef5.php 第 154 行.
NOTIC: [8] Undefined index: children D:\phpStudy\WWW\0220\shop\Application\Runtime\Cache\Home\80afe00afd4a0f9452d05a2b0db4cef5.php 第 150 行.
NOTIC: [2] Invalid argument supplied for foreach() D:\phpStudy\WWW\0220\shop\Application\Runtime\Cache\Home\80afe00afd4a0f9452d05a2b0db4cef5.php 第 150 行.
NOTIC: [8] Undefined index: children D:\phpStudy\WWW\0220\shop\Application\Runtime\Cache\Home\80afe00afd4a0f9452d05a2b0db4cef5.php 第 150 行.
NOTIC: [2] Invalid argument supplied for foreach() D:\phpStudy\WWW\0220\shop\Application\Runtime\Cache\Home\80afe00afd4a0f9452d05a2b0db4cef5.php 第 150 行.
NOTIC: [8] Undefined index: children D:\phpStudy\WWW\0220\shop\Application\Runtime\Cache\Home\80afe00afd4a0f9452d05a2b0db4cef5.php 第 150 行.
NOTIC: [2] Invalid argument supplied for foreach() D:\phpStudy\WWW\0220\shop\Application\Runtime\Cache\Home\80afe00afd4a0f9452d05a2b0db4cef5.php 第 150 行.
NOTIC: [8] Undefined index: children D:\phpStudy\WWW\0220\shop\Application\Runtime\Cache\Home\80afe00afd4a0f9452d05a2b0db4cef5.php 第 150 行.
NOTIC: [2] Invalid argument supplied for foreach() D:\phpStudy\WWW\0220\shop\Application\Runtime\Cache\Home\80afe00afd4a0f9452d05a2b0db4cef5.php 第 150 行.
NOTIC: [8] Undefined index: children D:\phpStudy\WWW\0220\shop\Application\Runtime\Cache\Home\80afe00afd4a0f9452d05a2b0db4cef5.php 第 150 行.
NOTIC: [2] Invalid argument supplied for foreach() D:\phpStudy\WWW\0220\shop\Application\Runtime\Cache\Home\80afe00afd4a0f9452d05a2b0db4cef5.php 第 150 行.
NOTIC: [8] Undefined index: children D:\phpStudy\WWW\0220\shop\Application\Runtime\Cache\Home\80afe00afd4a0f9452d05a2b0db4cef5.php 第 150 行.
NOTIC: [2] Invalid argument supplied for foreach() D:\phpStudy\WWW\0220\shop\Application\Runtime\Cache\Home\80afe00afd4a0f9452d05a2b0db4cef5.php 第 150 行.
NOTIC: [8] Undefined index: children D:\phpStudy\WWW\0220\shop\Application\Runtime\Cache\Home\80afe00afd4a0f9452d05a2b0db4cef5.php 第 150 行.
NOTIC: [2] Invalid argument supplied for foreach() D:\phpStudy\WWW\0220\shop\Application\Runtime\Cache\Home\80afe00afd4a0f9452d05a2b0db4cef5.php 第 150 行.
NOTIC: [8] Undefined index: children D:\phpStudy\WWW\0220\shop\Application\Runtime\Cache\Home\80afe00afd4a0f9452d05a2b0db4cef5.php 第 150 行.
NOTIC: [2] Invalid argument supplied for foreach() D:\phpStudy\WWW\0220\shop\Application\Runtime\Cache\Home\80afe00afd4a0f9452d05a2b0db4cef5.php 第 150 行.
INFO: Run Behavior\ParseTemplateBehavior [ RunTime:0.016001s ]
INFO: [ view_parse ] --END-- [ RunTime:0.016001s ]
INFO: [ view_filter ] --START--
INFO: Run Behavior\WriteHtmlCacheBehavior [ RunTime:0.001000s ]
INFO: [ view_filter ] --END-- [ RunTime:0.001000s ]
INFO: [ app_end ] --START--
INFO: Run Behavior\ShowPageTraceBehavior [ RunTime:0.000000s ]
INFO: [ app_end ] --END-- [ RunTime:0.000000s ]

[ 2017-03-09T19:14:16+08:00 ] 127.0.0.1 /Index.php/Home/User/ajax_chk_login.html
INFO: [ app_init ] --START--
INFO: Run Behavior\BuildLiteBehavior [ RunTime:0.000000s ]
INFO: [ app_init ] --END-- [ RunTime:0.001001s ]
INFO: [ app_begin ] --START--
INFO: Run Behavior\ReadHtmlCacheBehavior [ RunTime:0.001000s ]
INFO: [ app_begin ] --END-- [ RunTime:0.001000s ]
INFO: [ app_end ] --START--
INFO: Run Behavior\ShowPageTraceBehavior [ RunTime:0.001000s ]
INFO: [ app_end ] --END-- [ RunTime:0.002000s ]

[ 2017-03-09T19:14:22+08:00 ] 127.0.0.1 /Index.php/Home/Search/cat_search/cat_id/16/brand_id/6-%E5%AE%8F%E7%A2%81%EF%BC%88acer%EF%BC%89
INFO: [ app_init ] --START--
INFO: Run Behavior\BuildLiteBehavior [ RunTime:0.000000s ]
INFO: [ app_init ] --END-- [ RunTime:0.000000s ]
INFO: [ app_begin ] --START--
INFO: Run Behavior\ReadHtmlCacheBehavior [ RunTime:0.001000s ]
INFO: [ app_begin ] --END-- [ RunTime:0.001000s ]
NOTIC: [2048] Declaration of Admin\Model\CategoryModel::_after_insert() should be compatible with Think\Model::_after_insert($data, $options) D:\phpStudy\WWW\0220\shop\Application\Admin\Model\CategoryModel.class.php 第 4 行.
NOTIC: [2048] Declaration of Admin\Model\CategoryModel::_after_delete() should be compatible with Think\Model::_after_delete($data, $options) D:\phpStudy\WWW\0220\shop\Application\Admin\Model\CategoryModel.class.php 第 4 行.
SQL: SHOW COLUMNS FROM `mgs_category` [ RunTime:0.005000s ]
NOTIC: [2048] Declaration of Admin\Model\GoodsModel::_after_insert() should be compatible with Think\Model::_after_insert($data, $options) D:\phpStudy\WWW\0220\shop\Application\Admin\Model\GoodsModel.class.php 第 511 行.
SQL: SHOW COLUMNS FROM `mgs_goods` [ RunTime:0.004000s ]
SQL: SELECT * FROM `mgs_category`  [ RunTime:0.000000s ]
SQL: SELECT `id` FROM `mgs_goods` WHERE `cat_id` IN ('16')  [ RunTime:0.003000s ]
SQL: SHOW COLUMNS FROM `mgs_goodscat` [ RunTime:0.007001s ]
SQL: SELECT DISTINCT goods_id id FROM `mgs_goodscat` WHERE `cat_id` IN ('16')  [ RunTime:0.001000s ]
SQL: SELECT DISTINCT b.brand_name,b.id,b.logo FROM mgs_goods a left join mgs_brand b on a.brand_id=b.id   WHERE a.id IN ('54','62','71') AND a.brand_id <> 0 AND a.is_on_sale = '是' ORDER BY a.sort_num asc  [ RunTime:0.000000s ]
SQL: SELECT max(shop_price) max_price,min(shop_price) min_price FROM `mgs_goods` WHERE `id` IN ('54','62','71')  [ RunTime:0.001000s ]
NOTIC: D方法实例化没找到模型类Admin\Model\GoodsattrModel
SQL: SHOW COLUMNS FROM `mgs_goodsattr` [ RunTime:0.005000s ]
SQL: SELECT distinct(a.attr_value),a.attr_id,b.attr_name FROM mgs_goodsattr a left join mgs_attribute b on a.attr_id=b.id  WHERE `goods_id` IN ('54','62','71') GROUP BY a.attr_value  [ RunTime:0.001000s ]
INFO: [ view_parse ] --START--
INFO: [ template_filter ] --START--
INFO: Run Behavior\ContentReplaceBehavior [ RunTime:0.000000s ]
INFO: [ template_filter ] --END-- [ RunTime:0.000000s ]
NOTIC: [8] Undefined index: children D:\phpStudy\WWW\0220\shop\Application\Runtime\Cache\Home\80afe00afd4a0f9452d05a2b0db4cef5.php 第 154 行.
NOTIC: [2] Invalid argument supplied for foreach() D:\phpStudy\WWW\0220\shop\Application\Runtime\Cache\Home\80afe00afd4a0f9452d05a2b0db4cef5.php 第 154 行.
NOTIC: [8] Undefined index: children D:\phpStudy\WWW\0220\shop\Application\Runtime\Cache\Home\80afe00afd4a0f9452d05a2b0db4cef5.php 第 154 行.
NOTIC: [2] Invalid argument supplied for foreach() D:\phpStudy\WWW\0220\shop\Application\Runtime\Cache\Home\80afe00afd4a0f9452d05a2b0db4cef5.php 第 154 行.
NOTIC: [8] Undefined index: children D:\phpStudy\WWW\0220\shop\Application\Runtime\Cache\Home\80afe00afd4a0f9452d05a2b0db4cef5.php 第 154 行.
NOTIC: [2] Invalid argument supplied for foreach() D:\phpStudy\WWW\0220\shop\Application\Runtime\Cache\Home\80afe00afd4a0f9452d05a2b0db4cef5.php 第 154 行.
NOTIC: [8] Undefined index: children D:\phpStudy\WWW\0220\shop\Application\Runtime\Cache\Home\80afe00afd4a0f9452d05a2b0db4cef5.php 第 154 行.
NOTIC: [2] Invalid argument supplied for foreach() D:\phpStudy\WWW\0220\shop\Application\Runtime\Cache\Home\80afe00afd4a0f9452d05a2b0db4cef5.php 第 154 行.
NOTIC: [8] Undefined index: children D:\phpStudy\WWW\0220\shop\Application\Runtime\Cache\Home\80afe00afd4a0f9452d05a2b0db4cef5.php 第 154 行.
NOTIC: [2] Invalid argument supplied for foreach() D:\phpStudy\WWW\0220\shop\Application\Runtime\Cache\Home\80afe00afd4a0f9452d05a2b0db4cef5.php 第 154 行.
NOTIC: [8] Undefined index: children D:\phpStudy\WWW\0220\shop\Application\Runtime\Cache\Home\80afe00afd4a0f9452d05a2b0db4cef5.php 第 154 行.
NOTIC: [2] Invalid argument supplied for foreach() D:\phpStudy\WWW\0220\shop\Application\Runtime\Cache\Home\80afe00afd4a0f9452d05a2b0db4cef5.php 第 154 行.
NOTIC: [8] Undefined index: children D:\phpStudy\WWW\0220\shop\Application\Runtime\Cache\Home\80afe00afd4a0f9452d05a2b0db4cef5.php 第 154 行.
NOTIC: [2] Invalid argument supplied for foreach() D:\phpStudy\WWW\0220\shop\Application\Runtime\Cache\Home\80afe00afd4a0f9452d05a2b0db4cef5.php 第 154 行.
NOTIC: [8] Undefined index: children D:\phpStudy\WWW\0220\shop\Application\Runtime\Cache\Home\80afe00afd4a0f9452d05a2b0db4cef5.php 第 154 行.
NOTIC: [2] Invalid argument supplied for foreach() D:\phpStudy\WWW\0220\shop\Application\Runtime\Cache\Home\80afe00afd4a0f9452d05a2b0db4cef5.php 第 154 行.
NOTIC: [8] Undefined index: children D:\phpStudy\WWW\0220\shop\Application\Runtime\Cache\Home\80afe00afd4a0f9452d05a2b0db4cef5.php 第 154 行.
NOTIC: [2] Invalid argument supplied for foreach() D:\phpStudy\WWW\0220\shop\Application\Runtime\Cache\Home\80afe00afd4a0f9452d05a2b0db4cef5.php 第 154 行.
NOTIC: [8] Undefined index: children D:\phpStudy\WWW\0220\shop\Application\Runtime\Cache\Home\80afe00afd4a0f9452d05a2b0db4cef5.php 第 154 行.
NOTIC: [2] Invalid argument supplied for foreach() D:\phpStudy\WWW\0220\shop\Application\Runtime\Cache\Home\80afe00afd4a0f9452d05a2b0db4cef5.php 第 154 行.
NOTIC: [8] Undefined index: children D:\phpStudy\WWW\0220\shop\Application\Runtime\Cache\Home\80afe00afd4a0f9452d05a2b0db4cef5.php 第 154 行.
NOTIC: [2] Invalid argument supplied for foreach() D:\phpStudy\WWW\0220\shop\Application\Runtime\Cache\Home\80afe00afd4a0f9452d05a2b0db4cef5.php 第 154 行.
NOTIC: [8] Undefined index: children D:\phpStudy\WWW\0220\shop\Application\Runtime\Cache\Home\80afe00afd4a0f9452d05a2b0db4cef5.php 第 154 行.
NOTIC: [2] Invalid argument supplied for foreach() D:\phpStudy\WWW\0220\shop\Application\Runtime\Cache\Home\80afe00afd4a0f9452d05a2b0db4cef5.php 第 154 行.
NOTIC: [8] Undefined index: children D:\phpStudy\WWW\0220\shop\Application\Runtime\Cache\Home\80afe00afd4a0f9452d05a2b0db4cef5.php 第 154 行.
NOTIC: [2] Invalid argument supplied for foreach() D:\phpStudy\WWW\0220\shop\Application\Runtime\Cache\Home\80afe00afd4a0f9452d05a2b0db4cef5.php 第 154 行.
NOTIC: [8] Undefined index: children D:\phpStudy\WWW\0220\shop\Application\Runtime\Cache\Home\80afe00afd4a0f9452d05a2b0db4cef5.php 第 150 行.
NOTIC: [2] Invalid argument supplied for foreach() D:\phpStudy\WWW\0220\shop\Application\Runtime\Cache\Home\80afe00afd4a0f9452d05a2b0db4cef5.php 第 150 行.
NOTIC: [8] Undefined index: children D:\phpStudy\WWW\0220\shop\Application\Runtime\Cache\Home\80afe00afd4a0f9452d05a2b0db4cef5.php 第 150 行.
NOTIC: [2] Invalid argument supplied for foreach() D:\phpStudy\WWW\0220\shop\Application\Runtime\Cache\Home\80afe00afd4a0f9452d05a2b0db4cef5.php 第 150 行.
NOTIC: [8] Undefined index: children D:\phpStudy\WWW\0220\shop\Application\Runtime\Cache\Home\80afe00afd4a0f9452d05a2b0db4cef5.php 第 150 行.
NOTIC: [2] Invalid argument supplied for foreach() D:\phpStudy\WWW\0220\shop\Application\Runtime\Cache\Home\80afe00afd4a0f9452d05a2b0db4cef5.php 第 150 行.
NOTIC: [8] Undefined index: children D:\phpStudy\WWW\0220\shop\Application\Runtime\Cache\Home\80afe00afd4a0f9452d05a2b0db4cef5.php 第 150 行.
NOTIC: [2] Invalid argument supplied for foreach() D:\phpStudy\WWW\0220\shop\Application\Runtime\Cache\Home\80afe00afd4a0f9452d05a2b0db4cef5.php 第 150 行.
NOTIC: [8] Undefined index: children D:\phpStudy\WWW\0220\shop\Application\Runtime\Cache\Home\80afe00afd4a0f9452d05a2b0db4cef5.php 第 150 行.
NOTIC: [2] Invalid argument supplied for foreach() D:\phpStudy\WWW\0220\shop\Application\Runtime\Cache\Home\80afe00afd4a0f9452d05a2b0db4cef5.php 第 150 行.
NOTIC: [8] Undefined index: children D:\phpStudy\WWW\0220\shop\Application\Runtime\Cache\Home\80afe00afd4a0f9452d05a2b0db4cef5.php 第 150 行.
NOTIC: [2] Invalid argument supplied for foreach() D:\phpStudy\WWW\0220\shop\Application\Runtime\Cache\Home\80afe00afd4a0f9452d05a2b0db4cef5.php 第 150 行.
NOTIC: [8] Undefined index: children D:\phpStudy\WWW\0220\shop\Application\Runtime\Cache\Home\80afe00afd4a0f9452d05a2b0db4cef5.php 第 150 行.
NOTIC: [2] Invalid argument supplied for foreach() D:\phpStudy\WWW\0220\shop\Application\Runtime\Cache\Home\80afe00afd4a0f9452d05a2b0db4cef5.php 第 150 行.
NOTIC: [8] Undefined index: children D:\phpStudy\WWW\0220\shop\Application\Runtime\Cache\Home\80afe00afd4a0f9452d05a2b0db4cef5.php 第 150 行.
NOTIC: [2] Invalid argument supplied for foreach() D:\phpStudy\WWW\0220\shop\Application\Runtime\Cache\Home\80afe00afd4a0f9452d05a2b0db4cef5.php 第 150 行.
INFO: Run Behavior\ParseTemplateBehavior [ RunTime:0.019001s ]
INFO: [ view_parse ] --END-- [ RunTime:0.019001s ]
INFO: [ view_filter ] --START--
INFO: Run Behavior\WriteHtmlCacheBehavior [ RunTime:0.000000s ]
INFO: [ view_filter ] --END-- [ RunTime:0.000000s ]
INFO: [ app_end ] --START--
INFO: Run Behavior\ShowPageTraceBehavior [ RunTime:0.001001s ]
INFO: [ app_end ] --END-- [ RunTime:0.001001s ]

[ 2017-03-09T19:14:22+08:00 ] 127.0.0.1 /Index.php/Home/User/ajax_chk_login.html
INFO: [ app_init ] --START--
INFO: Run Behavior\BuildLiteBehavior [ RunTime:0.000000s ]
INFO: [ app_init ] --END-- [ RunTime:0.001000s ]
INFO: [ app_begin ] --START--
INFO: Run Behavior\ReadHtmlCacheBehavior [ RunTime:0.000000s ]
INFO: [ app_begin ] --END-- [ RunTime:0.000000s ]
INFO: [ app_end ] --START--
INFO: Run Behavior\ShowPageTraceBehavior [ RunTime:0.001000s ]
INFO: [ app_end ] --END-- [ RunTime:0.001000s ]

[ 2017-03-09T19:14:25+08:00 ] 127.0.0.1 /Index.php/Home/Search/cat_search/cat_id/16
INFO: [ app_init ] --START--
INFO: Run Behavior\BuildLiteBehavior [ RunTime:0.000000s ]
INFO: [ app_init ] --END-- [ RunTime:0.000000s ]
INFO: [ app_begin ] --START--
INFO: Run Behavior\ReadHtmlCacheBehavior [ RunTime:0.000000s ]
INFO: [ app_begin ] --END-- [ RunTime:0.000000s ]
NOTIC: [2048] Declaration of Admin\Model\CategoryModel::_after_insert() should be compatible with Think\Model::_after_insert($data, $options) D:\phpStudy\WWW\0220\shop\Application\Admin\Model\CategoryModel.class.php 第 4 行.
NOTIC: [2048] Declaration of Admin\Model\CategoryModel::_after_delete() should be compatible with Think\Model::_after_delete($data, $options) D:\phpStudy\WWW\0220\shop\Application\Admin\Model\CategoryModel.class.php 第 4 行.
SQL: SHOW COLUMNS FROM `mgs_category` [ RunTime:0.005000s ]
NOTIC: [2048] Declaration of Admin\Model\GoodsModel::_after_insert() should be compatible with Think\Model::_after_insert($data, $options) D:\phpStudy\WWW\0220\shop\Application\Admin\Model\GoodsModel.class.php 第 511 行.
SQL: SHOW COLUMNS FROM `mgs_goods` [ RunTime:0.007000s ]
SQL: SELECT * FROM `mgs_category`  [ RunTime:0.001001s ]
SQL: SELECT `id` FROM `mgs_goods` WHERE `cat_id` IN ('16')  [ RunTime:0.000000s ]
SQL: SHOW COLUMNS FROM `mgs_goodscat` [ RunTime:0.004000s ]
SQL: SELECT DISTINCT goods_id id FROM `mgs_goodscat` WHERE `cat_id` IN ('16')  [ RunTime:0.001000s ]
SQL: SELECT DISTINCT b.brand_name,b.id,b.logo FROM mgs_goods a left join mgs_brand b on a.brand_id=b.id   WHERE a.id IN ('54','62','71') AND a.brand_id <> 0 AND a.is_on_sale = '是' ORDER BY a.sort_num asc  [ RunTime:0.001000s ]
SQL: SELECT max(shop_price) max_price,min(shop_price) min_price FROM `mgs_goods` WHERE `id` IN ('54','62','71')  [ RunTime:0.000000s ]
NOTIC: D方法实例化没找到模型类Admin\Model\GoodsattrModel
SQL: SHOW COLUMNS FROM `mgs_goodsattr` [ RunTime:0.006000s ]
SQL: SELECT distinct(a.attr_value),a.attr_id,b.attr_name FROM mgs_goodsattr a left join mgs_attribute b on a.attr_id=b.id  WHERE `goods_id` IN ('54','62','71') GROUP BY a.attr_value  [ RunTime:0.001000s ]
INFO: [ view_parse ] --START--
INFO: [ template_filter ] --START--
INFO: Run Behavior\ContentReplaceBehavior [ RunTime:0.000000s ]
INFO: [ template_filter ] --END-- [ RunTime:0.000000s ]
NOTIC: [8] Undefined index: children D:\phpStudy\WWW\0220\shop\Application\Runtime\Cache\Home\80afe00afd4a0f9452d05a2b0db4cef5.php 第 154 行.
NOTIC: [2] Invalid argument supplied for foreach() D:\phpStudy\WWW\0220\shop\Application\Runtime\Cache\Home\80afe00afd4a0f9452d05a2b0db4cef5.php 第 154 行.
NOTIC: [8] Undefined index: children D:\phpStudy\WWW\0220\shop\Application\Runtime\Cache\Home\80afe00afd4a0f9452d05a2b0db4cef5.php 第 154 行.
NOTIC: [2] Invalid argument supplied for foreach() D:\phpStudy\WWW\0220\shop\Application\Runtime\Cache\Home\80afe00afd4a0f9452d05a2b0db4cef5.php 第 154 行.
NOTIC: [8] Undefined index: children D:\phpStudy\WWW\0220\shop\Application\Runtime\Cache\Home\80afe00afd4a0f9452d05a2b0db4cef5.php 第 154 行.
NOTIC: [2] Invalid argument supplied for foreach() D:\phpStudy\WWW\0220\shop\Application\Runtime\Cache\Home\80afe00afd4a0f9452d05a2b0db4cef5.php 第 154 行.
NOTIC: [8] Undefined index: children D:\phpStudy\WWW\0220\shop\Application\Runtime\Cache\Home\80afe00afd4a0f9452d05a2b0db4cef5.php 第 154 行.
NOTIC: [2] Invalid argument supplied for foreach() D:\phpStudy\WWW\0220\shop\Application\Runtime\Cache\Home\80afe00afd4a0f9452d05a2b0db4cef5.php 第 154 行.
NOTIC: [8] Undefined index: children D:\phpStudy\WWW\0220\shop\Application\Runtime\Cache\Home\80afe00afd4a0f9452d05a2b0db4cef5.php 第 154 行.
NOTIC: [2] Invalid argument supplied for foreach() D:\phpStudy\WWW\0220\shop\Application\Runtime\Cache\Home\80afe00afd4a0f9452d05a2b0db4cef5.php 第 154 行.
NOTIC: [8] Undefined index: children D:\phpStudy\WWW\0220\shop\Application\Runtime\Cache\Home\80afe00afd4a0f9452d05a2b0db4cef5.php 第 154 行.
NOTIC: [2] Invalid argument supplied for foreach() D:\phpStudy\WWW\0220\shop\Application\Runtime\Cache\Home\80afe00afd4a0f9452d05a2b0db4cef5.php 第 154 行.
NOTIC: [8] Undefined index: children D:\phpStudy\WWW\0220\shop\Application\Runtime\Cache\Home\80afe00afd4a0f9452d05a2b0db4cef5.php 第 154 行.
NOTIC: [2] Invalid argument supplied for foreach() D:\phpStudy\WWW\0220\shop\Application\Runtime\Cache\Home\80afe00afd4a0f9452d05a2b0db4cef5.php 第 154 行.
NOTIC: [8] Undefined index: children D:\phpStudy\WWW\0220\shop\Application\Runtime\Cache\Home\80afe00afd4a0f9452d05a2b0db4cef5.php 第 154 行.
NOTIC: [2] Invalid argument supplied for foreach() D:\phpStudy\WWW\0220\shop\Application\Runtime\Cache\Home\80afe00afd4a0f9452d05a2b0db4cef5.php 第 154 行.
NOTIC: [8] Undefined index: children D:\phpStudy\WWW\0220\shop\Application\Runtime\Cache\Home\80afe00afd4a0f9452d05a2b0db4cef5.php 第 154 行.
NOTIC: [2] Invalid argument supplied for foreach() D:\phpStudy\WWW\0220\shop\Application\Runtime\Cache\Home\80afe00afd4a0f9452d05a2b0db4cef5.php 第 154 行.
NOTIC: [8] Undefined index: children D:\phpStudy\WWW\0220\shop\Application\Runtime\Cache\Home\80afe00afd4a0f9452d05a2b0db4cef5.php 第 154 行.
NOTIC: [2] Invalid argument supplied for foreach() D:\phpStudy\WWW\0220\shop\Application\Runtime\Cache\Home\80afe00afd4a0f9452d05a2b0db4cef5.php 第 154 行.
NOTIC: [8] Undefined index: children D:\phpStudy\WWW\0220\shop\Application\Runtime\Cache\Home\80afe00afd4a0f9452d05a2b0db4cef5.php 第 154 行.
NOTIC: [2] Invalid argument supplied for foreach() D:\phpStudy\WWW\0220\shop\Application\Runtime\Cache\Home\80afe00afd4a0f9452d05a2b0db4cef5.php 第 154 行.
NOTIC: [8] Undefined index: children D:\phpStudy\WWW\0220\shop\Application\Runtime\Cache\Home\80afe00afd4a0f9452d05a2b0db4cef5.php 第 154 行.
NOTIC: [2] Invalid argument supplied for foreach() D:\phpStudy\WWW\0220\shop\Application\Runtime\Cache\Home\80afe00afd4a0f9452d05a2b0db4cef5.php 第 154 行.
NOTIC: [8] Undefined index: children D:\phpStudy\WWW\0220\shop\Application\Runtime\Cache\Home\80afe00afd4a0f9452d05a2b0db4cef5.php 第 154 行.
NOTIC: [2] Invalid argument supplied for foreach() D:\phpStudy\WWW\0220\shop\Application\Runtime\Cache\Home\80afe00afd4a0f9452d05a2b0db4cef5.php 第 154 行.
NOTIC: [8] Undefined index: children D:\phpStudy\WWW\0220\shop\Application\Runtime\Cache\Home\80afe00afd4a0f9452d05a2b0db4cef5.php 第 150 行.
NOTIC: [2] Invalid argument supplied for foreach() D:\phpStudy\WWW\0220\shop\Application\Runtime\Cache\Home\80afe00afd4a0f9452d05a2b0db4cef5.php 第 150 行.
NOTIC: [8] Undefined index: children D:\phpStudy\WWW\0220\shop\Application\Runtime\Cache\Home\80afe00afd4a0f9452d05a2b0db4cef5.php 第 150 行.
NOTIC: [2] Invalid argument supplied for foreach() D:\phpStudy\WWW\0220\shop\Application\Runtime\Cache\Home\80afe00afd4a0f9452d05a2b0db4cef5.php 第 150 行.
NOTIC: [8] Undefined index: children D:\phpStudy\WWW\0220\shop\Application\Runtime\Cache\Home\80afe00afd4a0f9452d05a2b0db4cef5.php 第 150 行.
NOTIC: [2] Invalid argument supplied for foreach() D:\phpStudy\WWW\0220\shop\Application\Runtime\Cache\Home\80afe00afd4a0f9452d05a2b0db4cef5.php 第 150 行.
NOTIC: [8] Undefined index: children D:\phpStudy\WWW\0220\shop\Application\Runtime\Cache\Home\80afe00afd4a0f9452d05a2b0db4cef5.php 第 150 行.
NOTIC: [2] Invalid argument supplied for foreach() D:\phpStudy\WWW\0220\shop\Application\Runtime\Cache\Home\80afe00afd4a0f9452d05a2b0db4cef5.php 第 150 行.
NOTIC: [8] Undefined index: children D:\phpStudy\WWW\0220\shop\Application\Runtime\Cache\Home\80afe00afd4a0f9452d05a2b0db4cef5.php 第 150 行.
NOTIC: [2] Invalid argument supplied for foreach() D:\phpStudy\WWW\0220\shop\Application\Runtime\Cache\Home\80afe00afd4a0f9452d05a2b0db4cef5.php 第 150 行.
NOTIC: [8] Undefined index: children D:\phpStudy\WWW\0220\shop\Application\Runtime\Cache\Home\80afe00afd4a0f9452d05a2b0db4cef5.php 第 150 行.
NOTIC: [2] Invalid argument supplied for foreach() D:\phpStudy\WWW\0220\shop\Application\Runtime\Cache\Home\80afe00afd4a0f9452d05a2b0db4cef5.php 第 150 行.
NOTIC: [8] Undefined index: children D:\phpStudy\WWW\0220\shop\Application\Runtime\Cache\Home\80afe00afd4a0f9452d05a2b0db4cef5.php 第 150 行.
NOTIC: [2] Invalid argument supplied for foreach() D:\phpStudy\WWW\0220\shop\Application\Runtime\Cache\Home\80afe00afd4a0f9452d05a2b0db4cef5.php 第 150 行.
NOTIC: [8] Undefined index: children D:\phpStudy\WWW\0220\shop\Application\Runtime\Cache\Home\80afe00afd4a0f9452d05a2b0db4cef5.php 第 150 行.
NOTIC: [2] Invalid argument supplied for foreach() D:\phpStudy\WWW\0220\shop\Application\Runtime\Cache\Home\80afe00afd4a0f9452d05a2b0db4cef5.php 第 150 行.
INFO: Run Behavior\ParseTemplateBehavior [ RunTime:0.018001s ]
INFO: [ view_parse ] --END-- [ RunTime:0.018001s ]
INFO: [ view_filter ] --START--
INFO: Run Behavior\WriteHtmlCacheBehavior [ RunTime:0.000000s ]
INFO: [ view_filter ] --END-- [ RunTime:0.000000s ]
INFO: [ app_end ] --START--
INFO: Run Behavior\ShowPageTraceBehavior [ RunTime:0.001001s ]
INFO: [ app_end ] --END-- [ RunTime:0.001001s ]

[ 2017-03-09T19:14:25+08:00 ] 127.0.0.1 /Index.php/Home/User/ajax_chk_login.html
INFO: [ app_init ] --START--
INFO: Run Behavior\BuildLiteBehavior [ RunTime:0.001000s ]
INFO: [ app_init ] --END-- [ RunTime:0.001000s ]
INFO: [ app_begin ] --START--
INFO: Run Behavior\ReadHtmlCacheBehavior [ RunTime:0.003000s ]
INFO: [ app_begin ] --END-- [ RunTime:0.003000s ]
INFO: [ app_end ] --START--
INFO: Run Behavior\ShowPageTraceBehavior [ RunTime:0.002000s ]
INFO: [ app_end ] --END-- [ RunTime:0.002000s ]

