[ 2017-03-11T22:34:49+08:00 ] 127.0.0.1 /Index.php/Home/Index/display_history/id/62.html
INFO: [ app_init ] --START--
INFO: Run Behavior\BuildLiteBehavior [ RunTime:0.000000s ]
INFO: [ app_init ] --END-- [ RunTime:0.000000s ]
INFO: [ app_begin ] --START--
INFO: Run Behavior\ReadHtmlCacheBehavior [ RunTime:0.000000s ]
INFO: [ app_begin ] --END-- [ RunTime:0.000000s ]
NOTIC: [2048] Declaration of Admin\Model\CategoryModel::_after_insert() should be compatible with Think\Model::_after_insert($data, $options) D:\phpStudy\WWW\0220\shop\Application\Admin\Model\CategoryModel.class.php 第 4 行.
NOTIC: [2048] Declaration of Admin\Model\CategoryModel::_after_delete() should be compatible with Think\Model::_after_delete($data, $options) D:\phpStudy\WWW\0220\shop\Application\Admin\Model\CategoryModel.class.php 第 4 行.
SQL: SHOW COLUMNS FROM `mgs_category` [ RunTime:0.025001s ]
NOTIC: [2048] Declaration of Admin\Model\GoodsModel::_after_insert() should be compatible with Think\Model::_after_insert($data, $options) D:\phpStudy\WWW\0220\shop\Application\Admin\Model\GoodsModel.class.php 第 792 行.
SQL: SHOW COLUMNS FROM `mgs_goods` [ RunTime:0.004000s ]
SQL: SELECT `id`,`mid_logo`,`goods_name` FROM `mgs_goods` WHERE `id` IN ('62','54','71','61','59','39') AND `is_on_sale` = '是' ORDER BY FIELD(id,62,54,71,61,59,39)  [ RunTime:0.000000s ]
INFO: [ app_end ] --START--
INFO: Run Behavior\ShowPageTraceBehavior [ RunTime:0.001000s ]
INFO: [ app_end ] --END-- [ RunTime:0.001000s ]

[ 2017-03-11T22:34:49+08:00 ] 127.0.0.1 /Index.php/Home/User/ajax_chk_login.html
INFO: [ app_init ] --START--
INFO: Run Behavior\BuildLiteBehavior [ RunTime:0.000000s ]
INFO: [ app_init ] --END-- [ RunTime:0.001000s ]
INFO: [ app_begin ] --START--
INFO: Run Behavior\ReadHtmlCacheBehavior [ RunTime:0.000000s ]
INFO: [ app_begin ] --END-- [ RunTime:0.001000s ]
INFO: [ app_end ] --START--
INFO: Run Behavior\ShowPageTraceBehavior [ RunTime:0.001000s ]
INFO: [ app_end ] --END-- [ RunTime:0.001000s ]

[ 2017-03-11T22:34:51+08:00 ] 127.0.0.1 /Index.php/Home/Comment/add
INFO: [ app_init ] --START--
INFO: Run Behavior\BuildLiteBehavior [ RunTime:0.000000s ]
INFO: [ app_init ] --END-- [ RunTime:0.000000s ]
INFO: [ app_begin ] --START--
INFO: Run Behavior\ReadHtmlCacheBehavior [ RunTime:0.001000s ]
INFO: [ app_begin ] --END-- [ RunTime:0.001000s ]
SQL: SHOW COLUMNS FROM `mgs_comment` [ RunTime:0.031002s ]

[ 2017-03-11T22:34:52+08:00 ] 127.0.0.1 /Index.php/Home/Index/getUserPri/goods_id/62.html
INFO: [ app_init ] --START--
INFO: Run Behavior\BuildLiteBehavior [ RunTime:0.000000s ]
INFO: [ app_init ] --END-- [ RunTime:0.001000s ]
INFO: [ app_begin ] --START--
INFO: Run Behavior\ReadHtmlCacheBehavior [ RunTime:0.001000s ]
INFO: [ app_begin ] --END-- [ RunTime:0.001000s ]
NOTIC: [2048] Declaration of Admin\Model\CategoryModel::_after_insert() should be compatible with Think\Model::_after_insert($data, $options) D:\phpStudy\WWW\0220\shop\Application\Admin\Model\CategoryModel.class.php 第 4 行.
NOTIC: [2048] Declaration of Admin\Model\CategoryModel::_after_delete() should be compatible with Think\Model::_after_delete($data, $options) D:\phpStudy\WWW\0220\shop\Application\Admin\Model\CategoryModel.class.php 第 4 行.
SQL: SHOW COLUMNS FROM `mgs_category` [ RunTime:0.007001s ]
NOTIC: [2048] Declaration of Admin\Model\GoodsModel::_after_insert() should be compatible with Think\Model::_after_insert($data, $options) D:\phpStudy\WWW\0220\shop\Application\Admin\Model\GoodsModel.class.php 第 792 行.
SQL: SHOW COLUMNS FROM `mgs_goods` [ RunTime:0.008001s ]
SQL: SELECT `shop_price` FROM `mgs_goods` WHERE `id` = 62 LIMIT 1   [ RunTime:0.002000s ]
SQL: SELECT `promote_price` FROM `mgs_goods` WHERE `id` = '62' AND `promote_price` > 0 AND `promote_start_date` <= '2017-03-11 22:34:52' AND `promote_end_date` >= '2017-03-11 22:34:52' LIMIT 1   [ RunTime:0.002000s ]
INFO: [ app_end ] --START--
INFO: Run Behavior\ShowPageTraceBehavior [ RunTime:0.001000s ]
INFO: [ app_end ] --END-- [ RunTime:0.001000s ]

[ 2017-03-11T22:34:54+08:00 ] 127.0.0.1 /Index.php/Home/Comment/add
INFO: [ app_init ] --START--
INFO: Run Behavior\BuildLiteBehavior [ RunTime:0.000000s ]
INFO: [ app_init ] --END-- [ RunTime:0.000000s ]
INFO: [ app_begin ] --START--
INFO: Run Behavior\ReadHtmlCacheBehavior [ RunTime:0.000000s ]
INFO: [ app_begin ] --END-- [ RunTime:0.000000s ]
SQL: SHOW COLUMNS FROM `mgs_comment` [ RunTime:0.006000s ]

[ 2017-03-11T22:34:55+08:00 ] 127.0.0.1 /Index.php/Home/Comment/add
INFO: [ app_init ] --START--
INFO: Run Behavior\BuildLiteBehavior [ RunTime:0.000000s ]
INFO: [ app_init ] --END-- [ RunTime:0.000000s ]
INFO: [ app_begin ] --START--
INFO: Run Behavior\ReadHtmlCacheBehavior [ RunTime:0.000000s ]
INFO: [ app_begin ] --END-- [ RunTime:0.000000s ]
SQL: SHOW COLUMNS FROM `mgs_comment` [ RunTime:0.005000s ]

[ 2017-03-11T22:34:56+08:00 ] 127.0.0.1 /Index.php/Home/Comment/add
INFO: [ app_init ] --START--
INFO: Run Behavior\BuildLiteBehavior [ RunTime:0.000000s ]
INFO: [ app_init ] --END-- [ RunTime:0.000000s ]
INFO: [ app_begin ] --START--
INFO: Run Behavior\ReadHtmlCacheBehavior [ RunTime:0.000000s ]
INFO: [ app_begin ] --END-- [ RunTime:0.000000s ]
SQL: SHOW COLUMNS FROM `mgs_comment` [ RunTime:0.004000s ]

[ 2017-03-11T22:34:57+08:00 ] 127.0.0.1 /Index.php/Home/Comment/add
INFO: [ app_init ] --START--
INFO: Run Behavior\BuildLiteBehavior [ RunTime:0.000000s ]
INFO: [ app_init ] --END-- [ RunTime:0.001000s ]
INFO: [ app_begin ] --START--
INFO: Run Behavior\ReadHtmlCacheBehavior [ RunTime:0.001000s ]
INFO: [ app_begin ] --END-- [ RunTime:0.001000s ]
SQL: SHOW COLUMNS FROM `mgs_comment` [ RunTime:0.017601s ]

[ 2017-03-11T22:34:58+08:00 ] 127.0.0.1 /Index.php/Home/Comment/add
INFO: [ app_init ] --START--
INFO: Run Behavior\BuildLiteBehavior [ RunTime:0.000000s ]
INFO: [ app_init ] --END-- [ RunTime:0.001000s ]
INFO: [ app_begin ] --START--
INFO: Run Behavior\ReadHtmlCacheBehavior [ RunTime:0.001000s ]
INFO: [ app_begin ] --END-- [ RunTime:0.001000s ]
SQL: SHOW COLUMNS FROM `mgs_comment` [ RunTime:0.005000s ]

[ 2017-03-11T22:34:59+08:00 ] 127.0.0.1 /Index.php/Home/Comment/add
INFO: [ app_init ] --START--
INFO: Run Behavior\BuildLiteBehavior [ RunTime:0.000000s ]
INFO: [ app_init ] --END-- [ RunTime:0.001000s ]
INFO: [ app_begin ] --START--
INFO: Run Behavior\ReadHtmlCacheBehavior [ RunTime:0.001000s ]
INFO: [ app_begin ] --END-- [ RunTime:0.001000s ]
SQL: SHOW COLUMNS FROM `mgs_comment` [ RunTime:0.004000s ]

[ 2017-03-11T22:35:00+08:00 ] 127.0.0.1 /Index.php/Home/Comment/add
INFO: [ app_init ] --START--
INFO: Run Behavior\BuildLiteBehavior [ RunTime:0.000000s ]
INFO: [ app_init ] --END-- [ RunTime:0.000000s ]
INFO: [ app_begin ] --START--
INFO: Run Behavior\ReadHtmlCacheBehavior [ RunTime:0.000000s ]
INFO: [ app_begin ] --END-- [ RunTime:0.000000s ]
SQL: SHOW COLUMNS FROM `mgs_comment` [ RunTime:0.003000s ]

[ 2017-03-11T22:35:01+08:00 ] 127.0.0.1 /Index.php/Home/Comment/add
INFO: [ app_init ] --START--
INFO: Run Behavior\BuildLiteBehavior [ RunTime:0.000000s ]
INFO: [ app_init ] --END-- [ RunTime:0.001000s ]
INFO: [ app_begin ] --START--
INFO: Run Behavior\ReadHtmlCacheBehavior [ RunTime:0.001000s ]
INFO: [ app_begin ] --END-- [ RunTime:0.001000s ]
SQL: SHOW COLUMNS FROM `mgs_comment` [ RunTime:0.005001s ]

[ 2017-03-11T22:36:07+08:00 ] 127.0.0.1 /Index.php/Home/Index/index
INFO: [ app_init ] --START--
INFO: Run Behavior\BuildLiteBehavior [ RunTime:0.000000s ]
INFO: [ app_init ] --END-- [ RunTime:0.000000s ]
INFO: [ app_begin ] --START--
INFO: Run Behavior\ReadHtmlCacheBehavior [ RunTime:0.001000s ]
INFO: [ app_begin ] --END-- [ RunTime:0.001000s ]
NOTIC: [2048] Declaration of Admin\Model\CategoryModel::_after_insert() should be compatible with Think\Model::_after_insert($data, $options) D:\phpStudy\WWW\0220\shop\Application\Admin\Model\CategoryModel.class.php 第 4 行.
NOTIC: [2048] Declaration of Admin\Model\CategoryModel::_after_delete() should be compatible with Think\Model::_after_delete($data, $options) D:\phpStudy\WWW\0220\shop\Application\Admin\Model\CategoryModel.class.php 第 4 行.
SQL: SHOW COLUMNS FROM `mgs_category` [ RunTime:0.006000s ]
NOTIC: [2048] Declaration of Admin\Model\GoodsModel::_after_insert() should be compatible with Think\Model::_after_insert($data, $options) D:\phpStudy\WWW\0220\shop\Application\Admin\Model\GoodsModel.class.php 第 792 行.
SQL: SHOW COLUMNS FROM `mgs_goods` [ RunTime:0.007001s ]
SQL: SELECT `id`,`goods_name`,`shop_price`,`promote_price`,`mid_logo` FROM `mgs_goods` WHERE `is_on_sale` = '是' AND `promote_price` > 0 AND `promote_start_date` <= '2017-03-11 22:36:07' AND `promote_end_date` >= '2017-03-11 22:36:07' ORDER BY sort_num asc LIMIT 5   [ RunTime:0.001000s ]
SQL: SELECT `id`,`goods_name`,`shop_price`,`promote_price`,`mid_logo` FROM `mgs_goods` WHERE `is_on_sale` = '是' AND `is_new` = '是' ORDER BY sort_num asc LIMIT 5   [ RunTime:0.001000s ]
SQL: SELECT `id`,`goods_name`,`shop_price`,`promote_price`,`mid_logo` FROM `mgs_goods` WHERE `is_on_sale` = '是' AND `is_hot` = '是' ORDER BY sort_num asc LIMIT 5   [ RunTime:0.000000s ]
SQL: SELECT `id`,`goods_name`,`shop_price`,`promote_price`,`mid_logo` FROM `mgs_goods` WHERE `is_on_sale` = '是' AND `is_best` = '是' ORDER BY sort_num asc LIMIT 5   [ RunTime:0.000000s ]
INFO: [ view_parse ] --START--
INFO: [ template_filter ] --START--
INFO: Run Behavior\ContentReplaceBehavior [ RunTime:0.000000s ]
INFO: [ template_filter ] --END-- [ RunTime:0.000000s ]
NOTIC: [8] Use of undefined constant 请输入商品关键字 - assumed '请输入商品关键字' D:\phpStudy\WWW\0220\shop\Application\Runtime\Cache\Home\2a94b8bda04ff446dcedd42276fc99ee.php 第 52 行.
NOTIC: [8] Undefined index: children D:\phpStudy\WWW\0220\shop\Application\Runtime\Cache\Home\2a94b8bda04ff446dcedd42276fc99ee.php 第 151 行.
NOTIC: [2] Invalid argument supplied for foreach() D:\phpStudy\WWW\0220\shop\Application\Runtime\Cache\Home\2a94b8bda04ff446dcedd42276fc99ee.php 第 151 行.
NOTIC: [8] Undefined index: children D:\phpStudy\WWW\0220\shop\Application\Runtime\Cache\Home\2a94b8bda04ff446dcedd42276fc99ee.php 第 151 行.
NOTIC: [2] Invalid argument supplied for foreach() D:\phpStudy\WWW\0220\shop\Application\Runtime\Cache\Home\2a94b8bda04ff446dcedd42276fc99ee.php 第 151 行.
NOTIC: [8] Undefined index: children D:\phpStudy\WWW\0220\shop\Application\Runtime\Cache\Home\2a94b8bda04ff446dcedd42276fc99ee.php 第 151 行.
NOTIC: [2] Invalid argument supplied for foreach() D:\phpStudy\WWW\0220\shop\Application\Runtime\Cache\Home\2a94b8bda04ff446dcedd42276fc99ee.php 第 151 行.
NOTIC: [8] Undefined index: children D:\phpStudy\WWW\0220\shop\Application\Runtime\Cache\Home\2a94b8bda04ff446dcedd42276fc99ee.php 第 151 行.
NOTIC: [2] Invalid argument supplied for foreach() D:\phpStudy\WWW\0220\shop\Application\Runtime\Cache\Home\2a94b8bda04ff446dcedd42276fc99ee.php 第 151 行.
NOTIC: [8] Undefined index: children D:\phpStudy\WWW\0220\shop\Application\Runtime\Cache\Home\2a94b8bda04ff446dcedd42276fc99ee.php 第 151 行.
NOTIC: [2] Invalid argument supplied for foreach() D:\phpStudy\WWW\0220\shop\Application\Runtime\Cache\Home\2a94b8bda04ff446dcedd42276fc99ee.php 第 151 行.
NOTIC: [8] Undefined index: children D:\phpStudy\WWW\0220\shop\Application\Runtime\Cache\Home\2a94b8bda04ff446dcedd42276fc99ee.php 第 151 行.
NOTIC: [2] Invalid argument supplied for foreach() D:\phpStudy\WWW\0220\shop\Application\Runtime\Cache\Home\2a94b8bda04ff446dcedd42276fc99ee.php 第 151 行.
NOTIC: [8] Undefined index: children D:\phpStudy\WWW\0220\shop\Application\Runtime\Cache\Home\2a94b8bda04ff446dcedd42276fc99ee.php 第 151 行.
NOTIC: [2] Invalid argument supplied for foreach() D:\phpStudy\WWW\0220\shop\Application\Runtime\Cache\Home\2a94b8bda04ff446dcedd42276fc99ee.php 第 151 行.
NOTIC: [8] Undefined index: children D:\phpStudy\WWW\0220\shop\Application\Runtime\Cache\Home\2a94b8bda04ff446dcedd42276fc99ee.php 第 151 行.
NOTIC: [2] Invalid argument supplied for foreach() D:\phpStudy\WWW\0220\shop\Application\Runtime\Cache\Home\2a94b8bda04ff446dcedd42276fc99ee.php 第 151 行.
NOTIC: [8] Undefined index: children D:\phpStudy\WWW\0220\shop\Application\Runtime\Cache\Home\2a94b8bda04ff446dcedd42276fc99ee.php 第 151 行.
NOTIC: [2] Invalid argument supplied for foreach() D:\phpStudy\WWW\0220\shop\Application\Runtime\Cache\Home\2a94b8bda04ff446dcedd42276fc99ee.php 第 151 行.
NOTIC: [8] Undefined index: children D:\phpStudy\WWW\0220\shop\Application\Runtime\Cache\Home\2a94b8bda04ff446dcedd42276fc99ee.php 第 151 行.
NOTIC: [2] Invalid argument supplied for foreach() D:\phpStudy\WWW\0220\shop\Application\Runtime\Cache\Home\2a94b8bda04ff446dcedd42276fc99ee.php 第 151 行.
NOTIC: [8] Undefined index: children D:\phpStudy\WWW\0220\shop\Application\Runtime\Cache\Home\2a94b8bda04ff446dcedd42276fc99ee.php 第 151 行.
NOTIC: [2] Invalid argument supplied for foreach() D:\phpStudy\WWW\0220\shop\Application\Runtime\Cache\Home\2a94b8bda04ff446dcedd42276fc99ee.php 第 151 行.
NOTIC: [8] Undefined index: children D:\phpStudy\WWW\0220\shop\Application\Runtime\Cache\Home\2a94b8bda04ff446dcedd42276fc99ee.php 第 151 行.
NOTIC: [2] Invalid argument supplied for foreach() D:\phpStudy\WWW\0220\shop\Application\Runtime\Cache\Home\2a94b8bda04ff446dcedd42276fc99ee.php 第 151 行.
NOTIC: [8] Undefined index: children D:\phpStudy\WWW\0220\shop\Application\Runtime\Cache\Home\2a94b8bda04ff446dcedd42276fc99ee.php 第 151 行.
NOTIC: [2] Invalid argument supplied for foreach() D:\phpStudy\WWW\0220\shop\Application\Runtime\Cache\Home\2a94b8bda04ff446dcedd42276fc99ee.php 第 151 行.
NOTIC: [8] Undefined index: children D:\phpStudy\WWW\0220\shop\Application\Runtime\Cache\Home\2a94b8bda04ff446dcedd42276fc99ee.php 第 147 行.
NOTIC: [2] Invalid argument supplied for foreach() D:\phpStudy\WWW\0220\shop\Application\Runtime\Cache\Home\2a94b8bda04ff446dcedd42276fc99ee.php 第 147 行.
NOTIC: [8] Undefined index: children D:\phpStudy\WWW\0220\shop\Application\Runtime\Cache\Home\2a94b8bda04ff446dcedd42276fc99ee.php 第 147 行.
NOTIC: [2] Invalid argument supplied for foreach() D:\phpStudy\WWW\0220\shop\Application\Runtime\Cache\Home\2a94b8bda04ff446dcedd42276fc99ee.php 第 147 行.
NOTIC: [8] Undefined index: children D:\phpStudy\WWW\0220\shop\Application\Runtime\Cache\Home\2a94b8bda04ff446dcedd42276fc99ee.php 第 147 行.
NOTIC: [2] Invalid argument supplied for foreach() D:\phpStudy\WWW\0220\shop\Application\Runtime\Cache\Home\2a94b8bda04ff446dcedd42276fc99ee.php 第 147 行.
NOTIC: [8] Undefined index: children D:\phpStudy\WWW\0220\shop\Application\Runtime\Cache\Home\2a94b8bda04ff446dcedd42276fc99ee.php 第 147 行.
NOTIC: [2] Invalid argument supplied for foreach() D:\phpStudy\WWW\0220\shop\Application\Runtime\Cache\Home\2a94b8bda04ff446dcedd42276fc99ee.php 第 147 行.
NOTIC: [8] Undefined index: children D:\phpStudy\WWW\0220\shop\Application\Runtime\Cache\Home\2a94b8bda04ff446dcedd42276fc99ee.php 第 147 行.
NOTIC: [2] Invalid argument supplied for foreach() D:\phpStudy\WWW\0220\shop\Application\Runtime\Cache\Home\2a94b8bda04ff446dcedd42276fc99ee.php 第 147 行.
NOTIC: [8] Undefined index: children D:\phpStudy\WWW\0220\shop\Application\Runtime\Cache\Home\2a94b8bda04ff446dcedd42276fc99ee.php 第 147 行.
NOTIC: [2] Invalid argument supplied for foreach() D:\phpStudy\WWW\0220\shop\Application\Runtime\Cache\Home\2a94b8bda04ff446dcedd42276fc99ee.php 第 147 行.
NOTIC: [8] Undefined index: children D:\phpStudy\WWW\0220\shop\Application\Runtime\Cache\Home\2a94b8bda04ff446dcedd42276fc99ee.php 第 147 行.
NOTIC: [2] Invalid argument supplied for foreach() D:\phpStudy\WWW\0220\shop\Application\Runtime\Cache\Home\2a94b8bda04ff446dcedd42276fc99ee.php 第 147 行.
NOTIC: [8] Undefined index: children D:\phpStudy\WWW\0220\shop\Application\Runtime\Cache\Home\2a94b8bda04ff446dcedd42276fc99ee.php 第 147 行.
NOTIC: [2] Invalid argument supplied for foreach() D:\phpStudy\WWW\0220\shop\Application\Runtime\Cache\Home\2a94b8bda04ff446dcedd42276fc99ee.php 第 147 行.
NOTIC: [2] Invalid argument supplied for foreach() D:\phpStudy\WWW\0220\shop\Application\Runtime\Cache\Home\2a94b8bda04ff446dcedd42276fc99ee.php 第 510 行.
NOTIC: [2] Invalid argument supplied for foreach() D:\phpStudy\WWW\0220\shop\Application\Runtime\Cache\Home\2a94b8bda04ff446dcedd42276fc99ee.php 第 510 行.
INFO: Run Behavior\ParseTemplateBehavior [ RunTime:0.027001s ]
INFO: [ view_parse ] --END-- [ RunTime:0.027001s ]
INFO: [ view_filter ] --START--
INFO: Run Behavior\WriteHtmlCacheBehavior [ RunTime:0.001001s ]
INFO: [ view_filter ] --END-- [ RunTime:0.001001s ]
INFO: [ app_end ] --START--
INFO: Run Behavior\ShowPageTraceBehavior [ RunTime:0.000000s ]
INFO: [ app_end ] --END-- [ RunTime:0.000000s ]

[ 2017-03-11T22:36:12+08:00 ] 127.0.0.1 /Index.php/Home/User/ajax_chk_login.html
INFO: [ app_init ] --START--
INFO: Run Behavior\BuildLiteBehavior [ RunTime:0.000000s ]
INFO: [ app_init ] --END-- [ RunTime:0.000000s ]
INFO: [ app_begin ] --START--
INFO: Run Behavior\ReadHtmlCacheBehavior [ RunTime:0.000000s ]
INFO: [ app_begin ] --END-- [ RunTime:0.000000s ]
INFO: [ app_end ] --START--
INFO: Run Behavior\ShowPageTraceBehavior [ RunTime:0.001000s ]
INFO: [ app_end ] --END-- [ RunTime:0.001000s ]

[ 2017-03-11T22:36:15+08:00 ] 127.0.0.1 /Index.php/Home/Index/goods/id/61.html
INFO: [ app_init ] --START--
INFO: Run Behavior\BuildLiteBehavior [ RunTime:0.000000s ]
INFO: [ app_init ] --END-- [ RunTime:0.001000s ]
INFO: [ app_begin ] --START--
INFO: Run Behavior\ReadHtmlCacheBehavior [ RunTime:0.001000s ]
INFO: [ app_begin ] --END-- [ RunTime:0.001000s ]
NOTIC: [2048] Declaration of Admin\Model\CategoryModel::_after_insert() should be compatible with Think\Model::_after_insert($data, $options) D:\phpStudy\WWW\0220\shop\Application\Admin\Model\CategoryModel.class.php 第 4 行.
NOTIC: [2048] Declaration of Admin\Model\CategoryModel::_after_delete() should be compatible with Think\Model::_after_delete($data, $options) D:\phpStudy\WWW\0220\shop\Application\Admin\Model\CategoryModel.class.php 第 4 行.
SQL: SHOW COLUMNS FROM `mgs_category` [ RunTime:0.004001s ]
NOTIC: [2048] Declaration of Admin\Model\GoodsModel::_after_insert() should be compatible with Think\Model::_after_insert($data, $options) D:\phpStudy\WWW\0220\shop\Application\Admin\Model\GoodsModel.class.php 第 792 行.
SQL: SHOW COLUMNS FROM `mgs_goods` [ RunTime:0.005000s ]
SQL: SELECT * FROM `mgs_goods` WHERE `id` = '61' AND `is_on_sale` = '是' LIMIT 1   [ RunTime:0.039002s ]
SQL: SELECT `id`,`cat_name`,`parent_id` FROM `mgs_category` WHERE `id` = '16' LIMIT 1   [ RunTime:0.001001s ]
SQL: SELECT `id`,`cat_name`,`parent_id` FROM `mgs_category` WHERE `id` = '1' LIMIT 1   [ RunTime:0.000000s ]
SQL: SHOW COLUMNS FROM `mgs_attribute` [ RunTime:0.005000s ]
SQL: SELECT b.id goods_attr_id,b.attr_value,a.attr_name,a.attr_type,a.id attr_id FROM mgs_attribute a left join mgs_goodsattr b on a.id=b.attr_id  WHERE b.goods_id = '61'  [ RunTime:0.028001s ]
NOTIC: D方法实例化没找到模型类Admin\Model\GoodsPicModel
SQL: SHOW COLUMNS FROM `mgs_goods_pic` [ RunTime:0.005001s ]
SQL: SELECT * FROM `mgs_goods_pic` WHERE `goods_id` = '61'  [ RunTime:0.000000s ]
NOTIC: [2048] Declaration of Admin\Model\UserpriceModel::_after_insert() should be compatible with Think\Model::_after_insert($data, $options) D:\phpStudy\WWW\0220\shop\Application\Admin\Model\UserpriceModel.class.php 第 113 行.
SQL: SHOW COLUMNS FROM `mgs_userprice` [ RunTime:0.004000s ]
SQL: SELECT a.price,b.level_name FROM mgs_userprice a left join mgs_userlevel b on a.level_id=b.id  WHERE `goods_id` = '61'  [ RunTime:0.062004s ]
INFO: [ view_parse ] --START--
INFO: [ template_filter ] --START--
INFO: Run Behavior\ContentReplaceBehavior [ RunTime:0.000000s ]
INFO: [ template_filter ] --END-- [ RunTime:0.000000s ]
NOTIC: [8] Use of undefined constant 请输入商品关键字 - assumed '请输入商品关键字' D:\phpStudy\WWW\0220\shop\Application\Runtime\Cache\Home\862a52d698112494831f0f0bc6d3727d.php 第 52 行.
NOTIC: [8] Undefined index: children D:\phpStudy\WWW\0220\shop\Application\Runtime\Cache\Home\862a52d698112494831f0f0bc6d3727d.php 第 151 行.
NOTIC: [2] Invalid argument supplied for foreach() D:\phpStudy\WWW\0220\shop\Application\Runtime\Cache\Home\862a52d698112494831f0f0bc6d3727d.php 第 151 行.
NOTIC: [8] Undefined index: children D:\phpStudy\WWW\0220\shop\Application\Runtime\Cache\Home\862a52d698112494831f0f0bc6d3727d.php 第 151 行.
NOTIC: [2] Invalid argument supplied for foreach() D:\phpStudy\WWW\0220\shop\Application\Runtime\Cache\Home\862a52d698112494831f0f0bc6d3727d.php 第 151 行.
NOTIC: [8] Undefined index: children D:\phpStudy\WWW\0220\shop\Application\Runtime\Cache\Home\862a52d698112494831f0f0bc6d3727d.php 第 151 行.
NOTIC: [2] Invalid argument supplied for foreach() D:\phpStudy\WWW\0220\shop\Application\Runtime\Cache\Home\862a52d698112494831f0f0bc6d3727d.php 第 151 行.
NOTIC: [8] Undefined index: children D:\phpStudy\WWW\0220\shop\Application\Runtime\Cache\Home\862a52d698112494831f0f0bc6d3727d.php 第 151 行.
NOTIC: [2] Invalid argument supplied for foreach() D:\phpStudy\WWW\0220\shop\Application\Runtime\Cache\Home\862a52d698112494831f0f0bc6d3727d.php 第 151 行.
NOTIC: [8] Undefined index: children D:\phpStudy\WWW\0220\shop\Application\Runtime\Cache\Home\862a52d698112494831f0f0bc6d3727d.php 第 151 行.
NOTIC: [2] Invalid argument supplied for foreach() D:\phpStudy\WWW\0220\shop\Application\Runtime\Cache\Home\862a52d698112494831f0f0bc6d3727d.php 第 151 行.
NOTIC: [8] Undefined index: children D:\phpStudy\WWW\0220\shop\Application\Runtime\Cache\Home\862a52d698112494831f0f0bc6d3727d.php 第 151 行.
NOTIC: [2] Invalid argument supplied for foreach() D:\phpStudy\WWW\0220\shop\Application\Runtime\Cache\Home\862a52d698112494831f0f0bc6d3727d.php 第 151 行.
NOTIC: [8] Undefined index: children D:\phpStudy\WWW\0220\shop\Application\Runtime\Cache\Home\862a52d698112494831f0f0bc6d3727d.php 第 151 行.
NOTIC: [2] Invalid argument supplied for foreach() D:\phpStudy\WWW\0220\shop\Application\Runtime\Cache\Home\862a52d698112494831f0f0bc6d3727d.php 第 151 行.
NOTIC: [8] Undefined index: children D:\phpStudy\WWW\0220\shop\Application\Runtime\Cache\Home\862a52d698112494831f0f0bc6d3727d.php 第 151 行.
NOTIC: [2] Invalid argument supplied for foreach() D:\phpStudy\WWW\0220\shop\Application\Runtime\Cache\Home\862a52d698112494831f0f0bc6d3727d.php 第 151 行.
NOTIC: [8] Undefined index: children D:\phpStudy\WWW\0220\shop\Application\Runtime\Cache\Home\862a52d698112494831f0f0bc6d3727d.php 第 151 行.
NOTIC: [2] Invalid argument supplied for foreach() D:\phpStudy\WWW\0220\shop\Application\Runtime\Cache\Home\862a52d698112494831f0f0bc6d3727d.php 第 151 行.
NOTIC: [8] Undefined index: children D:\phpStudy\WWW\0220\shop\Application\Runtime\Cache\Home\862a52d698112494831f0f0bc6d3727d.php 第 151 行.
NOTIC: [2] Invalid argument supplied for foreach() D:\phpStudy\WWW\0220\shop\Application\Runtime\Cache\Home\862a52d698112494831f0f0bc6d3727d.php 第 151 行.
NOTIC: [8] Undefined index: children D:\phpStudy\WWW\0220\shop\Application\Runtime\Cache\Home\862a52d698112494831f0f0bc6d3727d.php 第 151 行.
NOTIC: [2] Invalid argument supplied for foreach() D:\phpStudy\WWW\0220\shop\Application\Runtime\Cache\Home\862a52d698112494831f0f0bc6d3727d.php 第 151 行.
NOTIC: [8] Undefined index: children D:\phpStudy\WWW\0220\shop\Application\Runtime\Cache\Home\862a52d698112494831f0f0bc6d3727d.php 第 151 行.
NOTIC: [2] Invalid argument supplied for foreach() D:\phpStudy\WWW\0220\shop\Application\Runtime\Cache\Home\862a52d698112494831f0f0bc6d3727d.php 第 151 行.
NOTIC: [8] Undefined index: children D:\phpStudy\WWW\0220\shop\Application\Runtime\Cache\Home\862a52d698112494831f0f0bc6d3727d.php 第 151 行.
NOTIC: [2] Invalid argument supplied for foreach() D:\phpStudy\WWW\0220\shop\Application\Runtime\Cache\Home\862a52d698112494831f0f0bc6d3727d.php 第 151 行.
NOTIC: [8] Undefined index: children D:\phpStudy\WWW\0220\shop\Application\Runtime\Cache\Home\862a52d698112494831f0f0bc6d3727d.php 第 147 行.
NOTIC: [2] Invalid argument supplied for foreach() D:\phpStudy\WWW\0220\shop\Application\Runtime\Cache\Home\862a52d698112494831f0f0bc6d3727d.php 第 147 行.
NOTIC: [8] Undefined index: children D:\phpStudy\WWW\0220\shop\Application\Runtime\Cache\Home\862a52d698112494831f0f0bc6d3727d.php 第 147 行.
NOTIC: [2] Invalid argument supplied for foreach() D:\phpStudy\WWW\0220\shop\Application\Runtime\Cache\Home\862a52d698112494831f0f0bc6d3727d.php 第 147 行.
NOTIC: [8] Undefined index: children D:\phpStudy\WWW\0220\shop\Application\Runtime\Cache\Home\862a52d698112494831f0f0bc6d3727d.php 第 147 行.
NOTIC: [2] Invalid argument supplied for foreach() D:\phpStudy\WWW\0220\shop\Application\Runtime\Cache\Home\862a52d698112494831f0f0bc6d3727d.php 第 147 行.
NOTIC: [8] Undefined index: children D:\phpStudy\WWW\0220\shop\Application\Runtime\Cache\Home\862a52d698112494831f0f0bc6d3727d.php 第 147 行.
NOTIC: [2] Invalid argument supplied for foreach() D:\phpStudy\WWW\0220\shop\Application\Runtime\Cache\Home\862a52d698112494831f0f0bc6d3727d.php 第 147 行.
NOTIC: [8] Undefined index: children D:\phpStudy\WWW\0220\shop\Application\Runtime\Cache\Home\862a52d698112494831f0f0bc6d3727d.php 第 147 行.
NOTIC: [2] Invalid argument supplied for foreach() D:\phpStudy\WWW\0220\shop\Application\Runtime\Cache\Home\862a52d698112494831f0f0bc6d3727d.php 第 147 行.
NOTIC: [8] Undefined index: children D:\phpStudy\WWW\0220\shop\Application\Runtime\Cache\Home\862a52d698112494831f0f0bc6d3727d.php 第 147 行.
NOTIC: [2] Invalid argument supplied for foreach() D:\phpStudy\WWW\0220\shop\Application\Runtime\Cache\Home\862a52d698112494831f0f0bc6d3727d.php 第 147 行.
NOTIC: [8] Undefined index: children D:\phpStudy\WWW\0220\shop\Application\Runtime\Cache\Home\862a52d698112494831f0f0bc6d3727d.php 第 147 行.
NOTIC: [2] Invalid argument supplied for foreach() D:\phpStudy\WWW\0220\shop\Application\Runtime\Cache\Home\862a52d698112494831f0f0bc6d3727d.php 第 147 行.
NOTIC: [8] Undefined index: children D:\phpStudy\WWW\0220\shop\Application\Runtime\Cache\Home\862a52d698112494831f0f0bc6d3727d.php 第 147 行.
NOTIC: [2] Invalid argument supplied for foreach() D:\phpStudy\WWW\0220\shop\Application\Runtime\Cache\Home\862a52d698112494831f0f0bc6d3727d.php 第 147 行.
NOTIC: [2] Invalid argument supplied for foreach() D:\phpStudy\WWW\0220\shop\Application\Runtime\Cache\Home\862a52d698112494831f0f0bc6d3727d.php 第 359 行.
INFO: Run Behavior\ParseTemplateBehavior [ RunTime:0.046002s ]
INFO: [ view_parse ] --END-- [ RunTime:0.046002s ]
INFO: [ view_filter ] --START--
INFO: Run Behavior\WriteHtmlCacheBehavior [ RunTime:0.001000s ]
INFO: [ view_filter ] --END-- [ RunTime:0.001000s ]
INFO: [ app_end ] --START--
INFO: Run Behavior\ShowPageTraceBehavior [ RunTime:0.000000s ]
INFO: [ app_end ] --END-- [ RunTime:0.000000s ]

[ 2017-03-11T22:36:17+08:00 ] 127.0.0.1 /Index.php/Home/Index/display_history/id/61.html
INFO: [ app_init ] --START--
INFO: Run Behavior\BuildLiteBehavior [ RunTime:0.000000s ]
INFO: [ app_init ] --END-- [ RunTime:0.001000s ]
INFO: [ app_begin ] --START--
INFO: Run Behavior\ReadHtmlCacheBehavior [ RunTime:0.001000s ]
INFO: [ app_begin ] --END-- [ RunTime:0.001000s ]
NOTIC: [2048] Declaration of Admin\Model\CategoryModel::_after_insert() should be compatible with Think\Model::_after_insert($data, $options) D:\phpStudy\WWW\0220\shop\Application\Admin\Model\CategoryModel.class.php 第 4 行.
NOTIC: [2048] Declaration of Admin\Model\CategoryModel::_after_delete() should be compatible with Think\Model::_after_delete($data, $options) D:\phpStudy\WWW\0220\shop\Application\Admin\Model\CategoryModel.class.php 第 4 行.
SQL: SHOW COLUMNS FROM `mgs_category` [ RunTime:0.031200s ]
NOTIC: [2048] Declaration of Admin\Model\GoodsModel::_after_insert() should be compatible with Think\Model::_after_insert($data, $options) D:\phpStudy\WWW\0220\shop\Application\Admin\Model\GoodsModel.class.php 第 792 行.
SQL: SHOW COLUMNS FROM `mgs_goods` [ RunTime:0.000000s ]
SQL: SELECT `id`,`mid_logo`,`goods_name` FROM `mgs_goods` WHERE `id` IN ('61','62','54','59','71','') AND `is_on_sale` = '是' ORDER BY FIELD(id,61,62,54,59,71,)  [ RunTime:0.031200s ]
ERR: 1064:You have an error in your SQL syntax; check the manual that corresponds to your MySQL server version for the right syntax to use near ')' at line 1
 [ SQL语句 ] : SELECT `id`,`mid_logo`,`goods_name` FROM `mgs_goods` WHERE `id` IN ('61','62','54','59','71','') AND `is_on_sale` = '是' ORDER BY FIELD(id,61,62,54,59,71,) 
INFO: [ app_end ] --START--
INFO: Run Behavior\ShowPageTraceBehavior [ RunTime:0.000000s ]
INFO: [ app_end ] --END-- [ RunTime:0.000000s ]

[ 2017-03-11T22:36:18+08:00 ] 127.0.0.1 /Index.php/Home/Index/getUserPri/goods_id/61.html
INFO: [ app_init ] --START--
INFO: Run Behavior\BuildLiteBehavior [ RunTime:0.001000s ]
INFO: [ app_init ] --END-- [ RunTime:0.001000s ]
INFO: [ app_begin ] --START--
INFO: Run Behavior\ReadHtmlCacheBehavior [ RunTime:0.000000s ]
INFO: [ app_begin ] --END-- [ RunTime:0.000000s ]
NOTIC: [2048] Declaration of Admin\Model\CategoryModel::_after_insert() should be compatible with Think\Model::_after_insert($data, $options) D:\phpStudy\WWW\0220\shop\Application\Admin\Model\CategoryModel.class.php 第 4 行.
NOTIC: [2048] Declaration of Admin\Model\CategoryModel::_after_delete() should be compatible with Think\Model::_after_delete($data, $options) D:\phpStudy\WWW\0220\shop\Application\Admin\Model\CategoryModel.class.php 第 4 行.
SQL: SHOW COLUMNS FROM `mgs_category` [ RunTime:0.000000s ]
NOTIC: [2048] Declaration of Admin\Model\GoodsModel::_after_insert() should be compatible with Think\Model::_after_insert($data, $options) D:\phpStudy\WWW\0220\shop\Application\Admin\Model\GoodsModel.class.php 第 792 行.
SQL: SHOW COLUMNS FROM `mgs_goods` [ RunTime:0.015600s ]
SQL: SELECT `shop_price` FROM `mgs_goods` WHERE `id` = 61 LIMIT 1   [ RunTime:0.000000s ]
SQL: SELECT `promote_price` FROM `mgs_goods` WHERE `id` = '61' AND `promote_price` > 0 AND `promote_start_date` <= '2017-03-11 22:36:18' AND `promote_end_date` >= '2017-03-11 22:36:18' LIMIT 1   [ RunTime:0.000000s ]
INFO: [ app_end ] --START--
INFO: Run Behavior\ShowPageTraceBehavior [ RunTime:0.000000s ]
INFO: [ app_end ] --END-- [ RunTime:0.000000s ]

[ 2017-03-11T22:36:18+08:00 ] 127.0.0.1 /Index.php/Home/User/ajax_chk_login.html
INFO: [ app_init ] --START--
INFO: Run Behavior\BuildLiteBehavior [ RunTime:0.000000s ]
INFO: [ app_init ] --END-- [ RunTime:0.000000s ]
INFO: [ app_begin ] --START--
INFO: Run Behavior\ReadHtmlCacheBehavior [ RunTime:0.001000s ]
INFO: [ app_begin ] --END-- [ RunTime:0.001000s ]
INFO: [ app_end ] --START--
INFO: Run Behavior\ShowPageTraceBehavior [ RunTime:0.000000s ]
INFO: [ app_end ] --END-- [ RunTime:0.000000s ]

[ 2017-03-11T22:36:20+08:00 ] 127.0.0.1 /Index.php/Home/Comment/add
INFO: [ app_init ] --START--
INFO: Run Behavior\BuildLiteBehavior [ RunTime:0.000000s ]
INFO: [ app_init ] --END-- [ RunTime:0.000000s ]
INFO: [ app_begin ] --START--
INFO: Run Behavior\ReadHtmlCacheBehavior [ RunTime:0.000000s ]
INFO: [ app_begin ] --END-- [ RunTime:0.000000s ]
SQL: SHOW COLUMNS FROM `mgs_comment` [ RunTime:0.046800s ]

[ 2017-03-11T22:36:29+08:00 ] 127.0.0.1 /Index.php/Home/Comment/add
INFO: [ app_init ] --START--
INFO: Run Behavior\BuildLiteBehavior [ RunTime:0.000000s ]
INFO: [ app_init ] --END-- [ RunTime:0.000000s ]
INFO: [ app_begin ] --START--
INFO: Run Behavior\ReadHtmlCacheBehavior [ RunTime:0.001000s ]
INFO: [ app_begin ] --END-- [ RunTime:0.001000s ]
SQL: SHOW COLUMNS FROM `mgs_comment` [ RunTime:0.015600s ]

[ 2017-03-11T22:36:36+08:00 ] 127.0.0.1 /Index.php/Home/Comment/add
INFO: [ app_init ] --START--
INFO: Run Behavior\BuildLiteBehavior [ RunTime:0.000000s ]
INFO: [ app_init ] --END-- [ RunTime:0.000000s ]
INFO: [ app_begin ] --START--
INFO: Run Behavior\ReadHtmlCacheBehavior [ RunTime:0.001000s ]
INFO: [ app_begin ] --END-- [ RunTime:0.001000s ]
SQL: SHOW COLUMNS FROM `mgs_comment` [ RunTime:0.015600s ]

[ 2017-03-11T22:36:54+08:00 ] 127.0.0.1 /Index.php/Home/Comment/add
INFO: [ app_init ] --START--
INFO: Run Behavior\BuildLiteBehavior [ RunTime:0.000000s ]
INFO: [ app_init ] --END-- [ RunTime:0.000000s ]
INFO: [ app_begin ] --START--
INFO: Run Behavior\ReadHtmlCacheBehavior [ RunTime:0.001001s ]
INFO: [ app_begin ] --END-- [ RunTime:0.001001s ]
SQL: SHOW COLUMNS FROM `mgs_comment` [ RunTime:0.000000s ]

[ 2017-03-11T22:36:55+08:00 ] 127.0.0.1 /Index.php/Home/Comment/add
INFO: [ app_init ] --START--
INFO: Run Behavior\BuildLiteBehavior [ RunTime:0.000000s ]
INFO: [ app_init ] --END-- [ RunTime:0.000000s ]
INFO: [ app_begin ] --START--
INFO: Run Behavior\ReadHtmlCacheBehavior [ RunTime:0.000000s ]
INFO: [ app_begin ] --END-- [ RunTime:0.000000s ]
SQL: SHOW COLUMNS FROM `mgs_comment` [ RunTime:0.015600s ]

[ 2017-03-11T22:36:56+08:00 ] 127.0.0.1 /Index.php/Home/Comment/add
INFO: [ app_init ] --START--
INFO: Run Behavior\BuildLiteBehavior [ RunTime:0.000000s ]
INFO: [ app_init ] --END-- [ RunTime:0.000000s ]
INFO: [ app_begin ] --START--
INFO: Run Behavior\ReadHtmlCacheBehavior [ RunTime:0.000000s ]
INFO: [ app_begin ] --END-- [ RunTime:0.000000s ]
SQL: SHOW COLUMNS FROM `mgs_comment` [ RunTime:0.003001s ]

[ 2017-03-11T22:36:57+08:00 ] 127.0.0.1 /Index.php/Home/Comment/add
INFO: [ app_init ] --START--
INFO: Run Behavior\BuildLiteBehavior [ RunTime:0.000000s ]
INFO: [ app_init ] --END-- [ RunTime:0.015600s ]
INFO: [ app_begin ] --START--
INFO: Run Behavior\ReadHtmlCacheBehavior [ RunTime:0.001000s ]
INFO: [ app_begin ] --END-- [ RunTime:0.001000s ]
SQL: SHOW COLUMNS FROM `mgs_comment` [ RunTime:0.015600s ]

[ 2017-03-11T22:36:58+08:00 ] 127.0.0.1 /Index.php/Home/Comment/add
INFO: [ app_init ] --START--
INFO: Run Behavior\BuildLiteBehavior [ RunTime:0.000000s ]
INFO: [ app_init ] --END-- [ RunTime:0.000000s ]
INFO: [ app_begin ] --START--
INFO: Run Behavior\ReadHtmlCacheBehavior [ RunTime:0.000000s ]
INFO: [ app_begin ] --END-- [ RunTime:0.000000s ]
SQL: SHOW COLUMNS FROM `mgs_comment` [ RunTime:0.015600s ]

[ 2017-03-11T22:40:34+08:00 ] 127.0.0.1 /Index.php/Home/Index/goods/id/61.html
INFO: [ app_init ] --START--
INFO: Run Behavior\BuildLiteBehavior [ RunTime:0.000000s ]
INFO: [ app_init ] --END-- [ RunTime:0.001000s ]
INFO: [ app_begin ] --START--
INFO: Run Behavior\ReadHtmlCacheBehavior [ RunTime:0.001000s ]
INFO: [ app_begin ] --END-- [ RunTime:0.001000s ]
NOTIC: [2048] Declaration of Admin\Model\CategoryModel::_after_insert() should be compatible with Think\Model::_after_insert($data, $options) D:\phpStudy\WWW\0220\shop\Application\Admin\Model\CategoryModel.class.php 第 4 行.
NOTIC: [2048] Declaration of Admin\Model\CategoryModel::_after_delete() should be compatible with Think\Model::_after_delete($data, $options) D:\phpStudy\WWW\0220\shop\Application\Admin\Model\CategoryModel.class.php 第 4 行.
SQL: SHOW COLUMNS FROM `mgs_category` [ RunTime:0.004000s ]
NOTIC: [2048] Declaration of Admin\Model\GoodsModel::_after_insert() should be compatible with Think\Model::_after_insert($data, $options) D:\phpStudy\WWW\0220\shop\Application\Admin\Model\GoodsModel.class.php 第 792 行.
SQL: SHOW COLUMNS FROM `mgs_goods` [ RunTime:0.005001s ]
SQL: SELECT * FROM `mgs_goods` WHERE `id` = '61' AND `is_on_sale` = '是' LIMIT 1   [ RunTime:0.001000s ]
SQL: SELECT `id`,`cat_name`,`parent_id` FROM `mgs_category` WHERE `id` = '16' LIMIT 1   [ RunTime:0.000000s ]
SQL: SELECT `id`,`cat_name`,`parent_id` FROM `mgs_category` WHERE `id` = '1' LIMIT 1   [ RunTime:0.000000s ]
SQL: SHOW COLUMNS FROM `mgs_attribute` [ RunTime:0.005000s ]
SQL: SELECT b.id goods_attr_id,b.attr_value,a.attr_name,a.attr_type,a.id attr_id FROM mgs_attribute a left join mgs_goodsattr b on a.id=b.attr_id  WHERE b.goods_id = '61'  [ RunTime:0.001000s ]
NOTIC: D方法实例化没找到模型类Admin\Model\GoodsPicModel
SQL: SHOW COLUMNS FROM `mgs_goods_pic` [ RunTime:0.005000s ]
SQL: SELECT * FROM `mgs_goods_pic` WHERE `goods_id` = '61'  [ RunTime:0.000000s ]
NOTIC: [2048] Declaration of Admin\Model\UserpriceModel::_after_insert() should be compatible with Think\Model::_after_insert($data, $options) D:\phpStudy\WWW\0220\shop\Application\Admin\Model\UserpriceModel.class.php 第 113 行.
SQL: SHOW COLUMNS FROM `mgs_userprice` [ RunTime:0.005001s ]
SQL: SELECT a.price,b.level_name FROM mgs_userprice a left join mgs_userlevel b on a.level_id=b.id  WHERE `goods_id` = '61'  [ RunTime:0.001000s ]
INFO: [ view_parse ] --START--
INFO: [ template_filter ] --START--
INFO: Run Behavior\ContentReplaceBehavior [ RunTime:0.001000s ]
INFO: [ template_filter ] --END-- [ RunTime:0.001000s ]
NOTIC: [8] Use of undefined constant 请输入商品关键字 - assumed '请输入商品关键字' D:\phpStudy\WWW\0220\shop\Application\Runtime\Cache\Home\862a52d698112494831f0f0bc6d3727d.php 第 52 行.
NOTIC: [8] Undefined index: children D:\phpStudy\WWW\0220\shop\Application\Runtime\Cache\Home\862a52d698112494831f0f0bc6d3727d.php 第 151 行.
NOTIC: [2] Invalid argument supplied for foreach() D:\phpStudy\WWW\0220\shop\Application\Runtime\Cache\Home\862a52d698112494831f0f0bc6d3727d.php 第 151 行.
NOTIC: [8] Undefined index: children D:\phpStudy\WWW\0220\shop\Application\Runtime\Cache\Home\862a52d698112494831f0f0bc6d3727d.php 第 151 行.
NOTIC: [2] Invalid argument supplied for foreach() D:\phpStudy\WWW\0220\shop\Application\Runtime\Cache\Home\862a52d698112494831f0f0bc6d3727d.php 第 151 行.
NOTIC: [8] Undefined index: children D:\phpStudy\WWW\0220\shop\Application\Runtime\Cache\Home\862a52d698112494831f0f0bc6d3727d.php 第 151 行.
NOTIC: [2] Invalid argument supplied for foreach() D:\phpStudy\WWW\0220\shop\Application\Runtime\Cache\Home\862a52d698112494831f0f0bc6d3727d.php 第 151 行.
NOTIC: [8] Undefined index: children D:\phpStudy\WWW\0220\shop\Application\Runtime\Cache\Home\862a52d698112494831f0f0bc6d3727d.php 第 151 行.
NOTIC: [2] Invalid argument supplied for foreach() D:\phpStudy\WWW\0220\shop\Application\Runtime\Cache\Home\862a52d698112494831f0f0bc6d3727d.php 第 151 行.
NOTIC: [8] Undefined index: children D:\phpStudy\WWW\0220\shop\Application\Runtime\Cache\Home\862a52d698112494831f0f0bc6d3727d.php 第 151 行.
NOTIC: [2] Invalid argument supplied for foreach() D:\phpStudy\WWW\0220\shop\Application\Runtime\Cache\Home\862a52d698112494831f0f0bc6d3727d.php 第 151 行.
NOTIC: [8] Undefined index: children D:\phpStudy\WWW\0220\shop\Application\Runtime\Cache\Home\862a52d698112494831f0f0bc6d3727d.php 第 151 行.
NOTIC: [2] Invalid argument supplied for foreach() D:\phpStudy\WWW\0220\shop\Application\Runtime\Cache\Home\862a52d698112494831f0f0bc6d3727d.php 第 151 行.
NOTIC: [8] Undefined index: children D:\phpStudy\WWW\0220\shop\Application\Runtime\Cache\Home\862a52d698112494831f0f0bc6d3727d.php 第 151 行.
NOTIC: [2] Invalid argument supplied for foreach() D:\phpStudy\WWW\0220\shop\Application\Runtime\Cache\Home\862a52d698112494831f0f0bc6d3727d.php 第 151 行.
NOTIC: [8] Undefined index: children D:\phpStudy\WWW\0220\shop\Application\Runtime\Cache\Home\862a52d698112494831f0f0bc6d3727d.php 第 151 行.
NOTIC: [2] Invalid argument supplied for foreach() D:\phpStudy\WWW\0220\shop\Application\Runtime\Cache\Home\862a52d698112494831f0f0bc6d3727d.php 第 151 行.
NOTIC: [8] Undefined index: children D:\phpStudy\WWW\0220\shop\Application\Runtime\Cache\Home\862a52d698112494831f0f0bc6d3727d.php 第 151 行.
NOTIC: [2] Invalid argument supplied for foreach() D:\phpStudy\WWW\0220\shop\Application\Runtime\Cache\Home\862a52d698112494831f0f0bc6d3727d.php 第 151 行.
NOTIC: [8] Undefined index: children D:\phpStudy\WWW\0220\shop\Application\Runtime\Cache\Home\862a52d698112494831f0f0bc6d3727d.php 第 151 行.
NOTIC: [2] Invalid argument supplied for foreach() D:\phpStudy\WWW\0220\shop\Application\Runtime\Cache\Home\862a52d698112494831f0f0bc6d3727d.php 第 151 行.
NOTIC: [8] Undefined index: children D:\phpStudy\WWW\0220\shop\Application\Runtime\Cache\Home\862a52d698112494831f0f0bc6d3727d.php 第 151 行.
NOTIC: [2] Invalid argument supplied for foreach() D:\phpStudy\WWW\0220\shop\Application\Runtime\Cache\Home\862a52d698112494831f0f0bc6d3727d.php 第 151 行.
NOTIC: [8] Undefined index: children D:\phpStudy\WWW\0220\shop\Application\Runtime\Cache\Home\862a52d698112494831f0f0bc6d3727d.php 第 151 行.
NOTIC: [2] Invalid argument supplied for foreach() D:\phpStudy\WWW\0220\shop\Application\Runtime\Cache\Home\862a52d698112494831f0f0bc6d3727d.php 第 151 行.
NOTIC: [8] Undefined index: children D:\phpStudy\WWW\0220\shop\Application\Runtime\Cache\Home\862a52d698112494831f0f0bc6d3727d.php 第 151 行.
NOTIC: [2] Invalid argument supplied for foreach() D:\phpStudy\WWW\0220\shop\Application\Runtime\Cache\Home\862a52d698112494831f0f0bc6d3727d.php 第 151 行.
NOTIC: [8] Undefined index: children D:\phpStudy\WWW\0220\shop\Application\Runtime\Cache\Home\862a52d698112494831f0f0bc6d3727d.php 第 147 行.
NOTIC: [2] Invalid argument supplied for foreach() D:\phpStudy\WWW\0220\shop\Application\Runtime\Cache\Home\862a52d698112494831f0f0bc6d3727d.php 第 147 行.
NOTIC: [8] Undefined index: children D:\phpStudy\WWW\0220\shop\Application\Runtime\Cache\Home\862a52d698112494831f0f0bc6d3727d.php 第 147 行.
NOTIC: [2] Invalid argument supplied for foreach() D:\phpStudy\WWW\0220\shop\Application\Runtime\Cache\Home\862a52d698112494831f0f0bc6d3727d.php 第 147 行.
NOTIC: [8] Undefined index: children D:\phpStudy\WWW\0220\shop\Application\Runtime\Cache\Home\862a52d698112494831f0f0bc6d3727d.php 第 147 行.
NOTIC: [2] Invalid argument supplied for foreach() D:\phpStudy\WWW\0220\shop\Application\Runtime\Cache\Home\862a52d698112494831f0f0bc6d3727d.php 第 147 行.
NOTIC: [8] Undefined index: children D:\phpStudy\WWW\0220\shop\Application\Runtime\Cache\Home\862a52d698112494831f0f0bc6d3727d.php 第 147 行.
NOTIC: [2] Invalid argument supplied for foreach() D:\phpStudy\WWW\0220\shop\Application\Runtime\Cache\Home\862a52d698112494831f0f0bc6d3727d.php 第 147 行.
NOTIC: [8] Undefined index: children D:\phpStudy\WWW\0220\shop\Application\Runtime\Cache\Home\862a52d698112494831f0f0bc6d3727d.php 第 147 行.
NOTIC: [2] Invalid argument supplied for foreach() D:\phpStudy\WWW\0220\shop\Application\Runtime\Cache\Home\862a52d698112494831f0f0bc6d3727d.php 第 147 行.
NOTIC: [8] Undefined index: children D:\phpStudy\WWW\0220\shop\Application\Runtime\Cache\Home\862a52d698112494831f0f0bc6d3727d.php 第 147 行.
NOTIC: [2] Invalid argument supplied for foreach() D:\phpStudy\WWW\0220\shop\Application\Runtime\Cache\Home\862a52d698112494831f0f0bc6d3727d.php 第 147 行.
NOTIC: [8] Undefined index: children D:\phpStudy\WWW\0220\shop\Application\Runtime\Cache\Home\862a52d698112494831f0f0bc6d3727d.php 第 147 行.
NOTIC: [2] Invalid argument supplied for foreach() D:\phpStudy\WWW\0220\shop\Application\Runtime\Cache\Home\862a52d698112494831f0f0bc6d3727d.php 第 147 行.
NOTIC: [8] Undefined index: children D:\phpStudy\WWW\0220\shop\Application\Runtime\Cache\Home\862a52d698112494831f0f0bc6d3727d.php 第 147 行.
NOTIC: [2] Invalid argument supplied for foreach() D:\phpStudy\WWW\0220\shop\Application\Runtime\Cache\Home\862a52d698112494831f0f0bc6d3727d.php 第 147 行.
NOTIC: [2] Invalid argument supplied for foreach() D:\phpStudy\WWW\0220\shop\Application\Runtime\Cache\Home\862a52d698112494831f0f0bc6d3727d.php 第 359 行.
INFO: Run Behavior\ParseTemplateBehavior [ RunTime:0.018001s ]
INFO: [ view_parse ] --END-- [ RunTime:0.018001s ]
INFO: [ view_filter ] --START--
INFO: Run Behavior\WriteHtmlCacheBehavior [ RunTime:0.001000s ]
INFO: [ view_filter ] --END-- [ RunTime:0.001000s ]
INFO: [ app_end ] --START--
INFO: Run Behavior\ShowPageTraceBehavior [ RunTime:0.000000s ]
INFO: [ app_end ] --END-- [ RunTime:0.000000s ]

[ 2017-03-11T22:40:35+08:00 ] 127.0.0.1 /Index.php/Home/Index/display_history/id/61.html
INFO: [ app_init ] --START--
INFO: Run Behavior\BuildLiteBehavior [ RunTime:0.000000s ]
INFO: [ app_init ] --END-- [ RunTime:0.001000s ]
INFO: [ app_begin ] --START--
INFO: Run Behavior\ReadHtmlCacheBehavior [ RunTime:0.001001s ]
INFO: [ app_begin ] --END-- [ RunTime:0.001001s ]
NOTIC: [2048] Declaration of Admin\Model\CategoryModel::_after_insert() should be compatible with Think\Model::_after_insert($data, $options) D:\phpStudy\WWW\0220\shop\Application\Admin\Model\CategoryModel.class.php 第 4 行.
NOTIC: [2048] Declaration of Admin\Model\CategoryModel::_after_delete() should be compatible with Think\Model::_after_delete($data, $options) D:\phpStudy\WWW\0220\shop\Application\Admin\Model\CategoryModel.class.php 第 4 行.
SQL: SHOW COLUMNS FROM `mgs_category` [ RunTime:0.015600s ]
NOTIC: [2048] Declaration of Admin\Model\GoodsModel::_after_insert() should be compatible with Think\Model::_after_insert($data, $options) D:\phpStudy\WWW\0220\shop\Application\Admin\Model\GoodsModel.class.php 第 792 行.
SQL: SHOW COLUMNS FROM `mgs_goods` [ RunTime:0.000000s ]
SQL: SELECT `id`,`mid_logo`,`goods_name` FROM `mgs_goods` WHERE `id` IN ('61','62','54','59','71','') AND `is_on_sale` = '是' ORDER BY FIELD(id,61,62,54,59,71,)  [ RunTime:0.000000s ]
ERR: 1064:You have an error in your SQL syntax; check the manual that corresponds to your MySQL server version for the right syntax to use near ')' at line 1
 [ SQL语句 ] : SELECT `id`,`mid_logo`,`goods_name` FROM `mgs_goods` WHERE `id` IN ('61','62','54','59','71','') AND `is_on_sale` = '是' ORDER BY FIELD(id,61,62,54,59,71,) 
INFO: [ app_end ] --START--
INFO: Run Behavior\ShowPageTraceBehavior [ RunTime:0.000000s ]
INFO: [ app_end ] --END-- [ RunTime:0.000000s ]

[ 2017-03-11T22:40:36+08:00 ] 127.0.0.1 /Index.php/Home/Index/getUserPri/goods_id/61.html
INFO: [ app_init ] --START--
INFO: Run Behavior\BuildLiteBehavior [ RunTime:0.000000s ]
INFO: [ app_init ] --END-- [ RunTime:0.001001s ]
INFO: [ app_begin ] --START--
INFO: Run Behavior\ReadHtmlCacheBehavior [ RunTime:0.001000s ]
INFO: [ app_begin ] --END-- [ RunTime:0.001000s ]
NOTIC: [2048] Declaration of Admin\Model\CategoryModel::_after_insert() should be compatible with Think\Model::_after_insert($data, $options) D:\phpStudy\WWW\0220\shop\Application\Admin\Model\CategoryModel.class.php 第 4 行.
NOTIC: [2048] Declaration of Admin\Model\CategoryModel::_after_delete() should be compatible with Think\Model::_after_delete($data, $options) D:\phpStudy\WWW\0220\shop\Application\Admin\Model\CategoryModel.class.php 第 4 行.
SQL: SHOW COLUMNS FROM `mgs_category` [ RunTime:0.004000s ]
NOTIC: [2048] Declaration of Admin\Model\GoodsModel::_after_insert() should be compatible with Think\Model::_after_insert($data, $options) D:\phpStudy\WWW\0220\shop\Application\Admin\Model\GoodsModel.class.php 第 792 行.
SQL: SHOW COLUMNS FROM `mgs_goods` [ RunTime:0.006001s ]
SQL: SELECT `shop_price` FROM `mgs_goods` WHERE `id` = 61 LIMIT 1   [ RunTime:0.000000s ]
SQL: SELECT `promote_price` FROM `mgs_goods` WHERE `id` = '61' AND `promote_price` > 0 AND `promote_start_date` <= '2017-03-11 22:40:36' AND `promote_end_date` >= '2017-03-11 22:40:36' LIMIT 1   [ RunTime:0.000000s ]
INFO: [ app_end ] --START--
INFO: Run Behavior\ShowPageTraceBehavior [ RunTime:0.001000s ]
INFO: [ app_end ] --END-- [ RunTime:0.001000s ]

[ 2017-03-11T22:40:36+08:00 ] 127.0.0.1 /Index.php/Home/User/ajax_chk_login.html
INFO: [ app_init ] --START--
INFO: Run Behavior\BuildLiteBehavior [ RunTime:0.000000s ]
INFO: [ app_init ] --END-- [ RunTime:0.001000s ]
INFO: [ app_begin ] --START--
INFO: Run Behavior\ReadHtmlCacheBehavior [ RunTime:0.002000s ]
INFO: [ app_begin ] --END-- [ RunTime:0.002000s ]
INFO: [ app_end ] --START--
INFO: Run Behavior\ShowPageTraceBehavior [ RunTime:0.000000s ]
INFO: [ app_end ] --END-- [ RunTime:0.000000s ]

[ 2017-03-11T22:42:13+08:00 ] 127.0.0.1 /Index.php/Home/Index/goods/id/61.html
INFO: [ app_init ] --START--
INFO: Run Behavior\BuildLiteBehavior [ RunTime:0.000000s ]
INFO: [ app_init ] --END-- [ RunTime:0.001000s ]
INFO: [ app_begin ] --START--
INFO: Run Behavior\ReadHtmlCacheBehavior [ RunTime:0.001000s ]
INFO: [ app_begin ] --END-- [ RunTime:0.001000s ]
NOTIC: [2048] Declaration of Admin\Model\CategoryModel::_after_insert() should be compatible with Think\Model::_after_insert($data, $options) D:\phpStudy\WWW\0220\shop\Application\Admin\Model\CategoryModel.class.php 第 4 行.
NOTIC: [2048] Declaration of Admin\Model\CategoryModel::_after_delete() should be compatible with Think\Model::_after_delete($data, $options) D:\phpStudy\WWW\0220\shop\Application\Admin\Model\CategoryModel.class.php 第 4 行.
SQL: SHOW COLUMNS FROM `mgs_category` [ RunTime:0.005001s ]
NOTIC: [2048] Declaration of Admin\Model\GoodsModel::_after_insert() should be compatible with Think\Model::_after_insert($data, $options) D:\phpStudy\WWW\0220\shop\Application\Admin\Model\GoodsModel.class.php 第 792 行.
SQL: SHOW COLUMNS FROM `mgs_goods` [ RunTime:0.004000s ]
SQL: SELECT * FROM `mgs_goods` WHERE `id` = '61' AND `is_on_sale` = '是' LIMIT 1   [ RunTime:0.001000s ]
SQL: SELECT `id`,`cat_name`,`parent_id` FROM `mgs_category` WHERE `id` = '16' LIMIT 1   [ RunTime:0.000000s ]
SQL: SELECT `id`,`cat_name`,`parent_id` FROM `mgs_category` WHERE `id` = '1' LIMIT 1   [ RunTime:0.000000s ]
SQL: SHOW COLUMNS FROM `mgs_attribute` [ RunTime:0.005001s ]
SQL: SELECT b.id goods_attr_id,b.attr_value,a.attr_name,a.attr_type,a.id attr_id FROM mgs_attribute a left join mgs_goodsattr b on a.id=b.attr_id  WHERE b.goods_id = '61'  [ RunTime:0.001000s ]
NOTIC: D方法实例化没找到模型类Admin\Model\GoodsPicModel
SQL: SHOW COLUMNS FROM `mgs_goods_pic` [ RunTime:0.007000s ]
SQL: SELECT * FROM `mgs_goods_pic` WHERE `goods_id` = '61'  [ RunTime:0.001000s ]
NOTIC: [2048] Declaration of Admin\Model\UserpriceModel::_after_insert() should be compatible with Think\Model::_after_insert($data, $options) D:\phpStudy\WWW\0220\shop\Application\Admin\Model\UserpriceModel.class.php 第 113 行.
SQL: SHOW COLUMNS FROM `mgs_userprice` [ RunTime:0.004000s ]
SQL: SELECT a.price,b.level_name FROM mgs_userprice a left join mgs_userlevel b on a.level_id=b.id  WHERE `goods_id` = '61'  [ RunTime:0.000000s ]
INFO: [ view_parse ] --START--
INFO: [ template_filter ] --START--
INFO: Run Behavior\ContentReplaceBehavior [ RunTime:0.000000s ]
INFO: [ template_filter ] --END-- [ RunTime:0.000000s ]
NOTIC: [8] Use of undefined constant 请输入商品关键字 - assumed '请输入商品关键字' D:\phpStudy\WWW\0220\shop\Application\Runtime\Cache\Home\862a52d698112494831f0f0bc6d3727d.php 第 52 行.
NOTIC: [8] Undefined index: children D:\phpStudy\WWW\0220\shop\Application\Runtime\Cache\Home\862a52d698112494831f0f0bc6d3727d.php 第 151 行.
NOTIC: [2] Invalid argument supplied for foreach() D:\phpStudy\WWW\0220\shop\Application\Runtime\Cache\Home\862a52d698112494831f0f0bc6d3727d.php 第 151 行.
NOTIC: [8] Undefined index: children D:\phpStudy\WWW\0220\shop\Application\Runtime\Cache\Home\862a52d698112494831f0f0bc6d3727d.php 第 151 行.
NOTIC: [2] Invalid argument supplied for foreach() D:\phpStudy\WWW\0220\shop\Application\Runtime\Cache\Home\862a52d698112494831f0f0bc6d3727d.php 第 151 行.
NOTIC: [8] Undefined index: children D:\phpStudy\WWW\0220\shop\Application\Runtime\Cache\Home\862a52d698112494831f0f0bc6d3727d.php 第 151 行.
NOTIC: [2] Invalid argument supplied for foreach() D:\phpStudy\WWW\0220\shop\Application\Runtime\Cache\Home\862a52d698112494831f0f0bc6d3727d.php 第 151 行.
NOTIC: [8] Undefined index: children D:\phpStudy\WWW\0220\shop\Application\Runtime\Cache\Home\862a52d698112494831f0f0bc6d3727d.php 第 151 行.
NOTIC: [2] Invalid argument supplied for foreach() D:\phpStudy\WWW\0220\shop\Application\Runtime\Cache\Home\862a52d698112494831f0f0bc6d3727d.php 第 151 行.
NOTIC: [8] Undefined index: children D:\phpStudy\WWW\0220\shop\Application\Runtime\Cache\Home\862a52d698112494831f0f0bc6d3727d.php 第 151 行.
NOTIC: [2] Invalid argument supplied for foreach() D:\phpStudy\WWW\0220\shop\Application\Runtime\Cache\Home\862a52d698112494831f0f0bc6d3727d.php 第 151 行.
NOTIC: [8] Undefined index: children D:\phpStudy\WWW\0220\shop\Application\Runtime\Cache\Home\862a52d698112494831f0f0bc6d3727d.php 第 151 行.
NOTIC: [2] Invalid argument supplied for foreach() D:\phpStudy\WWW\0220\shop\Application\Runtime\Cache\Home\862a52d698112494831f0f0bc6d3727d.php 第 151 行.
NOTIC: [8] Undefined index: children D:\phpStudy\WWW\0220\shop\Application\Runtime\Cache\Home\862a52d698112494831f0f0bc6d3727d.php 第 151 行.
NOTIC: [2] Invalid argument supplied for foreach() D:\phpStudy\WWW\0220\shop\Application\Runtime\Cache\Home\862a52d698112494831f0f0bc6d3727d.php 第 151 行.
NOTIC: [8] Undefined index: children D:\phpStudy\WWW\0220\shop\Application\Runtime\Cache\Home\862a52d698112494831f0f0bc6d3727d.php 第 151 行.
NOTIC: [2] Invalid argument supplied for foreach() D:\phpStudy\WWW\0220\shop\Application\Runtime\Cache\Home\862a52d698112494831f0f0bc6d3727d.php 第 151 行.
NOTIC: [8] Undefined index: children D:\phpStudy\WWW\0220\shop\Application\Runtime\Cache\Home\862a52d698112494831f0f0bc6d3727d.php 第 151 行.
NOTIC: [2] Invalid argument supplied for foreach() D:\phpStudy\WWW\0220\shop\Application\Runtime\Cache\Home\862a52d698112494831f0f0bc6d3727d.php 第 151 行.
NOTIC: [8] Undefined index: children D:\phpStudy\WWW\0220\shop\Application\Runtime\Cache\Home\862a52d698112494831f0f0bc6d3727d.php 第 151 行.
NOTIC: [2] Invalid argument supplied for foreach() D:\phpStudy\WWW\0220\shop\Application\Runtime\Cache\Home\862a52d698112494831f0f0bc6d3727d.php 第 151 行.
NOTIC: [8] Undefined index: children D:\phpStudy\WWW\0220\shop\Application\Runtime\Cache\Home\862a52d698112494831f0f0bc6d3727d.php 第 151 行.
NOTIC: [2] Invalid argument supplied for foreach() D:\phpStudy\WWW\0220\shop\Application\Runtime\Cache\Home\862a52d698112494831f0f0bc6d3727d.php 第 151 行.
NOTIC: [8] Undefined index: children D:\phpStudy\WWW\0220\shop\Application\Runtime\Cache\Home\862a52d698112494831f0f0bc6d3727d.php 第 151 行.
NOTIC: [2] Invalid argument supplied for foreach() D:\phpStudy\WWW\0220\shop\Application\Runtime\Cache\Home\862a52d698112494831f0f0bc6d3727d.php 第 151 行.
NOTIC: [8] Undefined index: children D:\phpStudy\WWW\0220\shop\Application\Runtime\Cache\Home\862a52d698112494831f0f0bc6d3727d.php 第 151 行.
NOTIC: [2] Invalid argument supplied for foreach() D:\phpStudy\WWW\0220\shop\Application\Runtime\Cache\Home\862a52d698112494831f0f0bc6d3727d.php 第 151 行.
NOTIC: [8] Undefined index: children D:\phpStudy\WWW\0220\shop\Application\Runtime\Cache\Home\862a52d698112494831f0f0bc6d3727d.php 第 147 行.
NOTIC: [2] Invalid argument supplied for foreach() D:\phpStudy\WWW\0220\shop\Application\Runtime\Cache\Home\862a52d698112494831f0f0bc6d3727d.php 第 147 行.
NOTIC: [8] Undefined index: children D:\phpStudy\WWW\0220\shop\Application\Runtime\Cache\Home\862a52d698112494831f0f0bc6d3727d.php 第 147 行.
NOTIC: [2] Invalid argument supplied for foreach() D:\phpStudy\WWW\0220\shop\Application\Runtime\Cache\Home\862a52d698112494831f0f0bc6d3727d.php 第 147 行.
NOTIC: [8] Undefined index: children D:\phpStudy\WWW\0220\shop\Application\Runtime\Cache\Home\862a52d698112494831f0f0bc6d3727d.php 第 147 行.
NOTIC: [2] Invalid argument supplied for foreach() D:\phpStudy\WWW\0220\shop\Application\Runtime\Cache\Home\862a52d698112494831f0f0bc6d3727d.php 第 147 行.
NOTIC: [8] Undefined index: children D:\phpStudy\WWW\0220\shop\Application\Runtime\Cache\Home\862a52d698112494831f0f0bc6d3727d.php 第 147 行.
NOTIC: [2] Invalid argument supplied for foreach() D:\phpStudy\WWW\0220\shop\Application\Runtime\Cache\Home\862a52d698112494831f0f0bc6d3727d.php 第 147 行.
NOTIC: [8] Undefined index: children D:\phpStudy\WWW\0220\shop\Application\Runtime\Cache\Home\862a52d698112494831f0f0bc6d3727d.php 第 147 行.
NOTIC: [2] Invalid argument supplied for foreach() D:\phpStudy\WWW\0220\shop\Application\Runtime\Cache\Home\862a52d698112494831f0f0bc6d3727d.php 第 147 行.
NOTIC: [8] Undefined index: children D:\phpStudy\WWW\0220\shop\Application\Runtime\Cache\Home\862a52d698112494831f0f0bc6d3727d.php 第 147 行.
NOTIC: [2] Invalid argument supplied for foreach() D:\phpStudy\WWW\0220\shop\Application\Runtime\Cache\Home\862a52d698112494831f0f0bc6d3727d.php 第 147 行.
NOTIC: [8] Undefined index: children D:\phpStudy\WWW\0220\shop\Application\Runtime\Cache\Home\862a52d698112494831f0f0bc6d3727d.php 第 147 行.
NOTIC: [2] Invalid argument supplied for foreach() D:\phpStudy\WWW\0220\shop\Application\Runtime\Cache\Home\862a52d698112494831f0f0bc6d3727d.php 第 147 行.
NOTIC: [8] Undefined index: children D:\phpStudy\WWW\0220\shop\Application\Runtime\Cache\Home\862a52d698112494831f0f0bc6d3727d.php 第 147 行.
NOTIC: [2] Invalid argument supplied for foreach() D:\phpStudy\WWW\0220\shop\Application\Runtime\Cache\Home\862a52d698112494831f0f0bc6d3727d.php 第 147 行.
NOTIC: [2] Invalid argument supplied for foreach() D:\phpStudy\WWW\0220\shop\Application\Runtime\Cache\Home\862a52d698112494831f0f0bc6d3727d.php 第 359 行.
INFO: Run Behavior\ParseTemplateBehavior [ RunTime:0.027002s ]
INFO: [ view_parse ] --END-- [ RunTime:0.027002s ]
INFO: [ view_filter ] --START--
INFO: Run Behavior\WriteHtmlCacheBehavior [ RunTime:0.000000s ]
INFO: [ view_filter ] --END-- [ RunTime:0.000000s ]
INFO: [ app_end ] --START--
INFO: Run Behavior\ShowPageTraceBehavior [ RunTime:0.000000s ]
INFO: [ app_end ] --END-- [ RunTime:0.000000s ]

[ 2017-03-11T22:42:15+08:00 ] 127.0.0.1 /Index.php/Home/Index/display_history/id/61.html
INFO: [ app_init ] --START--
INFO: Run Behavior\BuildLiteBehavior [ RunTime:0.000000s ]
INFO: [ app_init ] --END-- [ RunTime:0.001000s ]
INFO: [ app_begin ] --START--
INFO: Run Behavior\ReadHtmlCacheBehavior [ RunTime:0.001000s ]
INFO: [ app_begin ] --END-- [ RunTime:0.001000s ]
NOTIC: [2048] Declaration of Admin\Model\CategoryModel::_after_insert() should be compatible with Think\Model::_after_insert($data, $options) D:\phpStudy\WWW\0220\shop\Application\Admin\Model\CategoryModel.class.php 第 4 行.
NOTIC: [2048] Declaration of Admin\Model\CategoryModel::_after_delete() should be compatible with Think\Model::_after_delete($data, $options) D:\phpStudy\WWW\0220\shop\Application\Admin\Model\CategoryModel.class.php 第 4 行.
SQL: SHOW COLUMNS FROM `mgs_category` [ RunTime:0.132007s ]
NOTIC: [2048] Declaration of Admin\Model\GoodsModel::_after_insert() should be compatible with Think\Model::_after_insert($data, $options) D:\phpStudy\WWW\0220\shop\Application\Admin\Model\GoodsModel.class.php 第 792 行.
SQL: SHOW COLUMNS FROM `mgs_goods` [ RunTime:0.007000s ]
SQL: SELECT `id`,`mid_logo`,`goods_name` FROM `mgs_goods` WHERE `id` IN ('61','62','54','59','71','') AND `is_on_sale` = '是' ORDER BY FIELD(id,61,62,54,59,71,)  [ RunTime:0.001000s ]
ERR: 1064:You have an error in your SQL syntax; check the manual that corresponds to your MySQL server version for the right syntax to use near ')' at line 1
 [ SQL语句 ] : SELECT `id`,`mid_logo`,`goods_name` FROM `mgs_goods` WHERE `id` IN ('61','62','54','59','71','') AND `is_on_sale` = '是' ORDER BY FIELD(id,61,62,54,59,71,) 
INFO: [ app_end ] --START--
INFO: Run Behavior\ShowPageTraceBehavior [ RunTime:0.001000s ]
INFO: [ app_end ] --END-- [ RunTime:0.001000s ]

[ 2017-03-11T22:42:16+08:00 ] 127.0.0.1 /Index.php/Home/Index/getUserPri/goods_id/61.html
INFO: [ app_init ] --START--
INFO: Run Behavior\BuildLiteBehavior [ RunTime:0.000000s ]
INFO: [ app_init ] --END-- [ RunTime:0.000000s ]
INFO: [ app_begin ] --START--
INFO: Run Behavior\ReadHtmlCacheBehavior [ RunTime:0.001000s ]
INFO: [ app_begin ] --END-- [ RunTime:0.001000s ]
NOTIC: [2048] Declaration of Admin\Model\CategoryModel::_after_insert() should be compatible with Think\Model::_after_insert($data, $options) D:\phpStudy\WWW\0220\shop\Application\Admin\Model\CategoryModel.class.php 第 4 行.
NOTIC: [2048] Declaration of Admin\Model\CategoryModel::_after_delete() should be compatible with Think\Model::_after_delete($data, $options) D:\phpStudy\WWW\0220\shop\Application\Admin\Model\CategoryModel.class.php 第 4 行.
SQL: SHOW COLUMNS FROM `mgs_category` [ RunTime:0.004000s ]
NOTIC: [2048] Declaration of Admin\Model\GoodsModel::_after_insert() should be compatible with Think\Model::_after_insert($data, $options) D:\phpStudy\WWW\0220\shop\Application\Admin\Model\GoodsModel.class.php 第 792 行.
SQL: SHOW COLUMNS FROM `mgs_goods` [ RunTime:0.005000s ]
SQL: SELECT `shop_price` FROM `mgs_goods` WHERE `id` = 61 LIMIT 1   [ RunTime:0.001001s ]
SQL: SELECT `promote_price` FROM `mgs_goods` WHERE `id` = '61' AND `promote_price` > 0 AND `promote_start_date` <= '2017-03-11 22:42:16' AND `promote_end_date` >= '2017-03-11 22:42:16' LIMIT 1   [ RunTime:0.000000s ]
INFO: [ app_end ] --START--
INFO: Run Behavior\ShowPageTraceBehavior [ RunTime:0.001000s ]
INFO: [ app_end ] --END-- [ RunTime:0.001000s ]

[ 2017-03-11T22:42:16+08:00 ] 127.0.0.1 /Index.php/Home/User/ajax_chk_login.html
INFO: [ app_init ] --START--
INFO: Run Behavior\BuildLiteBehavior [ RunTime:0.000000s ]
INFO: [ app_init ] --END-- [ RunTime:0.000000s ]
INFO: [ app_begin ] --START--
INFO: Run Behavior\ReadHtmlCacheBehavior [ RunTime:0.000000s ]
INFO: [ app_begin ] --END-- [ RunTime:0.000000s ]
INFO: [ app_end ] --START--
INFO: Run Behavior\ShowPageTraceBehavior [ RunTime:0.000000s ]
INFO: [ app_end ] --END-- [ RunTime:0.000000s ]

[ 2017-03-11T22:44:52+08:00 ] 127.0.0.1 /Index.php/Home/Index/goods/id/61.html
INFO: [ app_init ] --START--
INFO: Run Behavior\BuildLiteBehavior [ RunTime:0.000000s ]
INFO: [ app_init ] --END-- [ RunTime:0.000000s ]
INFO: [ app_begin ] --START--
INFO: Run Behavior\ReadHtmlCacheBehavior [ RunTime:0.001000s ]
INFO: [ app_begin ] --END-- [ RunTime:0.001000s ]
NOTIC: [2048] Declaration of Admin\Model\CategoryModel::_after_insert() should be compatible with Think\Model::_after_insert($data, $options) D:\phpStudy\WWW\0220\shop\Application\Admin\Model\CategoryModel.class.php 第 4 行.
NOTIC: [2048] Declaration of Admin\Model\CategoryModel::_after_delete() should be compatible with Think\Model::_after_delete($data, $options) D:\phpStudy\WWW\0220\shop\Application\Admin\Model\CategoryModel.class.php 第 4 行.
SQL: SHOW COLUMNS FROM `mgs_category` [ RunTime:0.004001s ]
NOTIC: [2048] Declaration of Admin\Model\GoodsModel::_after_insert() should be compatible with Think\Model::_after_insert($data, $options) D:\phpStudy\WWW\0220\shop\Application\Admin\Model\GoodsModel.class.php 第 792 行.
SQL: SHOW COLUMNS FROM `mgs_goods` [ RunTime:0.005000s ]
SQL: SELECT * FROM `mgs_goods` WHERE `id` = '61' AND `is_on_sale` = '是' LIMIT 1   [ RunTime:0.001000s ]
SQL: SELECT `id`,`cat_name`,`parent_id` FROM `mgs_category` WHERE `id` = '16' LIMIT 1   [ RunTime:0.001000s ]
SQL: SELECT `id`,`cat_name`,`parent_id` FROM `mgs_category` WHERE `id` = '1' LIMIT 1   [ RunTime:0.000000s ]
SQL: SHOW COLUMNS FROM `mgs_attribute` [ RunTime:0.004000s ]
SQL: SELECT b.id goods_attr_id,b.attr_value,a.attr_name,a.attr_type,a.id attr_id FROM mgs_attribute a left join mgs_goodsattr b on a.id=b.attr_id  WHERE b.goods_id = '61'  [ RunTime:0.001000s ]
NOTIC: D方法实例化没找到模型类Admin\Model\GoodsPicModel
SQL: SHOW COLUMNS FROM `mgs_goods_pic` [ RunTime:0.005000s ]
SQL: SELECT * FROM `mgs_goods_pic` WHERE `goods_id` = '61'  [ RunTime:0.001000s ]
NOTIC: [2048] Declaration of Admin\Model\UserpriceModel::_after_insert() should be compatible with Think\Model::_after_insert($data, $options) D:\phpStudy\WWW\0220\shop\Application\Admin\Model\UserpriceModel.class.php 第 113 行.
SQL: SHOW COLUMNS FROM `mgs_userprice` [ RunTime:0.004000s ]
SQL: SELECT a.price,b.level_name FROM mgs_userprice a left join mgs_userlevel b on a.level_id=b.id  WHERE `goods_id` = '61'  [ RunTime:0.001000s ]
INFO: [ view_parse ] --START--
INFO: [ template_filter ] --START--
INFO: Run Behavior\ContentReplaceBehavior [ RunTime:0.000000s ]
INFO: [ template_filter ] --END-- [ RunTime:0.000000s ]
NOTIC: [8] Use of undefined constant 请输入商品关键字 - assumed '请输入商品关键字' D:\phpStudy\WWW\0220\shop\Application\Runtime\Cache\Home\862a52d698112494831f0f0bc6d3727d.php 第 52 行.
NOTIC: [8] Undefined index: children D:\phpStudy\WWW\0220\shop\Application\Runtime\Cache\Home\862a52d698112494831f0f0bc6d3727d.php 第 151 行.
NOTIC: [2] Invalid argument supplied for foreach() D:\phpStudy\WWW\0220\shop\Application\Runtime\Cache\Home\862a52d698112494831f0f0bc6d3727d.php 第 151 行.
NOTIC: [8] Undefined index: children D:\phpStudy\WWW\0220\shop\Application\Runtime\Cache\Home\862a52d698112494831f0f0bc6d3727d.php 第 151 行.
NOTIC: [2] Invalid argument supplied for foreach() D:\phpStudy\WWW\0220\shop\Application\Runtime\Cache\Home\862a52d698112494831f0f0bc6d3727d.php 第 151 行.
NOTIC: [8] Undefined index: children D:\phpStudy\WWW\0220\shop\Application\Runtime\Cache\Home\862a52d698112494831f0f0bc6d3727d.php 第 151 行.
NOTIC: [2] Invalid argument supplied for foreach() D:\phpStudy\WWW\0220\shop\Application\Runtime\Cache\Home\862a52d698112494831f0f0bc6d3727d.php 第 151 行.
NOTIC: [8] Undefined index: children D:\phpStudy\WWW\0220\shop\Application\Runtime\Cache\Home\862a52d698112494831f0f0bc6d3727d.php 第 151 行.
NOTIC: [2] Invalid argument supplied for foreach() D:\phpStudy\WWW\0220\shop\Application\Runtime\Cache\Home\862a52d698112494831f0f0bc6d3727d.php 第 151 行.
NOTIC: [8] Undefined index: children D:\phpStudy\WWW\0220\shop\Application\Runtime\Cache\Home\862a52d698112494831f0f0bc6d3727d.php 第 151 行.
NOTIC: [2] Invalid argument supplied for foreach() D:\phpStudy\WWW\0220\shop\Application\Runtime\Cache\Home\862a52d698112494831f0f0bc6d3727d.php 第 151 行.
NOTIC: [8] Undefined index: children D:\phpStudy\WWW\0220\shop\Application\Runtime\Cache\Home\862a52d698112494831f0f0bc6d3727d.php 第 151 行.
NOTIC: [2] Invalid argument supplied for foreach() D:\phpStudy\WWW\0220\shop\Application\Runtime\Cache\Home\862a52d698112494831f0f0bc6d3727d.php 第 151 行.
NOTIC: [8] Undefined index: children D:\phpStudy\WWW\0220\shop\Application\Runtime\Cache\Home\862a52d698112494831f0f0bc6d3727d.php 第 151 行.
NOTIC: [2] Invalid argument supplied for foreach() D:\phpStudy\WWW\0220\shop\Application\Runtime\Cache\Home\862a52d698112494831f0f0bc6d3727d.php 第 151 行.
NOTIC: [8] Undefined index: children D:\phpStudy\WWW\0220\shop\Application\Runtime\Cache\Home\862a52d698112494831f0f0bc6d3727d.php 第 151 行.
NOTIC: [2] Invalid argument supplied for foreach() D:\phpStudy\WWW\0220\shop\Application\Runtime\Cache\Home\862a52d698112494831f0f0bc6d3727d.php 第 151 行.
NOTIC: [8] Undefined index: children D:\phpStudy\WWW\0220\shop\Application\Runtime\Cache\Home\862a52d698112494831f0f0bc6d3727d.php 第 151 行.
NOTIC: [2] Invalid argument supplied for foreach() D:\phpStudy\WWW\0220\shop\Application\Runtime\Cache\Home\862a52d698112494831f0f0bc6d3727d.php 第 151 行.
NOTIC: [8] Undefined index: children D:\phpStudy\WWW\0220\shop\Application\Runtime\Cache\Home\862a52d698112494831f0f0bc6d3727d.php 第 151 行.
NOTIC: [2] Invalid argument supplied for foreach() D:\phpStudy\WWW\0220\shop\Application\Runtime\Cache\Home\862a52d698112494831f0f0bc6d3727d.php 第 151 行.
NOTIC: [8] Undefined index: children D:\phpStudy\WWW\0220\shop\Application\Runtime\Cache\Home\862a52d698112494831f0f0bc6d3727d.php 第 151 行.
NOTIC: [2] Invalid argument supplied for foreach() D:\phpStudy\WWW\0220\shop\Application\Runtime\Cache\Home\862a52d698112494831f0f0bc6d3727d.php 第 151 行.
NOTIC: [8] Undefined index: children D:\phpStudy\WWW\0220\shop\Application\Runtime\Cache\Home\862a52d698112494831f0f0bc6d3727d.php 第 151 行.
NOTIC: [2] Invalid argument supplied for foreach() D:\phpStudy\WWW\0220\shop\Application\Runtime\Cache\Home\862a52d698112494831f0f0bc6d3727d.php 第 151 行.
NOTIC: [8] Undefined index: children D:\phpStudy\WWW\0220\shop\Application\Runtime\Cache\Home\862a52d698112494831f0f0bc6d3727d.php 第 151 行.
NOTIC: [2] Invalid argument supplied for foreach() D:\phpStudy\WWW\0220\shop\Application\Runtime\Cache\Home\862a52d698112494831f0f0bc6d3727d.php 第 151 行.
NOTIC: [8] Undefined index: children D:\phpStudy\WWW\0220\shop\Application\Runtime\Cache\Home\862a52d698112494831f0f0bc6d3727d.php 第 147 行.
NOTIC: [2] Invalid argument supplied for foreach() D:\phpStudy\WWW\0220\shop\Application\Runtime\Cache\Home\862a52d698112494831f0f0bc6d3727d.php 第 147 行.
NOTIC: [8] Undefined index: children D:\phpStudy\WWW\0220\shop\Application\Runtime\Cache\Home\862a52d698112494831f0f0bc6d3727d.php 第 147 行.
NOTIC: [2] Invalid argument supplied for foreach() D:\phpStudy\WWW\0220\shop\Application\Runtime\Cache\Home\862a52d698112494831f0f0bc6d3727d.php 第 147 行.
NOTIC: [8] Undefined index: children D:\phpStudy\WWW\0220\shop\Application\Runtime\Cache\Home\862a52d698112494831f0f0bc6d3727d.php 第 147 行.
NOTIC: [2] Invalid argument supplied for foreach() D:\phpStudy\WWW\0220\shop\Application\Runtime\Cache\Home\862a52d698112494831f0f0bc6d3727d.php 第 147 行.
NOTIC: [8] Undefined index: children D:\phpStudy\WWW\0220\shop\Application\Runtime\Cache\Home\862a52d698112494831f0f0bc6d3727d.php 第 147 行.
NOTIC: [2] Invalid argument supplied for foreach() D:\phpStudy\WWW\0220\shop\Application\Runtime\Cache\Home\862a52d698112494831f0f0bc6d3727d.php 第 147 行.
NOTIC: [8] Undefined index: children D:\phpStudy\WWW\0220\shop\Application\Runtime\Cache\Home\862a52d698112494831f0f0bc6d3727d.php 第 147 行.
NOTIC: [2] Invalid argument supplied for foreach() D:\phpStudy\WWW\0220\shop\Application\Runtime\Cache\Home\862a52d698112494831f0f0bc6d3727d.php 第 147 行.
NOTIC: [8] Undefined index: children D:\phpStudy\WWW\0220\shop\Application\Runtime\Cache\Home\862a52d698112494831f0f0bc6d3727d.php 第 147 行.
NOTIC: [2] Invalid argument supplied for foreach() D:\phpStudy\WWW\0220\shop\Application\Runtime\Cache\Home\862a52d698112494831f0f0bc6d3727d.php 第 147 行.
NOTIC: [8] Undefined index: children D:\phpStudy\WWW\0220\shop\Application\Runtime\Cache\Home\862a52d698112494831f0f0bc6d3727d.php 第 147 行.
NOTIC: [2] Invalid argument supplied for foreach() D:\phpStudy\WWW\0220\shop\Application\Runtime\Cache\Home\862a52d698112494831f0f0bc6d3727d.php 第 147 行.
NOTIC: [8] Undefined index: children D:\phpStudy\WWW\0220\shop\Application\Runtime\Cache\Home\862a52d698112494831f0f0bc6d3727d.php 第 147 行.
NOTIC: [2] Invalid argument supplied for foreach() D:\phpStudy\WWW\0220\shop\Application\Runtime\Cache\Home\862a52d698112494831f0f0bc6d3727d.php 第 147 行.
NOTIC: [2] Invalid argument supplied for foreach() D:\phpStudy\WWW\0220\shop\Application\Runtime\Cache\Home\862a52d698112494831f0f0bc6d3727d.php 第 359 行.
INFO: Run Behavior\ParseTemplateBehavior [ RunTime:0.026002s ]
INFO: [ view_parse ] --END-- [ RunTime:0.026002s ]
INFO: [ view_filter ] --START--
INFO: Run Behavior\WriteHtmlCacheBehavior [ RunTime:0.001000s ]
INFO: [ view_filter ] --END-- [ RunTime:0.001000s ]
INFO: [ app_end ] --START--
INFO: Run Behavior\ShowPageTraceBehavior [ RunTime:0.000000s ]
INFO: [ app_end ] --END-- [ RunTime:0.000000s ]

[ 2017-03-11T22:44:53+08:00 ] 127.0.0.1 /Index.php/Home/Index/display_history/id/61.html
INFO: [ app_init ] --START--
INFO: Run Behavior\BuildLiteBehavior [ RunTime:0.000000s ]
INFO: [ app_init ] --END-- [ RunTime:0.000000s ]
INFO: [ app_begin ] --START--
INFO: Run Behavior\ReadHtmlCacheBehavior [ RunTime:0.001000s ]
INFO: [ app_begin ] --END-- [ RunTime:0.001000s ]
NOTIC: [2048] Declaration of Admin\Model\CategoryModel::_after_insert() should be compatible with Think\Model::_after_insert($data, $options) D:\phpStudy\WWW\0220\shop\Application\Admin\Model\CategoryModel.class.php 第 4 行.
NOTIC: [2048] Declaration of Admin\Model\CategoryModel::_after_delete() should be compatible with Think\Model::_after_delete($data, $options) D:\phpStudy\WWW\0220\shop\Application\Admin\Model\CategoryModel.class.php 第 4 行.
SQL: SHOW COLUMNS FROM `mgs_category` [ RunTime:0.000000s ]
NOTIC: [2048] Declaration of Admin\Model\GoodsModel::_after_insert() should be compatible with Think\Model::_after_insert($data, $options) D:\phpStudy\WWW\0220\shop\Application\Admin\Model\GoodsModel.class.php 第 792 行.
SQL: SHOW COLUMNS FROM `mgs_goods` [ RunTime:0.000000s ]
SQL: SELECT `id`,`mid_logo`,`goods_name` FROM `mgs_goods` WHERE `id` IN ('61','62','54','59','71','') AND `is_on_sale` = '是' ORDER BY FIELD(id,61,62,54,59,71,)  [ RunTime:0.000000s ]
ERR: 1064:You have an error in your SQL syntax; check the manual that corresponds to your MySQL server version for the right syntax to use near ')' at line 1
 [ SQL语句 ] : SELECT `id`,`mid_logo`,`goods_name` FROM `mgs_goods` WHERE `id` IN ('61','62','54','59','71','') AND `is_on_sale` = '是' ORDER BY FIELD(id,61,62,54,59,71,) 
INFO: [ app_end ] --START--
INFO: Run Behavior\ShowPageTraceBehavior [ RunTime:0.000000s ]
INFO: [ app_end ] --END-- [ RunTime:0.000000s ]

[ 2017-03-11T22:44:54+08:00 ] 127.0.0.1 /Index.php/Home/Index/getUserPri/goods_id/61.html
INFO: [ app_init ] --START--
INFO: Run Behavior\BuildLiteBehavior [ RunTime:0.000000s ]
INFO: [ app_init ] --END-- [ RunTime:0.000000s ]
INFO: [ app_begin ] --START--
INFO: Run Behavior\ReadHtmlCacheBehavior [ RunTime:0.001000s ]
INFO: [ app_begin ] --END-- [ RunTime:0.001000s ]
NOTIC: [2048] Declaration of Admin\Model\CategoryModel::_after_insert() should be compatible with Think\Model::_after_insert($data, $options) D:\phpStudy\WWW\0220\shop\Application\Admin\Model\CategoryModel.class.php 第 4 行.
NOTIC: [2048] Declaration of Admin\Model\CategoryModel::_after_delete() should be compatible with Think\Model::_after_delete($data, $options) D:\phpStudy\WWW\0220\shop\Application\Admin\Model\CategoryModel.class.php 第 4 行.
SQL: SHOW COLUMNS FROM `mgs_category` [ RunTime:0.015600s ]
NOTIC: [2048] Declaration of Admin\Model\GoodsModel::_after_insert() should be compatible with Think\Model::_after_insert($data, $options) D:\phpStudy\WWW\0220\shop\Application\Admin\Model\GoodsModel.class.php 第 792 行.
SQL: SHOW COLUMNS FROM `mgs_goods` [ RunTime:0.000000s ]
SQL: SELECT `shop_price` FROM `mgs_goods` WHERE `id` = 61 LIMIT 1   [ RunTime:0.000000s ]
SQL: SELECT `promote_price` FROM `mgs_goods` WHERE `id` = '61' AND `promote_price` > 0 AND `promote_start_date` <= '2017-03-11 22:44:54' AND `promote_end_date` >= '2017-03-11 22:44:54' LIMIT 1   [ RunTime:0.000000s ]
INFO: [ app_end ] --START--
INFO: Run Behavior\ShowPageTraceBehavior [ RunTime:0.000000s ]
INFO: [ app_end ] --END-- [ RunTime:0.000000s ]

[ 2017-03-11T22:44:54+08:00 ] 127.0.0.1 /Index.php/Home/User/ajax_chk_login.html
INFO: [ app_init ] --START--
INFO: Run Behavior\BuildLiteBehavior [ RunTime:0.000000s ]
INFO: [ app_init ] --END-- [ RunTime:0.001000s ]
INFO: [ app_begin ] --START--
INFO: Run Behavior\ReadHtmlCacheBehavior [ RunTime:0.001000s ]
INFO: [ app_begin ] --END-- [ RunTime:0.001000s ]
INFO: [ app_end ] --START--
INFO: Run Behavior\ShowPageTraceBehavior [ RunTime:0.015600s ]
INFO: [ app_end ] --END-- [ RunTime:0.015600s ]

